[0.006s] Invoking command in '/home/baba/Desktop/Dem_ros2/build/status_dispaly': AMENT_PREFIX_PATH=/home/baba/Desktop/Dem_ros2/install/status_interfaces:${AMENT_PREFIX_PATH} CMAKE_PREFIX_PATH=/home/baba/Desktop/Dem_ros2/install/status_interfaces:/opt/ros/humble LD_LIBRARY_PATH=/home/baba/Desktop/Dem_ros2/install/status_interfaces/lib:${LD_LIBRARY_PATH} PYTHONPATH=/home/baba/Desktop/Dem_ros2/install/status_interfaces/local/lib/python3.10/dist-packages:${PYTHONPATH} /usr/bin/cmake /home/baba/Desktop/Dem_ros2/src/status_dispaly -DCMAKE_INSTALL_PREFIX=/home/baba/Desktop/Dem_ros2/install/status_dispaly
[0.042s] -- The C compiler identification is GNU 11.4.0
[0.079s] -- The CXX compiler identification is GNU 11.4.0
[0.084s] -- Detecting C compiler ABI info
[0.128s] -- Detecting C compiler ABI info - done
[0.132s] -- Check for working C compiler: /usr/bin/cc - skipped
[0.133s] -- Detecting C compile features
[0.133s] -- Detecting C compile features - done
[0.135s] -- Detecting CXX compiler ABI info
[0.185s] -- Detecting CXX compiler ABI info - done
[0.189s] -- Check for working CXX compiler: /usr/bin/c++ - skipped
[0.189s] -- Detecting CXX compile features
[0.190s] -- Detecting CXX compile features - done
[0.192s] -- Found ament_cmake: 1.3.11 (/opt/ros/humble/share/ament_cmake/cmake)
[0.285s] -- Found Python3: /usr/bin/python3 (found version "3.10.12") found components: Interpreter 
[0.338s] -- Found rclcpp: 16.0.11 (/opt/ros/humble/share/rclcpp/cmake)
[0.363s] -- Found rosidl_generator_c: 3.1.6 (/opt/ros/humble/share/rosidl_generator_c/cmake)
[0.365s] -- Found rosidl_adapter: 3.1.6 (/opt/ros/humble/share/rosidl_adapter/cmake)
[0.370s] -- Found rosidl_generator_cpp: 3.1.6 (/opt/ros/humble/share/rosidl_generator_cpp/cmake)
[0.379s] -- Using all available rosidl_typesupport_c: rosidl_typesupport_fastrtps_c;rosidl_typesupport_introspection_c
[0.388s] -- Using all available rosidl_typesupport_cpp: rosidl_typesupport_fastrtps_cpp;rosidl_typesupport_introspection_cpp
[0.420s] -- Found rmw_implementation_cmake: 6.1.2 (/opt/ros/humble/share/rmw_implementation_cmake/cmake)
[0.423s] -- Found rmw_fastrtps_cpp: 6.2.7 (/opt/ros/humble/share/rmw_fastrtps_cpp/cmake)
[0.477s] -- Found OpenSSL: /usr/lib/x86_64-linux-gnu/libcrypto.so (found version "3.0.2")  
[0.492s] -- Found FastRTPS: /opt/ros/humble/include  
[0.516s] -- Using RMW implementation 'rmw_fastrtps_cpp' as default
[0.525s] -- Looking for pthread.h
[0.574s] -- Looking for pthread.h - found
[0.576s] -- Performing Test CMAKE_HAVE_LIBC_PTHREAD
[0.622s] -- Performing Test CMAKE_HAVE_LIBC_PTHREAD - Success
[0.622s] -- Found Threads: TRUE  
[0.665s] -- Found status_interfaces: 0.0.0 (/home/baba/Desktop/Dem_ros2/install/status_interfaces/share/status_interfaces/cmake)
[0.685s] -- Found ament_lint_auto: 0.12.11 (/opt/ros/humble/share/ament_lint_auto/cmake)
[0.738s] -- Added test 'cppcheck' to perform static code analysis on C / C++ code
[0.745s] -- Configured cppcheck include dirs: 
[0.745s] -- Configured cppcheck exclude dirs and/or files: 
[0.746s] -- Added test 'lint_cmake' to check CMake code style
[0.747s] -- Added test 'uncrustify' to check C / C++ code style
[0.747s] -- Configured uncrustify additional arguments: 
[0.747s] -- Added test 'xmllint' to check XML markup files
[0.749s] -- Configuring done
[0.753s] -- Generating done
[0.756s] -- Build files have been written to: /home/baba/Desktop/Dem_ros2/build/status_dispaly
[0.763s] Invoked command in '/home/baba/Desktop/Dem_ros2/build/status_dispaly' returned '0': AMENT_PREFIX_PATH=/home/baba/Desktop/Dem_ros2/install/status_interfaces:${AMENT_PREFIX_PATH} CMAKE_PREFIX_PATH=/home/baba/Desktop/Dem_ros2/install/status_interfaces:/opt/ros/humble LD_LIBRARY_PATH=/home/baba/Desktop/Dem_ros2/install/status_interfaces/lib:${LD_LIBRARY_PATH} PYTHONPATH=/home/baba/Desktop/Dem_ros2/install/status_interfaces/local/lib/python3.10/dist-packages:${PYTHONPATH} /usr/bin/cmake /home/baba/Desktop/Dem_ros2/src/status_dispaly -DCMAKE_INSTALL_PREFIX=/home/baba/Desktop/Dem_ros2/install/status_dispaly
[0.765s] Invoking command in '/home/baba/Desktop/Dem_ros2/build/status_dispaly': AMENT_PREFIX_PATH=/home/baba/Desktop/Dem_ros2/install/status_interfaces:${AMENT_PREFIX_PATH} CMAKE_PREFIX_PATH=/home/baba/Desktop/Dem_ros2/install/status_interfaces:/opt/ros/humble LD_LIBRARY_PATH=/home/baba/Desktop/Dem_ros2/install/status_interfaces/lib:${LD_LIBRARY_PATH} PYTHONPATH=/home/baba/Desktop/Dem_ros2/install/status_interfaces/local/lib/python3.10/dist-packages:${PYTHONPATH} /usr/bin/cmake --build /home/baba/Desktop/Dem_ros2/build/status_dispaly -- -j16 -l16
[0.793s] [ 50%] [32mBuilding CXX object CMakeFiles/hello_qt.dir/src/hello_qt.cpp.o[0m
[1.413s] [100%] [32m[1mLinking CXX executable hello_qt[0m
[1.645s] [100%] Built target hello_qt
[1.654s] Invoked command in '/home/baba/Desktop/Dem_ros2/build/status_dispaly' returned '0': AMENT_PREFIX_PATH=/home/baba/Desktop/Dem_ros2/install/status_interfaces:${AMENT_PREFIX_PATH} CMAKE_PREFIX_PATH=/home/baba/Desktop/Dem_ros2/install/status_interfaces:/opt/ros/humble LD_LIBRARY_PATH=/home/baba/Desktop/Dem_ros2/install/status_interfaces/lib:${LD_LIBRARY_PATH} PYTHONPATH=/home/baba/Desktop/Dem_ros2/install/status_interfaces/local/lib/python3.10/dist-packages:${PYTHONPATH} /usr/bin/cmake --build /home/baba/Desktop/Dem_ros2/build/status_dispaly -- -j16 -l16
[1.654s] Invoking command in '/home/baba/Desktop/Dem_ros2/build/status_dispaly': AMENT_PREFIX_PATH=/home/baba/Desktop/Dem_ros2/install/status_interfaces:${AMENT_PREFIX_PATH} CMAKE_PREFIX_PATH=/home/baba/Desktop/Dem_ros2/install/status_interfaces:/opt/ros/humble LD_LIBRARY_PATH=/home/baba/Desktop/Dem_ros2/install/status_interfaces/lib:${LD_LIBRARY_PATH} PYTHONPATH=/home/baba/Desktop/Dem_ros2/install/status_interfaces/local/lib/python3.10/dist-packages:${PYTHONPATH} /usr/bin/cmake --install /home/baba/Desktop/Dem_ros2/build/status_dispaly
[1.658s] -- Install configuration: ""
[1.658s] -- Installing: /home/baba/Desktop/Dem_ros2/install/status_dispaly/lib/status_dispaly/hello_qt
[1.659s] -- Installing: /home/baba/Desktop/Dem_ros2/install/status_dispaly/share/ament_index/resource_index/package_run_dependencies/status_dispaly
[1.659s] -- Installing: /home/baba/Desktop/Dem_ros2/install/status_dispaly/share/ament_index/resource_index/parent_prefix_path/status_dispaly
[1.659s] -- Installing: /home/baba/Desktop/Dem_ros2/install/status_dispaly/share/status_dispaly/environment/ament_prefix_path.sh
[1.659s] -- Installing: /home/baba/Desktop/Dem_ros2/install/status_dispaly/share/status_dispaly/environment/ament_prefix_path.dsv
[1.659s] -- Installing: /home/baba/Desktop/Dem_ros2/install/status_dispaly/share/status_dispaly/environment/path.sh
[1.659s] -- Installing: /home/baba/Desktop/Dem_ros2/install/status_dispaly/share/status_dispaly/environment/path.dsv
[1.660s] -- Installing: /home/baba/Desktop/Dem_ros2/install/status_dispaly/share/status_dispaly/local_setup.bash
[1.660s] -- Installing: /home/baba/Desktop/Dem_ros2/install/status_dispaly/share/status_dispaly/local_setup.sh
[1.660s] -- Installing: /home/baba/Desktop/Dem_ros2/install/status_dispaly/share/status_dispaly/local_setup.zsh
[1.660s] -- Installing: /home/baba/Desktop/Dem_ros2/install/status_dispaly/share/status_dispaly/local_setup.dsv
[1.660s] -- Installing: /home/baba/Desktop/Dem_ros2/install/status_dispaly/share/status_dispaly/package.dsv
[1.660s] -- Installing: /home/baba/Desktop/Dem_ros2/install/status_dispaly/share/ament_index/resource_index/packages/status_dispaly
[1.660s] -- Installing: /home/baba/Desktop/Dem_ros2/install/status_dispaly/share/status_dispaly/cmake/status_dispalyConfig.cmake
[1.660s] -- Installing: /home/baba/Desktop/Dem_ros2/install/status_dispaly/share/status_dispaly/cmake/status_dispalyConfig-version.cmake
[1.660s] -- Installing: /home/baba/Desktop/Dem_ros2/install/status_dispaly/share/status_dispaly/package.xml
[1.661s] Invoked command in '/home/baba/Desktop/Dem_ros2/build/status_dispaly' returned '0': AMENT_PREFIX_PATH=/home/baba/Desktop/Dem_ros2/install/status_interfaces:${AMENT_PREFIX_PATH} CMAKE_PREFIX_PATH=/home/baba/Desktop/Dem_ros2/install/status_interfaces:/opt/ros/humble LD_LIBRARY_PATH=/home/baba/Desktop/Dem_ros2/install/status_interfaces/lib:${LD_LIBRARY_PATH} PYTHONPATH=/home/baba/Desktop/Dem_ros2/install/status_interfaces/local/lib/python3.10/dist-packages:${PYTHONPATH} /usr/bin/cmake --install /home/baba/Desktop/Dem_ros2/build/status_dispaly
