[0.011s] Invoking command in '/home/baba/Desktop/Dem_ros2/build/status_display': AMENT_PREFIX_PATH=/home/baba/Desktop/Dem_ros2/install/status_interfaces:${AMENT_PREFIX_PATH} CMAKE_PREFIX_PATH=/home/baba/Desktop/Dem_ros2/install/status_interfaces:/opt/ros/humble LD_LIBRARY_PATH=/home/baba/Desktop/Dem_ros2/install/status_interfaces/lib:${LD_LIBRARY_PATH} PYTHONPATH=/home/baba/Desktop/Dem_ros2/install/status_interfaces/local/lib/python3.10/dist-packages:${PYTHONPATH} /usr/bin/cmake --build /home/baba/Desktop/Dem_ros2/build/status_display -- -j16 -l16
[0.048s] [35m[1mConsolidate compiler generated dependencies of target sys_status_display[0m
[0.055s] [ 50%] Built target hello_qt
[0.063s] [100%] Built target sys_status_display
[0.071s] Invoked command in '/home/baba/Desktop/Dem_ros2/build/status_display' returned '0': AMENT_PREFIX_PATH=/home/baba/Desktop/Dem_ros2/install/status_interfaces:${AMENT_PREFIX_PATH} CMAKE_PREFIX_PATH=/home/baba/Desktop/Dem_ros2/install/status_interfaces:/opt/ros/humble LD_LIBRARY_PATH=/home/baba/Desktop/Dem_ros2/install/status_interfaces/lib:${LD_LIBRARY_PATH} PYTHONPATH=/home/baba/Desktop/Dem_ros2/install/status_interfaces/local/lib/python3.10/dist-packages:${PYTHONPATH} /usr/bin/cmake --build /home/baba/Desktop/Dem_ros2/build/status_display -- -j16 -l16
[0.075s] Invoking command in '/home/baba/Desktop/Dem_ros2/build/status_display': AMENT_PREFIX_PATH=/home/baba/Desktop/Dem_ros2/install/status_interfaces:${AMENT_PREFIX_PATH} CMAKE_PREFIX_PATH=/home/baba/Desktop/Dem_ros2/install/status_interfaces:/opt/ros/humble LD_LIBRARY_PATH=/home/baba/Desktop/Dem_ros2/install/status_interfaces/lib:${LD_LIBRARY_PATH} PYTHONPATH=/home/baba/Desktop/Dem_ros2/install/status_interfaces/local/lib/python3.10/dist-packages:${PYTHONPATH} /usr/bin/cmake --install /home/baba/Desktop/Dem_ros2/build/status_display
[0.081s] -- Install configuration: ""
[0.082s] -- Up-to-date: /home/baba/Desktop/Dem_ros2/install/status_display/lib/status_display/hello_qt
[0.083s] -- Up-to-date: /home/baba/Desktop/Dem_ros2/install/status_display/lib/status_display/sys_status_display
[0.084s] -- Up-to-date: /home/baba/Desktop/Dem_ros2/install/status_display/share/ament_index/resource_index/package_run_dependencies/status_display
[0.084s] -- Up-to-date: /home/baba/Desktop/Dem_ros2/install/status_display/share/ament_index/resource_index/parent_prefix_path/status_display
[0.085s] -- Up-to-date: /home/baba/Desktop/Dem_ros2/install/status_display/share/status_display/environment/ament_prefix_path.sh
[0.085s] -- Up-to-date: /home/baba/Desktop/Dem_ros2/install/status_display/share/status_display/environment/ament_prefix_path.dsv
[0.086s] -- Up-to-date: /home/baba/Desktop/Dem_ros2/install/status_display/share/status_display/environment/path.sh
[0.086s] -- Up-to-date: /home/baba/Desktop/Dem_ros2/install/status_display/share/status_display/environment/path.dsv
[0.086s] -- Up-to-date: /home/baba/Desktop/Dem_ros2/install/status_display/share/status_display/local_setup.bash
[0.086s] -- Up-to-date: /home/baba/Desktop/Dem_ros2/install/status_display/share/status_display/local_setup.sh
[0.086s] -- Up-to-date: /home/baba/Desktop/Dem_ros2/install/status_display/share/status_display/local_setup.zsh
[0.086s] -- Up-to-date: /home/baba/Desktop/Dem_ros2/install/status_display/share/status_display/local_setup.dsv
[0.086s] -- Installing: /home/baba/Desktop/Dem_ros2/install/status_display/share/status_display/package.dsv
[0.086s] -- Up-to-date: /home/baba/Desktop/Dem_ros2/install/status_display/share/ament_index/resource_index/packages/status_display
[0.086s] -- Up-to-date: /home/baba/Desktop/Dem_ros2/install/status_display/share/status_display/cmake/status_displayConfig.cmake
[0.087s] -- Up-to-date: /home/baba/Desktop/Dem_ros2/install/status_display/share/status_display/cmake/status_displayConfig-version.cmake
[0.087s] -- Up-to-date: /home/baba/Desktop/Dem_ros2/install/status_display/share/status_display/package.xml
[0.089s] Invoked command in '/home/baba/Desktop/Dem_ros2/build/status_display' returned '0': AMENT_PREFIX_PATH=/home/baba/Desktop/Dem_ros2/install/status_interfaces:${AMENT_PREFIX_PATH} CMAKE_PREFIX_PATH=/home/baba/Desktop/Dem_ros2/install/status_interfaces:/opt/ros/humble LD_LIBRARY_PATH=/home/baba/Desktop/Dem_ros2/install/status_interfaces/lib:${LD_LIBRARY_PATH} PYTHONPATH=/home/baba/Desktop/Dem_ros2/install/status_interfaces/local/lib/python3.10/dist-packages:${PYTHONPATH} /usr/bin/cmake --install /home/baba/Desktop/Dem_ros2/build/status_display
