[0.043s] Invoking command in '/home/baba/Desktop/Dem_ros2/build/dem_cpp_topic': CMAKE_PREFIX_PATH=/opt/ros/humble /usr/bin/cmake --build /home/baba/Desktop/Dem_ros2/build/dem_cpp_topic -- -j16 -l16
[0.075s] [35m[1mConsolidate compiler generated dependencies of target turtlesim_cicle[0m
[0.075s] [35m[1mConsolidate compiler generated dependencies of target turtle_control[0m
[0.096s] [ 50%] Built target turtlesim_cicle
[0.096s] [100%] Built target turtle_control
[0.111s] Invoked command in '/home/baba/Desktop/Dem_ros2/build/dem_cpp_topic' returned '0': CMAKE_PREFIX_PATH=/opt/ros/humble /usr/bin/cmake --build /home/baba/Desktop/Dem_ros2/build/dem_cpp_topic -- -j16 -l16
[0.112s] Invoking command in '/home/baba/Desktop/Dem_ros2/build/dem_cpp_topic': CMAKE_PREFIX_PATH=/opt/ros/humble /usr/bin/cmake --install /home/baba/Desktop/Dem_ros2/build/dem_cpp_topic
[0.117s] -- Install configuration: ""
[0.117s] -- Installing: /home/baba/Desktop/Dem_ros2/install/dem_cpp_topic/lib/dem_cpp_topic/turtlesim_cicle
[0.118s] -- Set runtime path of "/home/baba/Desktop/Dem_ros2/install/dem_cpp_topic/lib/dem_cpp_topic/turtlesim_cicle" to ""
[0.118s] -- Installing: /home/baba/Desktop/Dem_ros2/install/dem_cpp_topic/lib/dem_cpp_topic/turtle_control
[0.120s] -- Set runtime path of "/home/baba/Desktop/Dem_ros2/install/dem_cpp_topic/lib/dem_cpp_topic/turtle_control" to ""
[0.121s] -- Installing: /home/baba/Desktop/Dem_ros2/install/dem_cpp_topic/share/ament_index/resource_index/package_run_dependencies/dem_cpp_topic
[0.121s] -- Installing: /home/baba/Desktop/Dem_ros2/install/dem_cpp_topic/share/ament_index/resource_index/parent_prefix_path/dem_cpp_topic
[0.121s] -- Installing: /home/baba/Desktop/Dem_ros2/install/dem_cpp_topic/share/dem_cpp_topic/environment/ament_prefix_path.sh
[0.121s] -- Installing: /home/baba/Desktop/Dem_ros2/install/dem_cpp_topic/share/dem_cpp_topic/environment/ament_prefix_path.dsv
[0.121s] -- Installing: /home/baba/Desktop/Dem_ros2/install/dem_cpp_topic/share/dem_cpp_topic/environment/path.sh
[0.121s] -- Installing: /home/baba/Desktop/Dem_ros2/install/dem_cpp_topic/share/dem_cpp_topic/environment/path.dsv
[0.121s] -- Installing: /home/baba/Desktop/Dem_ros2/install/dem_cpp_topic/share/dem_cpp_topic/local_setup.bash
[0.121s] -- Installing: /home/baba/Desktop/Dem_ros2/install/dem_cpp_topic/share/dem_cpp_topic/local_setup.sh
[0.122s] -- Installing: /home/baba/Desktop/Dem_ros2/install/dem_cpp_topic/share/dem_cpp_topic/local_setup.zsh
[0.122s] -- Installing: /home/baba/Desktop/Dem_ros2/install/dem_cpp_topic/share/dem_cpp_topic/local_setup.dsv
[0.122s] -- Installing: /home/baba/Desktop/Dem_ros2/install/dem_cpp_topic/share/dem_cpp_topic/package.dsv
[0.122s] -- Installing: /home/baba/Desktop/Dem_ros2/install/dem_cpp_topic/share/ament_index/resource_index/packages/dem_cpp_topic
[0.122s] -- Installing: /home/baba/Desktop/Dem_ros2/install/dem_cpp_topic/share/dem_cpp_topic/cmake/dem_cpp_topicConfig.cmake
[0.122s] -- Installing: /home/baba/Desktop/Dem_ros2/install/dem_cpp_topic/share/dem_cpp_topic/cmake/dem_cpp_topicConfig-version.cmake
[0.122s] -- Installing: /home/baba/Desktop/Dem_ros2/install/dem_cpp_topic/share/dem_cpp_topic/package.xml
[0.137s] Invoked command in '/home/baba/Desktop/Dem_ros2/build/dem_cpp_topic' returned '0': CMAKE_PREFIX_PATH=/opt/ros/humble /usr/bin/cmake --install /home/baba/Desktop/Dem_ros2/build/dem_cpp_topic
