[0.014s] Invoking command in '/home/baba/Desktop/Dem_ros2/build/dem_cpp_topic': CMAKE_PREFIX_PATH=${CMAKE_PREFIX_PATH}:/opt/ros/humble /usr/bin/cmake --build /home/baba/Desktop/Dem_ros2/build/dem_cpp_topic -- -j16 -l16
[0.047s] [35m[1mConsolidate compiler generated dependencies of target robot_control[0m
[0.051s] [ 33%] Built target turtle_control
[0.053s] [ 66%] Built target turtlesim_cicle
[0.065s] [ 83%] [32mBuilding CXX object CMakeFiles/robot_control.dir/src/robot_control.cpp.o[0m
[5.685s] [100%] [32m[1mLinking CXX executable robot_control[0m
[5.952s] [100%] Built target robot_control
[5.960s] Invoked command in '/home/baba/Desktop/Dem_ros2/build/dem_cpp_topic' returned '0': CMAKE_PREFIX_PATH=${CMAKE_PREFIX_PATH}:/opt/ros/humble /usr/bin/cmake --build /home/baba/Desktop/Dem_ros2/build/dem_cpp_topic -- -j16 -l16
[5.963s] Invoking command in '/home/baba/Desktop/Dem_ros2/build/dem_cpp_topic': CMAKE_PREFIX_PATH=${CMAKE_PREFIX_PATH}:/opt/ros/humble /usr/bin/cmake --install /home/baba/Desktop/Dem_ros2/build/dem_cpp_topic
[5.967s] -- Install configuration: ""
[5.968s] -- Up-to-date: /home/baba/Desktop/Dem_ros2/install/dem_cpp_topic/lib/dem_cpp_topic/turtlesim_cicle
[5.968s] -- Up-to-date: /home/baba/Desktop/Dem_ros2/install/dem_cpp_topic/lib/dem_cpp_topic/turtle_control
[5.968s] -- Installing: /home/baba/Desktop/Dem_ros2/install/dem_cpp_topic/lib/dem_cpp_topic/robot_control
[5.971s] -- Set runtime path of "/home/baba/Desktop/Dem_ros2/install/dem_cpp_topic/lib/dem_cpp_topic/robot_control" to ""
[5.972s] -- Up-to-date: /home/baba/Desktop/Dem_ros2/install/dem_cpp_topic/share/ament_index/resource_index/package_run_dependencies/dem_cpp_topic
[5.972s] -- Up-to-date: /home/baba/Desktop/Dem_ros2/install/dem_cpp_topic/share/ament_index/resource_index/parent_prefix_path/dem_cpp_topic
[5.973s] -- Up-to-date: /home/baba/Desktop/Dem_ros2/install/dem_cpp_topic/share/dem_cpp_topic/environment/ament_prefix_path.sh
[5.973s] -- Up-to-date: /home/baba/Desktop/Dem_ros2/install/dem_cpp_topic/share/dem_cpp_topic/environment/ament_prefix_path.dsv
[5.973s] -- Up-to-date: /home/baba/Desktop/Dem_ros2/install/dem_cpp_topic/share/dem_cpp_topic/environment/path.sh
[5.973s] -- Up-to-date: /home/baba/Desktop/Dem_ros2/install/dem_cpp_topic/share/dem_cpp_topic/environment/path.dsv
[5.974s] -- Up-to-date: /home/baba/Desktop/Dem_ros2/install/dem_cpp_topic/share/dem_cpp_topic/local_setup.bash
[5.974s] -- Up-to-date: /home/baba/Desktop/Dem_ros2/install/dem_cpp_topic/share/dem_cpp_topic/local_setup.sh
[5.974s] -- Up-to-date: /home/baba/Desktop/Dem_ros2/install/dem_cpp_topic/share/dem_cpp_topic/local_setup.zsh
[5.974s] -- Up-to-date: /home/baba/Desktop/Dem_ros2/install/dem_cpp_topic/share/dem_cpp_topic/local_setup.dsv
[5.974s] -- Installing: /home/baba/Desktop/Dem_ros2/install/dem_cpp_topic/share/dem_cpp_topic/package.dsv
[5.974s] -- Up-to-date: /home/baba/Desktop/Dem_ros2/install/dem_cpp_topic/share/ament_index/resource_index/packages/dem_cpp_topic
[5.974s] -- Up-to-date: /home/baba/Desktop/Dem_ros2/install/dem_cpp_topic/share/dem_cpp_topic/cmake/dem_cpp_topicConfig.cmake
[5.974s] -- Up-to-date: /home/baba/Desktop/Dem_ros2/install/dem_cpp_topic/share/dem_cpp_topic/cmake/dem_cpp_topicConfig-version.cmake
[5.974s] -- Up-to-date: /home/baba/Desktop/Dem_ros2/install/dem_cpp_topic/share/dem_cpp_topic/package.xml
[5.976s] Invoked command in '/home/baba/Desktop/Dem_ros2/build/dem_cpp_topic' returned '0': CMAKE_PREFIX_PATH=${CMAKE_PREFIX_PATH}:/opt/ros/humble /usr/bin/cmake --install /home/baba/Desktop/Dem_ros2/build/dem_cpp_topic
