[0.092s] DEBUG:colcon:Command line arguments: ['/usr/bin/colcon', 'build']
[0.092s] DEBUG:colcon:Parsed command line arguments: Namespace(log_base=None, log_level=None, verb_name='build', build_base='build', install_base='install', merge_install=False, symlink_install=False, test_result_base=None, continue_on_error=False, executor='parallel', parallel_workers=16, event_handlers=None, ignore_user_meta=False, metas=['./colcon.meta'], base_paths=['.'], packages_ignore=None, packages_ignore_regex=None, paths=None, packages_up_to=None, packages_up_to_regex=None, packages_above=None, packages_above_and_dependencies=None, packages_above_depth=None, packages_select_by_dep=None, packages_skip_by_dep=None, packages_skip_up_to=None, packages_select_build_failed=False, packages_skip_build_finished=False, packages_select_test_failures=False, packages_skip_test_passed=False, packages_select=None, packages_skip=None, packages_select_regex=None, packages_skip_regex=None, packages_start=None, packages_end=None, allow_overriding=[], cmake_args=None, cmake_target=None, cmake_target_skip_unavailable=False, cmake_clean_cache=False, cmake_clean_first=False, cmake_force_configure=False, ament_cmake_args=None, catkin_cmake_args=None, catkin_skip_building_tests=False, verb_parser=<colcon_defaults.argument_parser.defaults.DefaultArgumentsDecorator object at 0x795e95338610>, verb_extension=<colcon_core.verb.build.BuildVerb object at 0x795e954419f0>, main=<bound method BuildVerb.main of <colcon_core.verb.build.BuildVerb object at 0x795e954419f0>>)
[0.232s] Level 1:colcon.colcon_core.package_discovery:discover_packages(colcon_meta) check parameters
[0.232s] Level 1:colcon.colcon_core.package_discovery:discover_packages(recursive) check parameters
[0.233s] Level 1:colcon.colcon_core.package_discovery:discover_packages(ignore) check parameters
[0.233s] Level 1:colcon.colcon_core.package_discovery:discover_packages(path) check parameters
[0.233s] Level 1:colcon.colcon_core.package_discovery:discover_packages(colcon_meta) discover
[0.233s] Level 1:colcon.colcon_core.package_discovery:discover_packages(recursive) discover
[0.233s] INFO:colcon.colcon_core.package_discovery:Crawling recursively for packages in '/home/baba/Desktop/Dem_ros2'
[0.233s] Level 1:colcon.colcon_core.package_identification:_identify(.) by extensions ['ignore', 'ignore_ament_install']
[0.233s] Level 1:colcon.colcon_core.package_identification:_identify(.) by extension 'ignore'
[0.233s] Level 1:colcon.colcon_core.package_identification:_identify(.) by extension 'ignore_ament_install'
[0.233s] Level 1:colcon.colcon_core.package_identification:_identify(.) by extensions ['colcon_pkg']
[0.233s] Level 1:colcon.colcon_core.package_identification:_identify(.) by extension 'colcon_pkg'
[0.233s] Level 1:colcon.colcon_core.package_identification:_identify(.) by extensions ['colcon_meta']
[0.233s] Level 1:colcon.colcon_core.package_identification:_identify(.) by extension 'colcon_meta'
[0.233s] Level 1:colcon.colcon_core.package_identification:_identify(.) by extensions ['ros']
[0.233s] Level 1:colcon.colcon_core.package_identification:_identify(.) by extension 'ros'
[0.242s] Level 1:colcon.colcon_core.package_identification:_identify(.) by extensions ['cmake', 'python']
[0.242s] Level 1:colcon.colcon_core.package_identification:_identify(.) by extension 'cmake'
[0.242s] Level 1:colcon.colcon_core.package_identification:_identify(.) by extension 'python'
[0.242s] Level 1:colcon.colcon_core.package_identification:_identify(.) by extensions ['python_setup_py']
[0.242s] Level 1:colcon.colcon_core.package_identification:_identify(.) by extension 'python_setup_py'
[0.242s] Level 1:colcon.colcon_core.package_identification:_identify(build) by extensions ['ignore', 'ignore_ament_install']
[0.242s] Level 1:colcon.colcon_core.package_identification:_identify(build) by extension 'ignore'
[0.242s] Level 1:colcon.colcon_core.package_identification:_identify(build) ignored
[0.242s] Level 1:colcon.colcon_core.package_identification:_identify(install) by extensions ['ignore', 'ignore_ament_install']
[0.242s] Level 1:colcon.colcon_core.package_identification:_identify(install) by extension 'ignore'
[0.243s] Level 1:colcon.colcon_core.package_identification:_identify(install) ignored
[0.243s] Level 1:colcon.colcon_core.package_identification:_identify(log) by extensions ['ignore', 'ignore_ament_install']
[0.243s] Level 1:colcon.colcon_core.package_identification:_identify(log) by extension 'ignore'
[0.243s] Level 1:colcon.colcon_core.package_identification:_identify(log) ignored
[0.243s] Level 1:colcon.colcon_core.package_identification:_identify(src) by extensions ['ignore', 'ignore_ament_install']
[0.243s] Level 1:colcon.colcon_core.package_identification:_identify(src) by extension 'ignore'
[0.243s] Level 1:colcon.colcon_core.package_identification:_identify(src) by extension 'ignore_ament_install'
[0.243s] Level 1:colcon.colcon_core.package_identification:_identify(src) by extensions ['colcon_pkg']
[0.243s] Level 1:colcon.colcon_core.package_identification:_identify(src) by extension 'colcon_pkg'
[0.243s] Level 1:colcon.colcon_core.package_identification:_identify(src) by extensions ['colcon_meta']
[0.243s] Level 1:colcon.colcon_core.package_identification:_identify(src) by extension 'colcon_meta'
[0.243s] Level 1:colcon.colcon_core.package_identification:_identify(src) by extensions ['ros']
[0.243s] Level 1:colcon.colcon_core.package_identification:_identify(src) by extension 'ros'
[0.243s] Level 1:colcon.colcon_core.package_identification:_identify(src) by extensions ['cmake', 'python']
[0.243s] Level 1:colcon.colcon_core.package_identification:_identify(src) by extension 'cmake'
[0.243s] Level 1:colcon.colcon_core.package_identification:_identify(src) by extension 'python'
[0.243s] Level 1:colcon.colcon_core.package_identification:_identify(src) by extensions ['python_setup_py']
[0.243s] Level 1:colcon.colcon_core.package_identification:_identify(src) by extension 'python_setup_py'
[0.243s] Level 1:colcon.colcon_core.package_identification:_identify(src/dem_cpp_pkg) by extensions ['ignore', 'ignore_ament_install']
[0.243s] Level 1:colcon.colcon_core.package_identification:_identify(src/dem_cpp_pkg) by extension 'ignore'
[0.244s] Level 1:colcon.colcon_core.package_identification:_identify(src/dem_cpp_pkg) by extension 'ignore_ament_install'
[0.244s] Level 1:colcon.colcon_core.package_identification:_identify(src/dem_cpp_pkg) by extensions ['colcon_pkg']
[0.244s] Level 1:colcon.colcon_core.package_identification:_identify(src/dem_cpp_pkg) by extension 'colcon_pkg'
[0.244s] Level 1:colcon.colcon_core.package_identification:_identify(src/dem_cpp_pkg) by extensions ['colcon_meta']
[0.244s] Level 1:colcon.colcon_core.package_identification:_identify(src/dem_cpp_pkg) by extension 'colcon_meta'
[0.244s] Level 1:colcon.colcon_core.package_identification:_identify(src/dem_cpp_pkg) by extensions ['ros']
[0.244s] Level 1:colcon.colcon_core.package_identification:_identify(src/dem_cpp_pkg) by extension 'ros'
[0.246s] DEBUG:colcon.colcon_core.package_identification:Package 'src/dem_cpp_pkg' with type 'ros.ament_cmake' and name 'dem_cpp_pkg'
[0.246s] Level 1:colcon.colcon_core.package_identification:_identify(src/dem_cpp_topic) by extensions ['ignore', 'ignore_ament_install']
[0.246s] Level 1:colcon.colcon_core.package_identification:_identify(src/dem_cpp_topic) by extension 'ignore'
[0.246s] Level 1:colcon.colcon_core.package_identification:_identify(src/dem_cpp_topic) by extension 'ignore_ament_install'
[0.246s] Level 1:colcon.colcon_core.package_identification:_identify(src/dem_cpp_topic) by extensions ['colcon_pkg']
[0.246s] Level 1:colcon.colcon_core.package_identification:_identify(src/dem_cpp_topic) by extension 'colcon_pkg'
[0.246s] Level 1:colcon.colcon_core.package_identification:_identify(src/dem_cpp_topic) by extensions ['colcon_meta']
[0.246s] Level 1:colcon.colcon_core.package_identification:_identify(src/dem_cpp_topic) by extension 'colcon_meta'
[0.246s] Level 1:colcon.colcon_core.package_identification:_identify(src/dem_cpp_topic) by extensions ['ros']
[0.246s] Level 1:colcon.colcon_core.package_identification:_identify(src/dem_cpp_topic) by extension 'ros'
[0.247s] DEBUG:colcon.colcon_core.package_identification:Package 'src/dem_cpp_topic' with type 'ros.ament_cmake' and name 'dem_cpp_topic'
[0.247s] Level 1:colcon.colcon_core.package_identification:_identify(src/status_display) by extensions ['ignore', 'ignore_ament_install']
[0.247s] Level 1:colcon.colcon_core.package_identification:_identify(src/status_display) by extension 'ignore'
[0.247s] Level 1:colcon.colcon_core.package_identification:_identify(src/status_display) by extension 'ignore_ament_install'
[0.247s] Level 1:colcon.colcon_core.package_identification:_identify(src/status_display) by extensions ['colcon_pkg']
[0.247s] Level 1:colcon.colcon_core.package_identification:_identify(src/status_display) by extension 'colcon_pkg'
[0.247s] Level 1:colcon.colcon_core.package_identification:_identify(src/status_display) by extensions ['colcon_meta']
[0.247s] Level 1:colcon.colcon_core.package_identification:_identify(src/status_display) by extension 'colcon_meta'
[0.247s] Level 1:colcon.colcon_core.package_identification:_identify(src/status_display) by extensions ['ros']
[0.247s] Level 1:colcon.colcon_core.package_identification:_identify(src/status_display) by extension 'ros'
[0.248s] DEBUG:colcon.colcon_core.package_identification:Package 'src/status_display' with type 'ros.ament_cmake' and name 'status_display'
[0.248s] Level 1:colcon.colcon_core.package_identification:_identify(src/status_interfaces) by extensions ['ignore', 'ignore_ament_install']
[0.248s] Level 1:colcon.colcon_core.package_identification:_identify(src/status_interfaces) by extension 'ignore'
[0.248s] Level 1:colcon.colcon_core.package_identification:_identify(src/status_interfaces) by extension 'ignore_ament_install'
[0.248s] Level 1:colcon.colcon_core.package_identification:_identify(src/status_interfaces) by extensions ['colcon_pkg']
[0.248s] Level 1:colcon.colcon_core.package_identification:_identify(src/status_interfaces) by extension 'colcon_pkg'
[0.248s] Level 1:colcon.colcon_core.package_identification:_identify(src/status_interfaces) by extensions ['colcon_meta']
[0.248s] Level 1:colcon.colcon_core.package_identification:_identify(src/status_interfaces) by extension 'colcon_meta'
[0.249s] Level 1:colcon.colcon_core.package_identification:_identify(src/status_interfaces) by extensions ['ros']
[0.249s] Level 1:colcon.colcon_core.package_identification:_identify(src/status_interfaces) by extension 'ros'
[0.249s] DEBUG:colcon.colcon_core.package_identification:Package 'src/status_interfaces' with type 'ros.ament_cmake' and name 'status_interfaces'
[0.249s] Level 1:colcon.colcon_core.package_discovery:discover_packages(recursive) using defaults
[0.249s] Level 1:colcon.colcon_core.package_discovery:discover_packages(ignore) discover
[0.249s] Level 1:colcon.colcon_core.package_discovery:discover_packages(ignore) using defaults
[0.249s] Level 1:colcon.colcon_core.package_discovery:discover_packages(path) discover
[0.249s] Level 1:colcon.colcon_core.package_discovery:discover_packages(path) using defaults
[0.267s] Level 1:colcon.colcon_core.package_discovery:discover_packages(prefix_path) check parameters
[0.267s] Level 1:colcon.colcon_core.package_discovery:discover_packages(prefix_path) discover
[0.268s] DEBUG:colcon.colcon_installed_package_information.package_discovery:Found 4 installed packages in /home/baba/Desktop/Dem_ros2/install
[0.269s] DEBUG:colcon.colcon_installed_package_information.package_discovery:Found 270 installed packages in /opt/ros/humble
[0.277s] Level 1:colcon.colcon_core.package_discovery:discover_packages(prefix_path) using defaults
[0.298s] Level 5:colcon.colcon_core.verb:set package 'dem_cpp_pkg' build argument 'cmake_args' from command line to 'None'
[0.299s] Level 5:colcon.colcon_core.verb:set package 'dem_cpp_pkg' build argument 'cmake_target' from command line to 'None'
[0.299s] Level 5:colcon.colcon_core.verb:set package 'dem_cpp_pkg' build argument 'cmake_target_skip_unavailable' from command line to 'False'
[0.299s] Level 5:colcon.colcon_core.verb:set package 'dem_cpp_pkg' build argument 'cmake_clean_cache' from command line to 'False'
[0.299s] Level 5:colcon.colcon_core.verb:set package 'dem_cpp_pkg' build argument 'cmake_clean_first' from command line to 'False'
[0.299s] Level 5:colcon.colcon_core.verb:set package 'dem_cpp_pkg' build argument 'cmake_force_configure' from command line to 'False'
[0.299s] Level 5:colcon.colcon_core.verb:set package 'dem_cpp_pkg' build argument 'ament_cmake_args' from command line to 'None'
[0.299s] Level 5:colcon.colcon_core.verb:set package 'dem_cpp_pkg' build argument 'catkin_cmake_args' from command line to 'None'
[0.299s] Level 5:colcon.colcon_core.verb:set package 'dem_cpp_pkg' build argument 'catkin_skip_building_tests' from command line to 'False'
[0.299s] DEBUG:colcon.colcon_core.verb:Building package 'dem_cpp_pkg' with the following arguments: {'ament_cmake_args': None, 'build_base': '/home/baba/Desktop/Dem_ros2/build/dem_cpp_pkg', 'catkin_cmake_args': None, 'catkin_skip_building_tests': False, 'cmake_args': None, 'cmake_clean_cache': False, 'cmake_clean_first': False, 'cmake_force_configure': False, 'cmake_target': None, 'cmake_target_skip_unavailable': False, 'install_base': '/home/baba/Desktop/Dem_ros2/install/dem_cpp_pkg', 'merge_install': False, 'path': '/home/baba/Desktop/Dem_ros2/src/dem_cpp_pkg', 'symlink_install': False, 'test_result_base': None}
[0.299s] Level 5:colcon.colcon_core.verb:set package 'dem_cpp_topic' build argument 'cmake_args' from command line to 'None'
[0.299s] Level 5:colcon.colcon_core.verb:set package 'dem_cpp_topic' build argument 'cmake_target' from command line to 'None'
[0.299s] Level 5:colcon.colcon_core.verb:set package 'dem_cpp_topic' build argument 'cmake_target_skip_unavailable' from command line to 'False'
[0.299s] Level 5:colcon.colcon_core.verb:set package 'dem_cpp_topic' build argument 'cmake_clean_cache' from command line to 'False'
[0.299s] Level 5:colcon.colcon_core.verb:set package 'dem_cpp_topic' build argument 'cmake_clean_first' from command line to 'False'
[0.299s] Level 5:colcon.colcon_core.verb:set package 'dem_cpp_topic' build argument 'cmake_force_configure' from command line to 'False'
[0.299s] Level 5:colcon.colcon_core.verb:set package 'dem_cpp_topic' build argument 'ament_cmake_args' from command line to 'None'
[0.299s] Level 5:colcon.colcon_core.verb:set package 'dem_cpp_topic' build argument 'catkin_cmake_args' from command line to 'None'
[0.299s] Level 5:colcon.colcon_core.verb:set package 'dem_cpp_topic' build argument 'catkin_skip_building_tests' from command line to 'False'
[0.299s] DEBUG:colcon.colcon_core.verb:Building package 'dem_cpp_topic' with the following arguments: {'ament_cmake_args': None, 'build_base': '/home/baba/Desktop/Dem_ros2/build/dem_cpp_topic', 'catkin_cmake_args': None, 'catkin_skip_building_tests': False, 'cmake_args': None, 'cmake_clean_cache': False, 'cmake_clean_first': False, 'cmake_force_configure': False, 'cmake_target': None, 'cmake_target_skip_unavailable': False, 'install_base': '/home/baba/Desktop/Dem_ros2/install/dem_cpp_topic', 'merge_install': False, 'path': '/home/baba/Desktop/Dem_ros2/src/dem_cpp_topic', 'symlink_install': False, 'test_result_base': None}
[0.299s] Level 5:colcon.colcon_core.verb:set package 'status_interfaces' build argument 'cmake_args' from command line to 'None'
[0.299s] Level 5:colcon.colcon_core.verb:set package 'status_interfaces' build argument 'cmake_target' from command line to 'None'
[0.299s] Level 5:colcon.colcon_core.verb:set package 'status_interfaces' build argument 'cmake_target_skip_unavailable' from command line to 'False'
[0.299s] Level 5:colcon.colcon_core.verb:set package 'status_interfaces' build argument 'cmake_clean_cache' from command line to 'False'
[0.299s] Level 5:colcon.colcon_core.verb:set package 'status_interfaces' build argument 'cmake_clean_first' from command line to 'False'
[0.299s] Level 5:colcon.colcon_core.verb:set package 'status_interfaces' build argument 'cmake_force_configure' from command line to 'False'
[0.300s] Level 5:colcon.colcon_core.verb:set package 'status_interfaces' build argument 'ament_cmake_args' from command line to 'None'
[0.300s] Level 5:colcon.colcon_core.verb:set package 'status_interfaces' build argument 'catkin_cmake_args' from command line to 'None'
[0.300s] Level 5:colcon.colcon_core.verb:set package 'status_interfaces' build argument 'catkin_skip_building_tests' from command line to 'False'
[0.300s] DEBUG:colcon.colcon_core.verb:Building package 'status_interfaces' with the following arguments: {'ament_cmake_args': None, 'build_base': '/home/baba/Desktop/Dem_ros2/build/status_interfaces', 'catkin_cmake_args': None, 'catkin_skip_building_tests': False, 'cmake_args': None, 'cmake_clean_cache': False, 'cmake_clean_first': False, 'cmake_force_configure': False, 'cmake_target': None, 'cmake_target_skip_unavailable': False, 'install_base': '/home/baba/Desktop/Dem_ros2/install/status_interfaces', 'merge_install': False, 'path': '/home/baba/Desktop/Dem_ros2/src/status_interfaces', 'symlink_install': False, 'test_result_base': None}
[0.300s] Level 5:colcon.colcon_core.verb:set package 'status_display' build argument 'cmake_args' from command line to 'None'
[0.300s] Level 5:colcon.colcon_core.verb:set package 'status_display' build argument 'cmake_target' from command line to 'None'
[0.300s] Level 5:colcon.colcon_core.verb:set package 'status_display' build argument 'cmake_target_skip_unavailable' from command line to 'False'
[0.300s] Level 5:colcon.colcon_core.verb:set package 'status_display' build argument 'cmake_clean_cache' from command line to 'False'
[0.300s] Level 5:colcon.colcon_core.verb:set package 'status_display' build argument 'cmake_clean_first' from command line to 'False'
[0.300s] Level 5:colcon.colcon_core.verb:set package 'status_display' build argument 'cmake_force_configure' from command line to 'False'
[0.300s] Level 5:colcon.colcon_core.verb:set package 'status_display' build argument 'ament_cmake_args' from command line to 'None'
[0.300s] Level 5:colcon.colcon_core.verb:set package 'status_display' build argument 'catkin_cmake_args' from command line to 'None'
[0.300s] Level 5:colcon.colcon_core.verb:set package 'status_display' build argument 'catkin_skip_building_tests' from command line to 'False'
[0.300s] DEBUG:colcon.colcon_core.verb:Building package 'status_display' with the following arguments: {'ament_cmake_args': None, 'build_base': '/home/baba/Desktop/Dem_ros2/build/status_display', 'catkin_cmake_args': None, 'catkin_skip_building_tests': False, 'cmake_args': None, 'cmake_clean_cache': False, 'cmake_clean_first': False, 'cmake_force_configure': False, 'cmake_target': None, 'cmake_target_skip_unavailable': False, 'install_base': '/home/baba/Desktop/Dem_ros2/install/status_display', 'merge_install': False, 'path': '/home/baba/Desktop/Dem_ros2/src/status_display', 'symlink_install': False, 'test_result_base': None}
[0.300s] INFO:colcon.colcon_core.executor:Executing jobs using 'parallel' executor
[0.301s] DEBUG:colcon.colcon_parallel_executor.executor.parallel:run_until_complete
[0.301s] INFO:colcon.colcon_ros.task.ament_cmake.build:Building ROS package in '/home/baba/Desktop/Dem_ros2/src/status_interfaces' with build type 'ament_cmake'
[0.301s] INFO:colcon.colcon_cmake.task.cmake.build:Building CMake package in '/home/baba/Desktop/Dem_ros2/src/status_interfaces'
[0.305s] INFO:colcon.colcon_core.plugin_system:Skipping extension 'colcon_core.shell.bat': Not used on non-Windows systems
[0.305s] INFO:colcon.colcon_core.shell:Skip shell extension 'powershell' for command environment: Not usable outside of PowerShell
[0.305s] DEBUG:colcon.colcon_core.shell:Skip shell extension 'dsv' for command environment
[0.308s] INFO:colcon.colcon_ros.task.ament_cmake.build:Building ROS package in '/home/baba/Desktop/Dem_ros2/src/dem_cpp_pkg' with build type 'ament_cmake'
[0.309s] INFO:colcon.colcon_cmake.task.cmake.build:Building CMake package in '/home/baba/Desktop/Dem_ros2/src/dem_cpp_pkg'
[0.309s] INFO:colcon.colcon_core.shell:Skip shell extension 'powershell' for command environment: Not usable outside of PowerShell
[0.309s] DEBUG:colcon.colcon_core.shell:Skip shell extension 'dsv' for command environment
[0.311s] INFO:colcon.colcon_ros.task.ament_cmake.build:Building ROS package in '/home/baba/Desktop/Dem_ros2/src/dem_cpp_topic' with build type 'ament_cmake'
[0.312s] INFO:colcon.colcon_cmake.task.cmake.build:Building CMake package in '/home/baba/Desktop/Dem_ros2/src/dem_cpp_topic'
[0.312s] INFO:colcon.colcon_core.shell:Skip shell extension 'powershell' for command environment: Not usable outside of PowerShell
[0.312s] DEBUG:colcon.colcon_core.shell:Skip shell extension 'dsv' for command environment
[0.324s] DEBUG:colcon.colcon_core.event_handler.log_command:Invoking command in '/home/baba/Desktop/Dem_ros2/build/status_interfaces': CMAKE_PREFIX_PATH=${CMAKE_PREFIX_PATH}:/opt/ros/humble /usr/bin/cmake --build /home/baba/Desktop/Dem_ros2/build/status_interfaces -- -j16 -l16
[0.326s] DEBUG:colcon.colcon_core.event_handler.log_command:Invoking command in '/home/baba/Desktop/Dem_ros2/build/dem_cpp_topic': CMAKE_PREFIX_PATH=${CMAKE_PREFIX_PATH}:/opt/ros/humble /usr/bin/cmake --build /home/baba/Desktop/Dem_ros2/build/dem_cpp_topic -- -j16 -l16
[0.333s] DEBUG:colcon.colcon_core.event_handler.log_command:Invoking command in '/home/baba/Desktop/Dem_ros2/build/dem_cpp_pkg': CMAKE_PREFIX_PATH=${CMAKE_PREFIX_PATH}:/opt/ros/humble /usr/bin/cmake --build /home/baba/Desktop/Dem_ros2/build/dem_cpp_pkg -- -j16 -l16
[0.399s] DEBUG:colcon.colcon_core.event_handler.log_command:Invoked command in '/home/baba/Desktop/Dem_ros2/build/dem_cpp_pkg' returned '0': CMAKE_PREFIX_PATH=${CMAKE_PREFIX_PATH}:/opt/ros/humble /usr/bin/cmake --build /home/baba/Desktop/Dem_ros2/build/dem_cpp_pkg -- -j16 -l16
[0.413s] DEBUG:colcon.colcon_core.event_handler.log_command:Invoking command in '/home/baba/Desktop/Dem_ros2/build/dem_cpp_pkg': CMAKE_PREFIX_PATH=${CMAKE_PREFIX_PATH}:/opt/ros/humble /usr/bin/cmake --install /home/baba/Desktop/Dem_ros2/build/dem_cpp_pkg
[0.424s] Level 1:colcon.colcon_core.environment:create_environment_scripts_only(dem_cpp_pkg)
[0.424s] DEBUG:colcon.colcon_core.event_handler.log_command:Invoked command in '/home/baba/Desktop/Dem_ros2/build/dem_cpp_pkg' returned '0': CMAKE_PREFIX_PATH=${CMAKE_PREFIX_PATH}:/opt/ros/humble /usr/bin/cmake --install /home/baba/Desktop/Dem_ros2/build/dem_cpp_pkg
[0.428s] Level 1:colcon.colcon_core.environment:checking '/home/baba/Desktop/Dem_ros2/install/dem_cpp_pkg' for CMake module files
[0.428s] Level 1:colcon.colcon_core.environment:checking '/home/baba/Desktop/Dem_ros2/install/dem_cpp_pkg' for CMake config files
[0.428s] Level 1:colcon.colcon_core.shell:create_environment_hook('dem_cpp_pkg', 'cmake_prefix_path')
[0.429s] INFO:colcon.colcon_core.shell:Creating environment hook '/home/baba/Desktop/Dem_ros2/install/dem_cpp_pkg/share/dem_cpp_pkg/hook/cmake_prefix_path.ps1'
[0.429s] INFO:colcon.colcon_core.shell:Creating environment descriptor '/home/baba/Desktop/Dem_ros2/install/dem_cpp_pkg/share/dem_cpp_pkg/hook/cmake_prefix_path.dsv'
[0.429s] INFO:colcon.colcon_core.shell:Creating environment hook '/home/baba/Desktop/Dem_ros2/install/dem_cpp_pkg/share/dem_cpp_pkg/hook/cmake_prefix_path.sh'
[0.430s] Level 1:colcon.colcon_core.environment:checking '/home/baba/Desktop/Dem_ros2/install/dem_cpp_pkg/lib'
[0.430s] Level 1:colcon.colcon_core.environment:checking '/home/baba/Desktop/Dem_ros2/install/dem_cpp_pkg/bin'
[0.430s] Level 1:colcon.colcon_core.environment:checking '/home/baba/Desktop/Dem_ros2/install/dem_cpp_pkg/lib/pkgconfig/dem_cpp_pkg.pc'
[0.430s] Level 1:colcon.colcon_core.environment:checking '/home/baba/Desktop/Dem_ros2/install/dem_cpp_pkg/lib/python3.10/site-packages'
[0.430s] Level 1:colcon.colcon_core.environment:checking '/home/baba/Desktop/Dem_ros2/install/dem_cpp_pkg/bin'
[0.431s] INFO:colcon.colcon_core.shell:Creating package script '/home/baba/Desktop/Dem_ros2/install/dem_cpp_pkg/share/dem_cpp_pkg/package.ps1'
[0.431s] INFO:colcon.colcon_core.shell:Creating package descriptor '/home/baba/Desktop/Dem_ros2/install/dem_cpp_pkg/share/dem_cpp_pkg/package.dsv'
[0.432s] INFO:colcon.colcon_core.shell:Creating package script '/home/baba/Desktop/Dem_ros2/install/dem_cpp_pkg/share/dem_cpp_pkg/package.sh'
[0.433s] INFO:colcon.colcon_core.shell:Creating package script '/home/baba/Desktop/Dem_ros2/install/dem_cpp_pkg/share/dem_cpp_pkg/package.bash'
[0.433s] INFO:colcon.colcon_core.shell:Creating package script '/home/baba/Desktop/Dem_ros2/install/dem_cpp_pkg/share/dem_cpp_pkg/package.zsh'
[0.434s] Level 1:colcon.colcon_core.environment:create_file_with_runtime_dependencies(/home/baba/Desktop/Dem_ros2/install/dem_cpp_pkg/share/colcon-core/packages/dem_cpp_pkg)
[0.434s] Level 1:colcon.colcon_core.environment:create_environment_scripts_only(dem_cpp_pkg)
[0.434s] Level 1:colcon.colcon_core.environment:checking '/home/baba/Desktop/Dem_ros2/install/dem_cpp_pkg' for CMake module files
[0.435s] Level 1:colcon.colcon_core.environment:checking '/home/baba/Desktop/Dem_ros2/install/dem_cpp_pkg' for CMake config files
[0.435s] Level 1:colcon.colcon_core.shell:create_environment_hook('dem_cpp_pkg', 'cmake_prefix_path')
[0.435s] INFO:colcon.colcon_core.shell:Creating environment hook '/home/baba/Desktop/Dem_ros2/install/dem_cpp_pkg/share/dem_cpp_pkg/hook/cmake_prefix_path.ps1'
[0.435s] INFO:colcon.colcon_core.shell:Creating environment descriptor '/home/baba/Desktop/Dem_ros2/install/dem_cpp_pkg/share/dem_cpp_pkg/hook/cmake_prefix_path.dsv'
[0.436s] INFO:colcon.colcon_core.shell:Creating environment hook '/home/baba/Desktop/Dem_ros2/install/dem_cpp_pkg/share/dem_cpp_pkg/hook/cmake_prefix_path.sh'
[0.436s] Level 1:colcon.colcon_core.environment:checking '/home/baba/Desktop/Dem_ros2/install/dem_cpp_pkg/lib'
[0.436s] Level 1:colcon.colcon_core.environment:checking '/home/baba/Desktop/Dem_ros2/install/dem_cpp_pkg/bin'
[0.436s] Level 1:colcon.colcon_core.environment:checking '/home/baba/Desktop/Dem_ros2/install/dem_cpp_pkg/lib/pkgconfig/dem_cpp_pkg.pc'
[0.436s] Level 1:colcon.colcon_core.environment:checking '/home/baba/Desktop/Dem_ros2/install/dem_cpp_pkg/lib/python3.10/site-packages'
[0.436s] Level 1:colcon.colcon_core.environment:checking '/home/baba/Desktop/Dem_ros2/install/dem_cpp_pkg/bin'
[0.437s] INFO:colcon.colcon_core.shell:Creating package script '/home/baba/Desktop/Dem_ros2/install/dem_cpp_pkg/share/dem_cpp_pkg/package.ps1'
[0.437s] INFO:colcon.colcon_core.shell:Creating package descriptor '/home/baba/Desktop/Dem_ros2/install/dem_cpp_pkg/share/dem_cpp_pkg/package.dsv'
[0.437s] INFO:colcon.colcon_core.shell:Creating package script '/home/baba/Desktop/Dem_ros2/install/dem_cpp_pkg/share/dem_cpp_pkg/package.sh'
[0.438s] INFO:colcon.colcon_core.shell:Creating package script '/home/baba/Desktop/Dem_ros2/install/dem_cpp_pkg/share/dem_cpp_pkg/package.bash'
[0.438s] INFO:colcon.colcon_core.shell:Creating package script '/home/baba/Desktop/Dem_ros2/install/dem_cpp_pkg/share/dem_cpp_pkg/package.zsh'
[0.438s] Level 1:colcon.colcon_core.environment:create_file_with_runtime_dependencies(/home/baba/Desktop/Dem_ros2/install/dem_cpp_pkg/share/colcon-core/packages/dem_cpp_pkg)
[0.579s] DEBUG:colcon.colcon_core.event_handler.log_command:Invoked command in '/home/baba/Desktop/Dem_ros2/build/status_interfaces' returned '0': CMAKE_PREFIX_PATH=${CMAKE_PREFIX_PATH}:/opt/ros/humble /usr/bin/cmake --build /home/baba/Desktop/Dem_ros2/build/status_interfaces -- -j16 -l16
[0.580s] DEBUG:colcon.colcon_core.event_handler.log_command:Invoking command in '/home/baba/Desktop/Dem_ros2/build/status_interfaces': CMAKE_PREFIX_PATH=${CMAKE_PREFIX_PATH}:/opt/ros/humble /usr/bin/cmake --install /home/baba/Desktop/Dem_ros2/build/status_interfaces
[0.620s] Level 1:colcon.colcon_core.environment:create_environment_scripts_only(status_interfaces)
[0.621s] Level 1:colcon.colcon_core.environment:checking '/home/baba/Desktop/Dem_ros2/install/status_interfaces' for CMake module files
[0.621s] DEBUG:colcon.colcon_core.event_handler.log_command:Invoked command in '/home/baba/Desktop/Dem_ros2/build/status_interfaces' returned '0': CMAKE_PREFIX_PATH=${CMAKE_PREFIX_PATH}:/opt/ros/humble /usr/bin/cmake --install /home/baba/Desktop/Dem_ros2/build/status_interfaces
[0.622s] Level 1:colcon.colcon_core.environment:checking '/home/baba/Desktop/Dem_ros2/install/status_interfaces' for CMake config files
[0.622s] Level 1:colcon.colcon_core.shell:create_environment_hook('status_interfaces', 'cmake_prefix_path')
[0.622s] INFO:colcon.colcon_core.shell:Creating environment hook '/home/baba/Desktop/Dem_ros2/install/status_interfaces/share/status_interfaces/hook/cmake_prefix_path.ps1'
[0.622s] INFO:colcon.colcon_core.shell:Creating environment descriptor '/home/baba/Desktop/Dem_ros2/install/status_interfaces/share/status_interfaces/hook/cmake_prefix_path.dsv'
[0.623s] INFO:colcon.colcon_core.shell:Creating environment hook '/home/baba/Desktop/Dem_ros2/install/status_interfaces/share/status_interfaces/hook/cmake_prefix_path.sh'
[0.623s] Level 1:colcon.colcon_core.environment:checking '/home/baba/Desktop/Dem_ros2/install/status_interfaces/lib'
[0.623s] Level 1:colcon.colcon_core.shell:create_environment_hook('status_interfaces', 'ld_library_path_lib')
[0.624s] INFO:colcon.colcon_core.shell:Creating environment hook '/home/baba/Desktop/Dem_ros2/install/status_interfaces/share/status_interfaces/hook/ld_library_path_lib.ps1'
[0.624s] INFO:colcon.colcon_core.shell:Creating environment descriptor '/home/baba/Desktop/Dem_ros2/install/status_interfaces/share/status_interfaces/hook/ld_library_path_lib.dsv'
[0.624s] INFO:colcon.colcon_core.shell:Creating environment hook '/home/baba/Desktop/Dem_ros2/install/status_interfaces/share/status_interfaces/hook/ld_library_path_lib.sh'
[0.624s] Level 1:colcon.colcon_core.environment:checking '/home/baba/Desktop/Dem_ros2/install/status_interfaces/bin'
[0.625s] Level 1:colcon.colcon_core.environment:checking '/home/baba/Desktop/Dem_ros2/install/status_interfaces/lib/pkgconfig/status_interfaces.pc'
[0.625s] Level 1:colcon.colcon_core.environment:checking '/home/baba/Desktop/Dem_ros2/install/status_interfaces/lib/python3.10/site-packages'
[0.625s] Level 1:colcon.colcon_core.environment:checking '/home/baba/Desktop/Dem_ros2/install/status_interfaces/bin'
[0.625s] INFO:colcon.colcon_core.shell:Creating package script '/home/baba/Desktop/Dem_ros2/install/status_interfaces/share/status_interfaces/package.ps1'
[0.625s] INFO:colcon.colcon_core.shell:Creating package descriptor '/home/baba/Desktop/Dem_ros2/install/status_interfaces/share/status_interfaces/package.dsv'
[0.626s] INFO:colcon.colcon_core.shell:Creating package script '/home/baba/Desktop/Dem_ros2/install/status_interfaces/share/status_interfaces/package.sh'
[0.626s] INFO:colcon.colcon_core.shell:Creating package script '/home/baba/Desktop/Dem_ros2/install/status_interfaces/share/status_interfaces/package.bash'
[0.626s] INFO:colcon.colcon_core.shell:Creating package script '/home/baba/Desktop/Dem_ros2/install/status_interfaces/share/status_interfaces/package.zsh'
[0.627s] Level 1:colcon.colcon_core.environment:create_file_with_runtime_dependencies(/home/baba/Desktop/Dem_ros2/install/status_interfaces/share/colcon-core/packages/status_interfaces)
[0.627s] Level 1:colcon.colcon_core.environment:create_environment_scripts_only(status_interfaces)
[0.627s] Level 1:colcon.colcon_core.environment:checking '/home/baba/Desktop/Dem_ros2/install/status_interfaces' for CMake module files
[0.628s] Level 1:colcon.colcon_core.environment:checking '/home/baba/Desktop/Dem_ros2/install/status_interfaces' for CMake config files
[0.628s] Level 1:colcon.colcon_core.shell:create_environment_hook('status_interfaces', 'cmake_prefix_path')
[0.628s] INFO:colcon.colcon_core.shell:Creating environment hook '/home/baba/Desktop/Dem_ros2/install/status_interfaces/share/status_interfaces/hook/cmake_prefix_path.ps1'
[0.628s] INFO:colcon.colcon_core.shell:Creating environment descriptor '/home/baba/Desktop/Dem_ros2/install/status_interfaces/share/status_interfaces/hook/cmake_prefix_path.dsv'
[0.628s] INFO:colcon.colcon_core.shell:Creating environment hook '/home/baba/Desktop/Dem_ros2/install/status_interfaces/share/status_interfaces/hook/cmake_prefix_path.sh'
[0.629s] Level 1:colcon.colcon_core.environment:checking '/home/baba/Desktop/Dem_ros2/install/status_interfaces/lib'
[0.629s] Level 1:colcon.colcon_core.shell:create_environment_hook('status_interfaces', 'ld_library_path_lib')
[0.629s] INFO:colcon.colcon_core.shell:Creating environment hook '/home/baba/Desktop/Dem_ros2/install/status_interfaces/share/status_interfaces/hook/ld_library_path_lib.ps1'
[0.629s] INFO:colcon.colcon_core.shell:Creating environment descriptor '/home/baba/Desktop/Dem_ros2/install/status_interfaces/share/status_interfaces/hook/ld_library_path_lib.dsv'
[0.630s] INFO:colcon.colcon_core.shell:Creating environment hook '/home/baba/Desktop/Dem_ros2/install/status_interfaces/share/status_interfaces/hook/ld_library_path_lib.sh'
[0.630s] Level 1:colcon.colcon_core.environment:checking '/home/baba/Desktop/Dem_ros2/install/status_interfaces/bin'
[0.630s] Level 1:colcon.colcon_core.environment:checking '/home/baba/Desktop/Dem_ros2/install/status_interfaces/lib/pkgconfig/status_interfaces.pc'
[0.630s] Level 1:colcon.colcon_core.environment:checking '/home/baba/Desktop/Dem_ros2/install/status_interfaces/lib/python3.10/site-packages'
[0.630s] Level 1:colcon.colcon_core.environment:checking '/home/baba/Desktop/Dem_ros2/install/status_interfaces/bin'
[0.630s] INFO:colcon.colcon_core.shell:Creating package script '/home/baba/Desktop/Dem_ros2/install/status_interfaces/share/status_interfaces/package.ps1'
[0.631s] INFO:colcon.colcon_core.shell:Creating package descriptor '/home/baba/Desktop/Dem_ros2/install/status_interfaces/share/status_interfaces/package.dsv'
[0.631s] INFO:colcon.colcon_core.shell:Creating package script '/home/baba/Desktop/Dem_ros2/install/status_interfaces/share/status_interfaces/package.sh'
[0.632s] INFO:colcon.colcon_core.shell:Creating package script '/home/baba/Desktop/Dem_ros2/install/status_interfaces/share/status_interfaces/package.bash'
[0.632s] INFO:colcon.colcon_core.shell:Creating package script '/home/baba/Desktop/Dem_ros2/install/status_interfaces/share/status_interfaces/package.zsh'
[0.632s] Level 1:colcon.colcon_core.environment:create_file_with_runtime_dependencies(/home/baba/Desktop/Dem_ros2/install/status_interfaces/share/colcon-core/packages/status_interfaces)
[0.632s] INFO:colcon.colcon_ros.task.ament_cmake.build:Building ROS package in '/home/baba/Desktop/Dem_ros2/src/status_display' with build type 'ament_cmake'
[0.633s] INFO:colcon.colcon_cmake.task.cmake.build:Building CMake package in '/home/baba/Desktop/Dem_ros2/src/status_display'
[0.633s] INFO:colcon.colcon_core.shell:Skip shell extension 'powershell' for command environment: Not usable outside of PowerShell
[0.633s] DEBUG:colcon.colcon_core.shell:Skip shell extension 'dsv' for command environment
[0.642s] DEBUG:colcon.colcon_core.event_handler.log_command:Invoking command in '/home/baba/Desktop/Dem_ros2/build/status_display': CMAKE_PREFIX_PATH=/home/baba/Desktop/Dem_ros2/install/status_interfaces:/home/baba/Desktop/Dem_ros2/install/status_display:/home/baba/Desktop/Dem_ros2/install/dem_cpp_topic:/home/baba/Desktop/Dem_ros2/install/dem_cpp_pkg:/opt/ros/humble /usr/bin/cmake --build /home/baba/Desktop/Dem_ros2/build/status_display -- -j16 -l16
[0.688s] DEBUG:colcon.colcon_core.event_handler.log_command:Invoked command in '/home/baba/Desktop/Dem_ros2/build/status_display' returned '0': CMAKE_PREFIX_PATH=/home/baba/Desktop/Dem_ros2/install/status_interfaces:/home/baba/Desktop/Dem_ros2/install/status_display:/home/baba/Desktop/Dem_ros2/install/dem_cpp_topic:/home/baba/Desktop/Dem_ros2/install/dem_cpp_pkg:/opt/ros/humble /usr/bin/cmake --build /home/baba/Desktop/Dem_ros2/build/status_display -- -j16 -l16
[0.689s] DEBUG:colcon.colcon_core.event_handler.log_command:Invoking command in '/home/baba/Desktop/Dem_ros2/build/status_display': CMAKE_PREFIX_PATH=/home/baba/Desktop/Dem_ros2/install/status_interfaces:/home/baba/Desktop/Dem_ros2/install/status_display:/home/baba/Desktop/Dem_ros2/install/dem_cpp_topic:/home/baba/Desktop/Dem_ros2/install/dem_cpp_pkg:/opt/ros/humble /usr/bin/cmake --install /home/baba/Desktop/Dem_ros2/build/status_display
[0.697s] Level 1:colcon.colcon_core.environment:create_environment_scripts_only(status_display)
[0.698s] Level 1:colcon.colcon_core.environment:checking '/home/baba/Desktop/Dem_ros2/install/status_display' for CMake module files
[0.698s] DEBUG:colcon.colcon_core.event_handler.log_command:Invoked command in '/home/baba/Desktop/Dem_ros2/build/status_display' returned '0': CMAKE_PREFIX_PATH=/home/baba/Desktop/Dem_ros2/install/status_interfaces:/home/baba/Desktop/Dem_ros2/install/status_display:/home/baba/Desktop/Dem_ros2/install/dem_cpp_topic:/home/baba/Desktop/Dem_ros2/install/dem_cpp_pkg:/opt/ros/humble /usr/bin/cmake --install /home/baba/Desktop/Dem_ros2/build/status_display
[0.698s] Level 1:colcon.colcon_core.environment:checking '/home/baba/Desktop/Dem_ros2/install/status_display' for CMake config files
[0.699s] Level 1:colcon.colcon_core.shell:create_environment_hook('status_display', 'cmake_prefix_path')
[0.699s] INFO:colcon.colcon_core.shell:Creating environment hook '/home/baba/Desktop/Dem_ros2/install/status_display/share/status_display/hook/cmake_prefix_path.ps1'
[0.699s] INFO:colcon.colcon_core.shell:Creating environment descriptor '/home/baba/Desktop/Dem_ros2/install/status_display/share/status_display/hook/cmake_prefix_path.dsv'
[0.700s] INFO:colcon.colcon_core.shell:Creating environment hook '/home/baba/Desktop/Dem_ros2/install/status_display/share/status_display/hook/cmake_prefix_path.sh'
[0.700s] Level 1:colcon.colcon_core.environment:checking '/home/baba/Desktop/Dem_ros2/install/status_display/lib'
[0.700s] Level 1:colcon.colcon_core.environment:checking '/home/baba/Desktop/Dem_ros2/install/status_display/bin'
[0.700s] Level 1:colcon.colcon_core.environment:checking '/home/baba/Desktop/Dem_ros2/install/status_display/lib/pkgconfig/status_display.pc'
[0.700s] Level 1:colcon.colcon_core.environment:checking '/home/baba/Desktop/Dem_ros2/install/status_display/lib/python3.10/site-packages'
[0.700s] Level 1:colcon.colcon_core.environment:checking '/home/baba/Desktop/Dem_ros2/install/status_display/bin'
[0.701s] INFO:colcon.colcon_core.shell:Creating package script '/home/baba/Desktop/Dem_ros2/install/status_display/share/status_display/package.ps1'
[0.701s] INFO:colcon.colcon_core.shell:Creating package descriptor '/home/baba/Desktop/Dem_ros2/install/status_display/share/status_display/package.dsv'
[0.701s] INFO:colcon.colcon_core.shell:Creating package script '/home/baba/Desktop/Dem_ros2/install/status_display/share/status_display/package.sh'
[0.702s] INFO:colcon.colcon_core.shell:Creating package script '/home/baba/Desktop/Dem_ros2/install/status_display/share/status_display/package.bash'
[0.702s] INFO:colcon.colcon_core.shell:Creating package script '/home/baba/Desktop/Dem_ros2/install/status_display/share/status_display/package.zsh'
[0.702s] Level 1:colcon.colcon_core.environment:create_file_with_runtime_dependencies(/home/baba/Desktop/Dem_ros2/install/status_display/share/colcon-core/packages/status_display)
[0.703s] Level 1:colcon.colcon_core.environment:create_environment_scripts_only(status_display)
[0.703s] Level 1:colcon.colcon_core.environment:checking '/home/baba/Desktop/Dem_ros2/install/status_display' for CMake module files
[0.703s] Level 1:colcon.colcon_core.environment:checking '/home/baba/Desktop/Dem_ros2/install/status_display' for CMake config files
[0.703s] Level 1:colcon.colcon_core.shell:create_environment_hook('status_display', 'cmake_prefix_path')
[0.703s] INFO:colcon.colcon_core.shell:Creating environment hook '/home/baba/Desktop/Dem_ros2/install/status_display/share/status_display/hook/cmake_prefix_path.ps1'
[0.704s] INFO:colcon.colcon_core.shell:Creating environment descriptor '/home/baba/Desktop/Dem_ros2/install/status_display/share/status_display/hook/cmake_prefix_path.dsv'
[0.704s] INFO:colcon.colcon_core.shell:Creating environment hook '/home/baba/Desktop/Dem_ros2/install/status_display/share/status_display/hook/cmake_prefix_path.sh'
[0.705s] Level 1:colcon.colcon_core.environment:checking '/home/baba/Desktop/Dem_ros2/install/status_display/lib'
[0.705s] Level 1:colcon.colcon_core.environment:checking '/home/baba/Desktop/Dem_ros2/install/status_display/bin'
[0.705s] Level 1:colcon.colcon_core.environment:checking '/home/baba/Desktop/Dem_ros2/install/status_display/lib/pkgconfig/status_display.pc'
[0.705s] Level 1:colcon.colcon_core.environment:checking '/home/baba/Desktop/Dem_ros2/install/status_display/lib/python3.10/site-packages'
[0.705s] Level 1:colcon.colcon_core.environment:checking '/home/baba/Desktop/Dem_ros2/install/status_display/bin'
[0.706s] INFO:colcon.colcon_core.shell:Creating package script '/home/baba/Desktop/Dem_ros2/install/status_display/share/status_display/package.ps1'
[0.706s] INFO:colcon.colcon_core.shell:Creating package descriptor '/home/baba/Desktop/Dem_ros2/install/status_display/share/status_display/package.dsv'
[0.706s] INFO:colcon.colcon_core.shell:Creating package script '/home/baba/Desktop/Dem_ros2/install/status_display/share/status_display/package.sh'
[0.707s] INFO:colcon.colcon_core.shell:Creating package script '/home/baba/Desktop/Dem_ros2/install/status_display/share/status_display/package.bash'
[0.707s] INFO:colcon.colcon_core.shell:Creating package script '/home/baba/Desktop/Dem_ros2/install/status_display/share/status_display/package.zsh'
[0.707s] Level 1:colcon.colcon_core.environment:create_file_with_runtime_dependencies(/home/baba/Desktop/Dem_ros2/install/status_display/share/colcon-core/packages/status_display)
[6.318s] DEBUG:colcon.colcon_core.event_handler.log_command:Invoked command in '/home/baba/Desktop/Dem_ros2/build/dem_cpp_topic' returned '0': CMAKE_PREFIX_PATH=${CMAKE_PREFIX_PATH}:/opt/ros/humble /usr/bin/cmake --build /home/baba/Desktop/Dem_ros2/build/dem_cpp_topic -- -j16 -l16
[6.319s] DEBUG:colcon.colcon_core.event_handler.log_command:Invoking command in '/home/baba/Desktop/Dem_ros2/build/dem_cpp_topic': CMAKE_PREFIX_PATH=${CMAKE_PREFIX_PATH}:/opt/ros/humble /usr/bin/cmake --install /home/baba/Desktop/Dem_ros2/build/dem_cpp_topic
[6.329s] Level 1:colcon.colcon_core.environment:create_environment_scripts_only(dem_cpp_topic)
[6.329s] Level 1:colcon.colcon_core.environment:checking '/home/baba/Desktop/Dem_ros2/install/dem_cpp_topic' for CMake module files
[6.329s] DEBUG:colcon.colcon_core.event_handler.log_command:Invoked command in '/home/baba/Desktop/Dem_ros2/build/dem_cpp_topic' returned '0': CMAKE_PREFIX_PATH=${CMAKE_PREFIX_PATH}:/opt/ros/humble /usr/bin/cmake --install /home/baba/Desktop/Dem_ros2/build/dem_cpp_topic
[6.330s] Level 1:colcon.colcon_core.environment:checking '/home/baba/Desktop/Dem_ros2/install/dem_cpp_topic' for CMake config files
[6.330s] Level 1:colcon.colcon_core.shell:create_environment_hook('dem_cpp_topic', 'cmake_prefix_path')
[6.330s] INFO:colcon.colcon_core.shell:Creating environment hook '/home/baba/Desktop/Dem_ros2/install/dem_cpp_topic/share/dem_cpp_topic/hook/cmake_prefix_path.ps1'
[6.331s] INFO:colcon.colcon_core.shell:Creating environment descriptor '/home/baba/Desktop/Dem_ros2/install/dem_cpp_topic/share/dem_cpp_topic/hook/cmake_prefix_path.dsv'
[6.331s] INFO:colcon.colcon_core.shell:Creating environment hook '/home/baba/Desktop/Dem_ros2/install/dem_cpp_topic/share/dem_cpp_topic/hook/cmake_prefix_path.sh'
[6.332s] Level 1:colcon.colcon_core.environment:checking '/home/baba/Desktop/Dem_ros2/install/dem_cpp_topic/lib'
[6.332s] Level 1:colcon.colcon_core.environment:checking '/home/baba/Desktop/Dem_ros2/install/dem_cpp_topic/bin'
[6.332s] Level 1:colcon.colcon_core.environment:checking '/home/baba/Desktop/Dem_ros2/install/dem_cpp_topic/lib/pkgconfig/dem_cpp_topic.pc'
[6.332s] Level 1:colcon.colcon_core.environment:checking '/home/baba/Desktop/Dem_ros2/install/dem_cpp_topic/lib/python3.10/site-packages'
[6.332s] Level 1:colcon.colcon_core.environment:checking '/home/baba/Desktop/Dem_ros2/install/dem_cpp_topic/bin'
[6.332s] INFO:colcon.colcon_core.shell:Creating package script '/home/baba/Desktop/Dem_ros2/install/dem_cpp_topic/share/dem_cpp_topic/package.ps1'
[6.333s] INFO:colcon.colcon_core.shell:Creating package descriptor '/home/baba/Desktop/Dem_ros2/install/dem_cpp_topic/share/dem_cpp_topic/package.dsv'
[6.333s] INFO:colcon.colcon_core.shell:Creating package script '/home/baba/Desktop/Dem_ros2/install/dem_cpp_topic/share/dem_cpp_topic/package.sh'
[6.333s] INFO:colcon.colcon_core.shell:Creating package script '/home/baba/Desktop/Dem_ros2/install/dem_cpp_topic/share/dem_cpp_topic/package.bash'
[6.334s] INFO:colcon.colcon_core.shell:Creating package script '/home/baba/Desktop/Dem_ros2/install/dem_cpp_topic/share/dem_cpp_topic/package.zsh'
[6.334s] Level 1:colcon.colcon_core.environment:create_file_with_runtime_dependencies(/home/baba/Desktop/Dem_ros2/install/dem_cpp_topic/share/colcon-core/packages/dem_cpp_topic)
[6.334s] Level 1:colcon.colcon_core.environment:create_environment_scripts_only(dem_cpp_topic)
[6.334s] Level 1:colcon.colcon_core.environment:checking '/home/baba/Desktop/Dem_ros2/install/dem_cpp_topic' for CMake module files
[6.335s] Level 1:colcon.colcon_core.environment:checking '/home/baba/Desktop/Dem_ros2/install/dem_cpp_topic' for CMake config files
[6.335s] Level 1:colcon.colcon_core.shell:create_environment_hook('dem_cpp_topic', 'cmake_prefix_path')
[6.335s] INFO:colcon.colcon_core.shell:Creating environment hook '/home/baba/Desktop/Dem_ros2/install/dem_cpp_topic/share/dem_cpp_topic/hook/cmake_prefix_path.ps1'
[6.335s] INFO:colcon.colcon_core.shell:Creating environment descriptor '/home/baba/Desktop/Dem_ros2/install/dem_cpp_topic/share/dem_cpp_topic/hook/cmake_prefix_path.dsv'
[6.336s] INFO:colcon.colcon_core.shell:Creating environment hook '/home/baba/Desktop/Dem_ros2/install/dem_cpp_topic/share/dem_cpp_topic/hook/cmake_prefix_path.sh'
[6.336s] Level 1:colcon.colcon_core.environment:checking '/home/baba/Desktop/Dem_ros2/install/dem_cpp_topic/lib'
[6.336s] Level 1:colcon.colcon_core.environment:checking '/home/baba/Desktop/Dem_ros2/install/dem_cpp_topic/bin'
[6.336s] Level 1:colcon.colcon_core.environment:checking '/home/baba/Desktop/Dem_ros2/install/dem_cpp_topic/lib/pkgconfig/dem_cpp_topic.pc'
[6.336s] Level 1:colcon.colcon_core.environment:checking '/home/baba/Desktop/Dem_ros2/install/dem_cpp_topic/lib/python3.10/site-packages'
[6.336s] Level 1:colcon.colcon_core.environment:checking '/home/baba/Desktop/Dem_ros2/install/dem_cpp_topic/bin'
[6.337s] INFO:colcon.colcon_core.shell:Creating package script '/home/baba/Desktop/Dem_ros2/install/dem_cpp_topic/share/dem_cpp_topic/package.ps1'
[6.337s] INFO:colcon.colcon_core.shell:Creating package descriptor '/home/baba/Desktop/Dem_ros2/install/dem_cpp_topic/share/dem_cpp_topic/package.dsv'
[6.337s] INFO:colcon.colcon_core.shell:Creating package script '/home/baba/Desktop/Dem_ros2/install/dem_cpp_topic/share/dem_cpp_topic/package.sh'
[6.338s] INFO:colcon.colcon_core.shell:Creating package script '/home/baba/Desktop/Dem_ros2/install/dem_cpp_topic/share/dem_cpp_topic/package.bash'
[6.338s] INFO:colcon.colcon_core.shell:Creating package script '/home/baba/Desktop/Dem_ros2/install/dem_cpp_topic/share/dem_cpp_topic/package.zsh'
[6.338s] Level 1:colcon.colcon_core.environment:create_file_with_runtime_dependencies(/home/baba/Desktop/Dem_ros2/install/dem_cpp_topic/share/colcon-core/packages/dem_cpp_topic)
[6.339s] DEBUG:colcon.colcon_parallel_executor.executor.parallel:closing loop
[6.339s] DEBUG:colcon.colcon_parallel_executor.executor.parallel:loop closed
[6.339s] DEBUG:colcon.colcon_parallel_executor.executor.parallel:run_until_complete finished with '0'
[6.340s] DEBUG:colcon.colcon_core.event_reactor:joining thread
[6.344s] INFO:colcon.colcon_core.plugin_system:Skipping extension 'colcon_notification.desktop_notification.terminal_notifier': Not used on non-Darwin systems
[6.344s] INFO:colcon.colcon_core.plugin_system:Skipping extension 'colcon_notification.desktop_notification.win32': Not used on non-Windows systems
[6.344s] INFO:colcon.colcon_notification.desktop_notification:Sending desktop notification using 'notify2'
[6.353s] DEBUG:colcon.colcon_core.event_reactor:joined thread
[6.353s] INFO:colcon.colcon_core.shell:Creating prefix script '/home/baba/Desktop/Dem_ros2/install/local_setup.ps1'
[6.354s] INFO:colcon.colcon_core.shell:Creating prefix util module '/home/baba/Desktop/Dem_ros2/install/_local_setup_util_ps1.py'
[6.355s] INFO:colcon.colcon_core.shell:Creating prefix chain script '/home/baba/Desktop/Dem_ros2/install/setup.ps1'
[6.356s] INFO:colcon.colcon_core.shell:Creating prefix script '/home/baba/Desktop/Dem_ros2/install/local_setup.sh'
[6.356s] INFO:colcon.colcon_core.shell:Creating prefix util module '/home/baba/Desktop/Dem_ros2/install/_local_setup_util_sh.py'
[6.357s] INFO:colcon.colcon_core.shell:Creating prefix chain script '/home/baba/Desktop/Dem_ros2/install/setup.sh'
[6.358s] INFO:colcon.colcon_core.shell:Creating prefix script '/home/baba/Desktop/Dem_ros2/install/local_setup.bash'
[6.358s] INFO:colcon.colcon_core.shell:Creating prefix chain script '/home/baba/Desktop/Dem_ros2/install/setup.bash'
[6.359s] INFO:colcon.colcon_core.shell:Creating prefix script '/home/baba/Desktop/Dem_ros2/install/local_setup.zsh'
[6.359s] INFO:colcon.colcon_core.shell:Creating prefix chain script '/home/baba/Desktop/Dem_ros2/install/setup.zsh'
