[0.010s] Invoking command in '/home/baba/Desktop/Dem_ros2/build/status_interfaces': CMAKE_PREFIX_PATH=/opt/ros/humble /usr/bin/cmake /home/baba/Desktop/Dem_ros2/src/status_interfaces -DCMAKE_INSTALL_PREFIX=/home/baba/Desktop/Dem_ros2/install/status_interfaces
[0.018s] -- Found ament_cmake: 1.3.11 (/opt/ros/humble/share/ament_cmake/cmake)
[0.097s] -- Found builtin_interfaces: 1.2.1 (/opt/ros/humble/share/builtin_interfaces/cmake)
[0.111s] -- Found rosidl_generator_c: 3.1.6 (/opt/ros/humble/share/rosidl_generator_c/cmake)
[0.113s] -- Found rosidl_adapter: 3.1.6 (/opt/ros/humble/share/rosidl_adapter/cmake)
[0.116s] -- Found rosidl_generator_cpp: 3.1.6 (/opt/ros/humble/share/rosidl_generator_cpp/cmake)
[0.122s] -- Using all available rosidl_typesupport_c: rosidl_typesupport_fastrtps_c;rosidl_typesupport_introspection_c
[0.131s] -- Using all available rosidl_typesupport_cpp: rosidl_typesupport_fastrtps_cpp;rosidl_typesupport_introspection_cpp
[0.140s] -- Found rosidl_default_generators: 1.2.0 (/opt/ros/humble/share/rosidl_default_generators/cmake)
[0.270s] [31mCMake Error at /opt/ros/humble/share/rosidl_adapter/cmake/rosidl_adapt_interfaces.cmake:59 (message):
[0.270s]   execute_process(/usr/bin/python3 -m rosidl_adapter --package-name
[0.270s]   status_interfaces --arguments-file
[0.270s]   /home/baba/Desktop/Dem_ros2/build/status_interfaces/rosidl_adapter__arguments__status_interfaces.json
[0.270s]   --output-dir
[0.270s]   /home/baba/Desktop/Dem_ros2/build/status_interfaces/rosidl_adapter/status_interfaces
[0.270s]   --output-file
[0.271s]   /home/baba/Desktop/Dem_ros2/build/status_interfaces/rosidl_adapter/status_interfaces.idls)
[0.271s]   returned error code 1:
[0.271s] 
[0.271s]   Error processing ' int32 sec' of 'status_interfaces/SystemStatus': 'string
[0.271s]   index out of range'
[0.271s] 
[0.271s]   Traceback (most recent call last):
[0.271s] 
[0.271s]     File "/usr/lib/python3.10/runpy.py", line 196, in _run_module_as_main
[0.271s]       return _run_code(code, main_globals, None,
[0.271s]     File "/usr/lib/python3.10/runpy.py", line 86, in _run_code
[0.271s]       exec(code, run_globals)
[0.271s]     File "/opt/ros/humble/local/lib/python3.10/dist-packages/rosidl_adapter/__main__.py", line 19, in <module>
[0.272s]       sys.exit(main())
[0.272s]     File "/opt/ros/humble/local/lib/python3.10/dist-packages/rosidl_adapter/main.py", line 53, in main
[0.272s]       abs_idl_file = convert_to_idl(
[0.272s]     File "/opt/ros/humble/local/lib/python3.10/dist-packages/rosidl_adapter/__init__.py", line 19, in convert_to_idl
[0.272s]       return convert_msg_to_idl(
[0.272s]     File "/opt/ros/humble/local/lib/python3.10/dist-packages/rosidl_adapter/msg/__init__.py", line 28, in convert_msg_to_idl
[0.272s]       msg = parse_message_string(package_name, input_file.stem, content)
[0.272s]     File "/opt/ros/humble/local/lib/python3.10/dist-packages/rosidl_adapter/parser.py", line 520, in parse_message_string
[0.273s]       Type(type_string, context_package_name=pkg_name),
[0.273s]     File "/opt/ros/humble/local/lib/python3.10/dist-packages/rosidl_adapter/parser.py", line 241, in __init__
[0.273s]       self.is_array = type_string[-1] == ']'
[0.273s] 
[0.273s]   IndexError: string index out of range
[0.273s] 
[0.274s] Call Stack (most recent call first):
[0.274s]   /opt/ros/humble/share/rosidl_cmake/cmake/rosidl_generate_interfaces.cmake:130 (rosidl_adapt_interfaces)
[0.274s]   CMakeLists.txt:14 (rosidl_generate_interfaces)
[0.274s] 
[0.274s] [0m
[0.274s] -- Configuring incomplete, errors occurred!
[0.274s] See also "/home/baba/Desktop/Dem_ros2/build/status_interfaces/CMakeFiles/CMakeOutput.log".
[0.278s] Invoked command in '/home/baba/Desktop/Dem_ros2/build/status_interfaces' returned '1': CMAKE_PREFIX_PATH=/opt/ros/humble /usr/bin/cmake /home/baba/Desktop/Dem_ros2/src/status_interfaces -DCMAKE_INSTALL_PREFIX=/home/baba/Desktop/Dem_ros2/install/status_interfaces
