[0.010s] Invoking command in '/home/baba/Desktop/Dem_ros2/build/dem_cpp_pkg': CMAKE_PREFIX_PATH=/opt/ros/humble /usr/bin/cmake /home/baba/Desktop/Dem_ros2/src/dem_cpp_pkg -DCMAKE_INSTALL_PREFIX=/home/baba/Desktop/Dem_ros2/install/dem_cpp_pkg
[0.073s] -- The C compiler identification is GNU 11.4.0
[0.118s] -- The CXX compiler identification is GNU 11.4.0
[0.125s] -- Detecting C compiler ABI info
[0.170s] -- Detecting C compiler ABI info - done
[0.175s] -- Check for working C compiler: /usr/bin/cc - skipped
[0.175s] -- Detecting C compile features
[0.176s] -- Detecting C compile features - done
[0.178s] -- Detecting CXX compiler ABI info
[0.228s] -- Detecting CXX compiler ABI info - done
[0.232s] -- Check for working CXX compiler: /usr/bin/c++ - skipped
[0.232s] -- Detecting CXX compile features
[0.233s] -- Detecting CXX compile features - done
[0.237s] -- Found ament_cmake: 1.3.11 (/opt/ros/humble/share/ament_cmake/cmake)
[0.329s] -- Found Python3: /usr/bin/python3 (found version "3.10.12") found components: Interpreter 
[0.389s] -- Found rclcpp: 16.0.11 (/opt/ros/humble/share/rclcpp/cmake)
[0.417s] -- Found rosidl_generator_c: 3.1.6 (/opt/ros/humble/share/rosidl_generator_c/cmake)
[0.420s] -- Found rosidl_adapter: 3.1.6 (/opt/ros/humble/share/rosidl_adapter/cmake)
[0.427s] -- Found rosidl_generator_cpp: 3.1.6 (/opt/ros/humble/share/rosidl_generator_cpp/cmake)
[0.438s] -- Using all available rosidl_typesupport_c: rosidl_typesupport_fastrtps_c;rosidl_typesupport_introspection_c
[0.451s] -- Using all available rosidl_typesupport_cpp: rosidl_typesupport_fastrtps_cpp;rosidl_typesupport_introspection_cpp
[0.486s] -- Found rmw_implementation_cmake: 6.1.2 (/opt/ros/humble/share/rmw_implementation_cmake/cmake)
[0.488s] -- Found rmw_fastrtps_cpp: 6.2.7 (/opt/ros/humble/share/rmw_fastrtps_cpp/cmake)
[0.545s] -- Found OpenSSL: /usr/lib/x86_64-linux-gnu/libcrypto.so (found version "3.0.2")  
[0.563s] -- Found FastRTPS: /opt/ros/humble/include  
[0.589s] -- Using RMW implementation 'rmw_fastrtps_cpp' as default
[0.595s] -- Looking for pthread.h
[0.640s] -- Looking for pthread.h - found
[0.640s] -- Performing Test CMAKE_HAVE_LIBC_PTHREAD
[0.685s] -- Performing Test CMAKE_HAVE_LIBC_PTHREAD - Success
[0.686s] -- Found Threads: TRUE  
[0.728s] -- Found ament_lint_auto: 0.12.11 (/opt/ros/humble/share/ament_lint_auto/cmake)
[0.783s] -- Added test 'cppcheck' to perform static code analysis on C / C++ code
[0.784s] -- Configured cppcheck include dirs: /home/baba/Desktop/Dem_ros2/src/dem_cpp_pkg/include
[0.784s] -- Configured cppcheck exclude dirs and/or files: 
[0.784s] -- Added test 'flake8' to check Python code syntax and style conventions
[0.785s] -- Added test 'lint_cmake' to check CMake code style
[0.786s] -- Added test 'pep257' to check Python code against some of the docstring style conventions in PEP 257
[0.789s] -- Added test 'uncrustify' to check C / C++ code style
[0.789s] -- Configured uncrustify additional arguments: 
[0.789s] -- Added test 'xmllint' to check XML markup files
[0.791s] -- Configuring done
[0.826s] -- Generating done
[0.831s] -- Build files have been written to: /home/baba/Desktop/Dem_ros2/build/dem_cpp_pkg
