[0.008s] Invoking command in '/home/baba/Desktop/Dem_ros2/build/status_display': CMAKE_PREFIX_PATH=/home/baba/Desktop/Dem_ros2/install/status_interfaces:/home/baba/Desktop/Dem_ros2/install/status_display:/home/baba/Desktop/Dem_ros2/install/status_dispaly:/home/baba/Desktop/Dem_ros2/install/dem_cpp_topic:/home/baba/Desktop/Dem_ros2/install/dem_cpp_pkg:/opt/ros/humble /usr/bin/cmake --build /home/baba/Desktop/Dem_ros2/build/status_display -- -j16 -l16
[0.025s] -- Found ament_cmake: 1.3.11 (/opt/ros/humble/share/ament_cmake/cmake)
[0.113s] -- Found rclcpp: 16.0.11 (/opt/ros/humble/share/rclcpp/cmake)
[0.132s] -- Found rosidl_generator_c: 3.1.6 (/opt/ros/humble/share/rosidl_generator_c/cmake)
[0.133s] -- Found rosidl_adapter: 3.1.6 (/opt/ros/humble/share/rosidl_adapter/cmake)
[0.138s] -- Found rosidl_generator_cpp: 3.1.6 (/opt/ros/humble/share/rosidl_generator_cpp/cmake)
[0.144s] -- Using all available rosidl_typesupport_c: rosidl_typesupport_fastrtps_c;rosidl_typesupport_introspection_c
[0.152s] -- Using all available rosidl_typesupport_cpp: rosidl_typesupport_fastrtps_cpp;rosidl_typesupport_introspection_cpp
[0.173s] -- Found rmw_implementation_cmake: 6.1.2 (/opt/ros/humble/share/rmw_implementation_cmake/cmake)
[0.175s] -- Found rmw_fastrtps_cpp: 6.2.7 (/opt/ros/humble/share/rmw_fastrtps_cpp/cmake)
[0.241s] -- Using RMW implementation 'rmw_fastrtps_cpp' as default
[0.274s] -- Found status_interfaces: 0.0.0 (/home/baba/Desktop/Dem_ros2/install/status_interfaces/share/status_interfaces/cmake)
[0.288s] -- Found ament_lint_auto: 0.12.11 (/opt/ros/humble/share/ament_lint_auto/cmake)
[0.336s] -- Added test 'cppcheck' to perform static code analysis on C / C++ code
[0.337s] -- Configured cppcheck include dirs: 
[0.337s] -- Configured cppcheck exclude dirs and/or files: 
[0.337s] -- Added test 'lint_cmake' to check CMake code style
[0.337s] -- Added test 'uncrustify' to check C / C++ code style
[0.337s] -- Configured uncrustify additional arguments: 
[0.338s] -- Added test 'xmllint' to check XML markup files
[0.338s] -- Configuring done
[0.356s] -- Generating done
[0.359s] -- Build files have been written to: /home/baba/Desktop/Dem_ros2/build/status_display
[0.385s] [35m[1mConsolidate compiler generated dependencies of target hello_qt[0m
[0.394s] [ 25%] [32mBuilding CXX object CMakeFiles/sys_status_display.dir/src/sys_tatus_display.cpp.o[0m
[0.398s] [ 75%] Built target hello_qt
[7.455s] [100%] [32m[1mLinking CXX executable sys_status_display[0m
[8.125s] [100%] Built target sys_status_display
[8.135s] Invoked command in '/home/baba/Desktop/Dem_ros2/build/status_display' returned '0': CMAKE_PREFIX_PATH=/home/baba/Desktop/Dem_ros2/install/status_interfaces:/home/baba/Desktop/Dem_ros2/install/status_display:/home/baba/Desktop/Dem_ros2/install/status_dispaly:/home/baba/Desktop/Dem_ros2/install/dem_cpp_topic:/home/baba/Desktop/Dem_ros2/install/dem_cpp_pkg:/opt/ros/humble /usr/bin/cmake --build /home/baba/Desktop/Dem_ros2/build/status_display -- -j16 -l16
[8.135s] Invoking command in '/home/baba/Desktop/Dem_ros2/build/status_display': CMAKE_PREFIX_PATH=/home/baba/Desktop/Dem_ros2/install/status_interfaces:/home/baba/Desktop/Dem_ros2/install/status_display:/home/baba/Desktop/Dem_ros2/install/status_dispaly:/home/baba/Desktop/Dem_ros2/install/dem_cpp_topic:/home/baba/Desktop/Dem_ros2/install/dem_cpp_pkg:/opt/ros/humble /usr/bin/cmake --install /home/baba/Desktop/Dem_ros2/build/status_display
[8.140s] -- Install configuration: ""
[8.141s] -- Up-to-date: /home/baba/Desktop/Dem_ros2/install/status_display/lib/status_display/hello_qt
[8.141s] -- Installing: /home/baba/Desktop/Dem_ros2/install/status_display/lib/status_display/sys_status_display
[8.143s] -- Set runtime path of "/home/baba/Desktop/Dem_ros2/install/status_display/lib/status_display/sys_status_display" to ""
[8.144s] -- Up-to-date: /home/baba/Desktop/Dem_ros2/install/status_display/share/ament_index/resource_index/package_run_dependencies/status_display
[8.144s] -- Installing: /home/baba/Desktop/Dem_ros2/install/status_display/share/ament_index/resource_index/parent_prefix_path/status_display
[8.144s] -- Up-to-date: /home/baba/Desktop/Dem_ros2/install/status_display/share/status_display/environment/ament_prefix_path.sh
[8.144s] -- Installing: /home/baba/Desktop/Dem_ros2/install/status_display/share/status_display/environment/ament_prefix_path.dsv
[8.144s] -- Up-to-date: /home/baba/Desktop/Dem_ros2/install/status_display/share/status_display/environment/path.sh
[8.145s] -- Installing: /home/baba/Desktop/Dem_ros2/install/status_display/share/status_display/environment/path.dsv
[8.145s] -- Up-to-date: /home/baba/Desktop/Dem_ros2/install/status_display/share/status_display/local_setup.bash
[8.145s] -- Up-to-date: /home/baba/Desktop/Dem_ros2/install/status_display/share/status_display/local_setup.sh
[8.145s] -- Up-to-date: /home/baba/Desktop/Dem_ros2/install/status_display/share/status_display/local_setup.zsh
[8.145s] -- Installing: /home/baba/Desktop/Dem_ros2/install/status_display/share/status_display/local_setup.dsv
[8.145s] -- Installing: /home/baba/Desktop/Dem_ros2/install/status_display/share/status_display/package.dsv
[8.145s] -- Up-to-date: /home/baba/Desktop/Dem_ros2/install/status_display/share/ament_index/resource_index/packages/status_display
[8.145s] -- Up-to-date: /home/baba/Desktop/Dem_ros2/install/status_display/share/status_display/cmake/status_displayConfig.cmake
[8.145s] -- Up-to-date: /home/baba/Desktop/Dem_ros2/install/status_display/share/status_display/cmake/status_displayConfig-version.cmake
[8.146s] -- Up-to-date: /home/baba/Desktop/Dem_ros2/install/status_display/share/status_display/package.xml
[8.147s] Invoked command in '/home/baba/Desktop/Dem_ros2/build/status_display' returned '0': CMAKE_PREFIX_PATH=/home/baba/Desktop/Dem_ros2/install/status_interfaces:/home/baba/Desktop/Dem_ros2/install/status_display:/home/baba/Desktop/Dem_ros2/install/status_dispaly:/home/baba/Desktop/Dem_ros2/install/dem_cpp_topic:/home/baba/Desktop/Dem_ros2/install/dem_cpp_pkg:/opt/ros/humble /usr/bin/cmake --install /home/baba/Desktop/Dem_ros2/build/status_display
