[0.020s] Invoking command in '/home/baba/Desktop/Dem_ros2/build/dem_cpp_topic': CMAKE_PREFIX_PATH=${CMAKE_PREFIX_PATH}:/opt/ros/humble /usr/bin/cmake --build /home/baba/Desktop/Dem_ros2/build/dem_cpp_topic -- -j16 -l16
[0.176s] [35m[1mConsolidate compiler generated dependencies of target robot_control[0m
[0.183s] [ 33%] Built target turtle_control
[0.184s] [ 66%] Built target turtlesim_cicle
[0.189s] [ 83%] [32mBuilding CXX object CMakeFiles/robot_control.dir/src/robot_control.cpp.o[0m
[5.577s] [100%] [32m[1mLinking CXX executable robot_control[0m
[5.901s] [100%] Built target robot_control
[5.909s] Invoked command in '/home/baba/Desktop/Dem_ros2/build/dem_cpp_topic' returned '0': CMAKE_PREFIX_PATH=${CMAKE_PREFIX_PATH}:/opt/ros/humble /usr/bin/cmake --build /home/baba/Desktop/Dem_ros2/build/dem_cpp_topic -- -j16 -l16
[5.912s] Invoking command in '/home/baba/Desktop/Dem_ros2/build/dem_cpp_topic': CMAKE_PREFIX_PATH=${CMAKE_PREFIX_PATH}:/opt/ros/humble /usr/bin/cmake --install /home/baba/Desktop/Dem_ros2/build/dem_cpp_topic
[5.916s] -- Install configuration: ""
[5.917s] -- Up-to-date: /home/baba/Desktop/Dem_ros2/install/dem_cpp_topic/lib/dem_cpp_topic/turtlesim_cicle
[5.918s] -- Up-to-date: /home/baba/Desktop/Dem_ros2/install/dem_cpp_topic/lib/dem_cpp_topic/turtle_control
[5.918s] -- Installing: /home/baba/Desktop/Dem_ros2/install/dem_cpp_topic/lib/dem_cpp_topic/robot_control
[5.921s] -- Set runtime path of "/home/baba/Desktop/Dem_ros2/install/dem_cpp_topic/lib/dem_cpp_topic/robot_control" to ""
[5.921s] -- Up-to-date: /home/baba/Desktop/Dem_ros2/install/dem_cpp_topic/share/ament_index/resource_index/package_run_dependencies/dem_cpp_topic
[5.921s] -- Up-to-date: /home/baba/Desktop/Dem_ros2/install/dem_cpp_topic/share/ament_index/resource_index/parent_prefix_path/dem_cpp_topic
[5.922s] -- Up-to-date: /home/baba/Desktop/Dem_ros2/install/dem_cpp_topic/share/dem_cpp_topic/environment/ament_prefix_path.sh
[5.922s] -- Up-to-date: /home/baba/Desktop/Dem_ros2/install/dem_cpp_topic/share/dem_cpp_topic/environment/ament_prefix_path.dsv
[5.922s] -- Up-to-date: /home/baba/Desktop/Dem_ros2/install/dem_cpp_topic/share/dem_cpp_topic/environment/path.sh
[5.923s] -- Up-to-date: /home/baba/Desktop/Dem_ros2/install/dem_cpp_topic/share/dem_cpp_topic/environment/path.dsv
[5.923s] -- Up-to-date: /home/baba/Desktop/Dem_ros2/install/dem_cpp_topic/share/dem_cpp_topic/local_setup.bash
[5.923s] -- Up-to-date: /home/baba/Desktop/Dem_ros2/install/dem_cpp_topic/share/dem_cpp_topic/local_setup.sh
[5.923s] -- Up-to-date: /home/baba/Desktop/Dem_ros2/install/dem_cpp_topic/share/dem_cpp_topic/local_setup.zsh
[5.923s] -- Up-to-date: /home/baba/Desktop/Dem_ros2/install/dem_cpp_topic/share/dem_cpp_topic/local_setup.dsv
[5.923s] -- Installing: /home/baba/Desktop/Dem_ros2/install/dem_cpp_topic/share/dem_cpp_topic/package.dsv
[5.923s] -- Up-to-date: /home/baba/Desktop/Dem_ros2/install/dem_cpp_topic/share/ament_index/resource_index/packages/dem_cpp_topic
[5.924s] -- Up-to-date: /home/baba/Desktop/Dem_ros2/install/dem_cpp_topic/share/dem_cpp_topic/cmake/dem_cpp_topicConfig.cmake
[5.924s] -- Up-to-date: /home/baba/Desktop/Dem_ros2/install/dem_cpp_topic/share/dem_cpp_topic/cmake/dem_cpp_topicConfig-version.cmake
[5.924s] -- Up-to-date: /home/baba/Desktop/Dem_ros2/install/dem_cpp_topic/share/dem_cpp_topic/package.xml
[5.926s] Invoked command in '/home/baba/Desktop/Dem_ros2/build/dem_cpp_topic' returned '0': CMAKE_PREFIX_PATH=${CMAKE_PREFIX_PATH}:/opt/ros/humble /usr/bin/cmake --install /home/baba/Desktop/Dem_ros2/build/dem_cpp_topic
