[0.014s] Invoking command in '/home/baba/Desktop/Dem_ros2/build/dem_cpp_topic': CMAKE_PREFIX_PATH=${CMAKE_PREFIX_PATH}:/opt/ros/humble /usr/bin/cmake --build /home/baba/Desktop/Dem_ros2/build/dem_cpp_topic -- -j16 -l16
[0.040s] [35m[1mConsolidate compiler generated dependencies of target robot_control[0m
[0.056s] [ 16%] [32mBuilding CXX object CMakeFiles/robot_control.dir/src/robot_control.cpp.o[0m
[0.057s] [ 50%] Built target turtlesim_cicle
[0.060s] [ 83%] Built target turtle_control
[1.494s] In file included from [01m[K/usr/include/c++/11/pstl/glue_algorithm_defs.h:13[m[K,
[1.495s]                  from [01m[K/usr/include/c++/11/algorithm:74[m[K,
[1.495s]                  from [01m[K/opt/ros/humble/include/geometry_msgs/geometry_msgs/msg/detail/transform_stamped__struct.hpp:8[m[K,
[1.495s]                  from [01m[K/opt/ros/humble/include/geometry_msgs/geometry_msgs/msg/transform_stamped.hpp:7[m[K,
[1.495s]                  from [01m[K/home/baba/Desktop/Dem_ros2/src/dem_cpp_topic/src/robot_control.cpp:7[m[K:
[1.495s] /usr/include/c++/11/functional: In instantiation of ‘[01m[Kstruct std::_Bind_check_arity<void (RobotControl::*)(const turtlesim::msg::Pose_<std::allocator<void> >&, geometry_msgs::msg::Twist_<std::allocator<void> >&), RobotControl*, const std::_Placeholder<2>&>[m[K’:
[1.495s] [01m[K/usr/include/c++/11/functional:768:12:[m[K   required from ‘[01m[Kstruct std::_Bind_helper<false, void (RobotControl::*)(const turtlesim::msg::Pose_<std::allocator<void> >&, geometry_msgs::msg::Twist_<std::allocator<void> >&), RobotControl*, const std::_Placeholder<2>&>[m[K’
[1.495s] [01m[K/usr/include/c++/11/functional:789:5:[m[K   required by substitution of ‘[01m[Ktemplate<class _Func, class ... _BoundArgs> typename std::_Bind_helper<std::__is_socketlike<_Func>::value, _Func, _BoundArgs ...>::type std::bind(_Func&&, _BoundArgs&& ...) [with _Func = void (RobotControl::*)(const turtlesim::msg::Pose_<std::allocator<void> >&, geometry_msgs::msg::Twist_<std::allocator<void> >&); _BoundArgs = {RobotControl*, const std::_Placeholder<2>&}][m[K’
[1.495s] [01m[K/home/baba/Desktop/Dem_ros2/src/dem_cpp_topic/src/robot_control.cpp:25:99:[m[K   required from here
[1.495s] [01m[K/usr/include/c++/11/functional:756:21:[m[K [01;31m[Kerror: [m[Kstatic assertion failed: Wrong number of arguments for pointer-to-member
[1.495s]   755 |       static_assert(_Varargs::[01;31m[Kvalue[m[K
[1.495s]       |                               [01;31m[K~~~~~[m[K
[1.495s]   756 | [01;31m[K                    ? sizeof...(_BoundArgs) >= _Arity::value + 1[m[K
[1.495s]       |                     [01;31m[K^~~~~~~~~~~~~~~~~~~~~~~~~~~~~~~~~~~~~~~~~~~~[m[K
[1.495s]   757 | [01;31m[K                    : sizeof...(_BoundArgs) == _Arity::value + 1[m[K,
[1.496s]       |                     [01;31m[K~~~~~~~~~~~~~~~~~~~~~~~~~~~~~~~~~~~~~~~~~~~~[m[K
[1.496s] [01m[K/usr/include/c++/11/functional:756:21:[m[K [01;36m[Knote: [m[K‘[01m[K(false ? (2 >= (((long unsigned int)std::integral_constant<long unsigned int, 2>::value) + 1)) : (2 == (((long unsigned int)std::integral_constant<long unsigned int, 2>::value) + 1)))[m[K’ evaluates to false
[1.778s] In file included from [01m[K/opt/ros/humble/include/rclcpp/rclcpp/subscription_base.hpp:32[m[K,
[1.779s]                  from [01m[K/opt/ros/humble/include/rclcpp/rclcpp/callback_group.hpp:29[m[K,
[1.779s]                  from [01m[K/opt/ros/humble/include/rclcpp/rclcpp/any_executable.hpp:20[m[K,
[1.779s]                  from [01m[K/opt/ros/humble/include/rclcpp/rclcpp/memory_strategy.hpp:25[m[K,
[1.779s]                  from [01m[K/opt/ros/humble/include/rclcpp/rclcpp/memory_strategies.hpp:18[m[K,
[1.779s]                  from [01m[K/opt/ros/humble/include/rclcpp/rclcpp/executor_options.hpp:20[m[K,
[1.779s]                  from [01m[K/opt/ros/humble/include/rclcpp/rclcpp/executor.hpp:37[m[K,
[1.779s]                  from [01m[K/opt/ros/humble/include/rclcpp/rclcpp/executors/multi_threaded_executor.hpp:25[m[K,
[1.779s]                  from [01m[K/opt/ros/humble/include/rclcpp/rclcpp/executors.hpp:21[m[K,
[1.779s]                  from [01m[K/opt/ros/humble/include/rclcpp/rclcpp/rclcpp.hpp:155[m[K,
[1.779s]                  from [01m[K/home/baba/Desktop/Dem_ros2/src/dem_cpp_topic/src/robot_control.cpp:9[m[K:
[1.779s] /opt/ros/humble/include/rclcpp/rclcpp/any_subscription_callback.hpp: In instantiation of ‘[01m[Krclcpp::AnySubscriptionCallback<MessageT, AllocatorT> rclcpp::AnySubscriptionCallback<MessageT, AllocatorT>::set(CallbackT) [with CallbackT = std::_Bind<void (RobotControl::*(RobotControl*, std::_Placeholder<2>))(const turtlesim::msg::Pose_<std::allocator<void> >&, geometry_msgs::msg::Twist_<std::allocator<void> >&)>; MessageT = turtlesim::msg::Pose_<std::allocator<void> >; AllocatorT = std::allocator<void>][m[K’:
[1.779s] [01m[K/opt/ros/humble/include/rclcpp/rclcpp/subscription_factory.hpp:94:32:[m[K   required from ‘[01m[Krclcpp::SubscriptionFactory rclcpp::create_subscription_factory(CallbackT&&, const rclcpp::SubscriptionOptionsWithAllocator<AllocatorT>&, typename MessageMemoryStrategyT::SharedPtr, std::shared_ptr<rclcpp::topic_statistics::SubscriptionTopicStatistics<ROSMessageType> >) [with MessageT = turtlesim::msg::Pose_<std::allocator<void> >; CallbackT = std::_Bind<void (RobotControl::*(RobotControl*, std::_Placeholder<2>))(const turtlesim::msg::Pose_<std::allocator<void> >&, geometry_msgs::msg::Twist_<std::allocator<void> >&)>; AllocatorT = std::allocator<void>; SubscriptionT = rclcpp::Subscription<turtlesim::msg::Pose_<std::allocator<void> > >; MessageMemoryStrategyT = rclcpp::message_memory_strategy::MessageMemoryStrategy<turtlesim::msg::Pose_<std::allocator<void> >, std::allocator<void> >; ROSMessageType = turtlesim::msg::Pose_<std::allocator<void> >; typename MessageMemoryStrategyT::SharedPtr = std::shared_ptr<rclcpp::message_memory_strategy::MessageMemoryStrategy<turtlesim::msg::Pose_<std::allocator<void> >, std::allocator<void> > >][m[K’
[1.779s] [01m[K/opt/ros/humble/include/rclcpp/rclcpp/create_subscription.hpp:122:63:[m[K   required from ‘[01m[Kstd::shared_ptr<ROSMessageT> rclcpp::detail::create_subscription(NodeParametersT&, NodeTopicsT&, const string&, const rclcpp::QoS&, CallbackT&&, const rclcpp::SubscriptionOptionsWithAllocator<AllocatorT>&, typename MessageMemoryStrategyT::SharedPtr) [with MessageT = turtlesim::msg::Pose_<std::allocator<void> >; CallbackT = std::_Bind<void (RobotControl::*(RobotControl*, std::_Placeholder<2>))(const turtlesim::msg::Pose_<std::allocator<void> >&, geometry_msgs::msg::Twist_<std::allocator<void> >&)>; AllocatorT = std::allocator<void>; SubscriptionT = rclcpp::Subscription<turtlesim::msg::Pose_<std::allocator<void> > >; MessageMemoryStrategyT = rclcpp::message_memory_strategy::MessageMemoryStrategy<turtlesim::msg::Pose_<std::allocator<void> >, std::allocator<void> >; NodeParametersT = rclcpp::Node; NodeTopicsT = rclcpp::Node; ROSMessageType = turtlesim::msg::Pose_<std::allocator<void> >; std::string = std::__cxx11::basic_string<char>; typename MessageMemoryStrategyT::SharedPtr = std::shared_ptr<rclcpp::message_memory_strategy::MessageMemoryStrategy<turtlesim::msg::Pose_<std::allocator<void> >, std::allocator<void> > >][m[K’
[1.779s] [01m[K/opt/ros/humble/include/rclcpp/rclcpp/create_subscription.hpp:191:76:[m[K   required from ‘[01m[Kstd::shared_ptr<ROSMessageT> rclcpp::create_subscription(NodeT&, const string&, const rclcpp::QoS&, CallbackT&&, const rclcpp::SubscriptionOptionsWithAllocator<AllocatorT>&, typename MessageMemoryStrategyT::SharedPtr) [with MessageT = turtlesim::msg::Pose_<std::allocator<void> >; CallbackT = std::_Bind<void (RobotControl::*(RobotControl*, std::_Placeholder<2>))(const turtlesim::msg::Pose_<std::allocator<void> >&, geometry_msgs::msg::Twist_<std::allocator<void> >&)>; AllocatorT = std::allocator<void>; SubscriptionT = rclcpp::Subscription<turtlesim::msg::Pose_<std::allocator<void> > >; MessageMemoryStrategyT = rclcpp::message_memory_strategy::MessageMemoryStrategy<turtlesim::msg::Pose_<std::allocator<void> >, std::allocator<void> >; NodeT = rclcpp::Node; std::string = std::__cxx11::basic_string<char>; typename MessageMemoryStrategyT::SharedPtr = std::shared_ptr<rclcpp::message_memory_strategy::MessageMemoryStrategy<turtlesim::msg::Pose_<std::allocator<void> >, std::allocator<void> > >][m[K’
[1.779s] [01m[K/opt/ros/humble/include/rclcpp/rclcpp/node_impl.hpp:99:47:[m[K   required from ‘[01m[Kstd::shared_ptr<ROSMessageT> rclcpp::Node::create_subscription(const string&, const rclcpp::QoS&, CallbackT&&, const rclcpp::SubscriptionOptionsWithAllocator<AllocatorT>&, typename MessageMemoryStrategyT::SharedPtr) [with MessageT = turtlesim::msg::Pose_<std::allocator<void> >; CallbackT = std::_Bind<void (RobotControl::*(RobotControl*, std::_Placeholder<2>))(const turtlesim::msg::Pose_<std::allocator<void> >&, geometry_msgs::msg::Twist_<std::allocator<void> >&)>; AllocatorT = std::allocator<void>; SubscriptionT = rclcpp::Subscription<turtlesim::msg::Pose_<std::allocator<void> > >; MessageMemoryStrategyT = rclcpp::message_memory_strategy::MessageMemoryStrategy<turtlesim::msg::Pose_<std::allocator<void> >, std::allocator<void> >; std::string = std::__cxx11::basic_string<char>; typename MessageMemoryStrategyT::SharedPtr = std::shared_ptr<rclcpp::message_memory_strategy::MessageMemoryStrategy<turtlesim::msg::Pose_<std::allocator<void> >, std::allocator<void> > >][m[K’
[1.780s] [01m[K/home/baba/Desktop/Dem_ros2/src/dem_cpp_topic/src/robot_control.cpp:25:68:[m[K   required from here
[1.780s] [01m[K/opt/ros/humble/include/rclcpp/rclcpp/any_subscription_callback.hpp:394:27:[m[K [01;31m[Kerror: [m[Kno matching function for call to ‘[01m[Kstd::function<void(const turtlesim::msg::Pose_<std::allocator<void> >&, geometry_msgs::msg::Twist_<std::allocator<void> >&)>::function(std::_Bind<void (RobotControl::*(RobotControl*, std::_Placeholder<2>))(const turtlesim::msg::Pose_<std::allocator<void> >&, geometry_msgs::msg::Twist_<std::allocator<void> >&)>&)[m[K’
[1.780s]   394 |       callback_variant_ = [01;31m[Kstatic_cast<typename scbth::callback_type>(callback)[m[K;
[1.780s]       |                           [01;31m[K^~~~~~~~~~~~~~~~~~~~~~~~~~~~~~~~~~~~~~~~~~~~~~~~~~~~[m[K
[1.780s] In file included from [01m[K/usr/include/c++/11/functional:59[m[K,
[1.780s]                  from [01m[K/usr/include/c++/11/pstl/glue_algorithm_defs.h:13[m[K,
[1.780s]                  from [01m[K/usr/include/c++/11/algorithm:74[m[K,
[1.780s]                  from [01m[K/opt/ros/humble/include/geometry_msgs/geometry_msgs/msg/detail/transform_stamped__struct.hpp:8[m[K,
[1.781s]                  from [01m[K/opt/ros/humble/include/geometry_msgs/geometry_msgs/msg/transform_stamped.hpp:7[m[K,
[1.781s]                  from [01m[K/home/baba/Desktop/Dem_ros2/src/dem_cpp_topic/src/robot_control.cpp:7[m[K:
[1.781s] [01m[K/usr/include/c++/11/bits/std_function.h:435:9:[m[K [01;36m[Knote: [m[Kcandidate: ‘[01m[Ktemplate<class _Functor, class _Constraints> std::function<_Res(_ArgTypes ...)>::function(_Functor&&) [with _Functor = _Functor; _Constraints = _Constraints; _Res = void; _ArgTypes = {const turtlesim::msg::Pose_<std::allocator<void> >&, geometry_msgs::msg::Twist_<std::allocator<void> >&}][m[K’
[1.781s]   435 |         [01;36m[Kfunction[m[K(_Functor&& __f)
[1.781s]       |         [01;36m[K^~~~~~~~[m[K
[1.781s] [01m[K/usr/include/c++/11/bits/std_function.h:435:9:[m[K [01;36m[Knote: [m[K  template argument deduction/substitution failed:
[1.781s] In file included from [01m[K/usr/include/c++/11/bits/move.h:57[m[K,
[1.781s]                  from [01m[K/usr/include/c++/11/bits/stl_pair.h:59[m[K,
[1.781s]                  from [01m[K/usr/include/c++/11/utility:70[m[K,
[1.781s]                  from [01m[K/usr/include/c++/11/algorithm:60[m[K,
[1.781s]                  from [01m[K/opt/ros/humble/include/geometry_msgs/geometry_msgs/msg/detail/transform_stamped__struct.hpp:8[m[K,
[1.781s]                  from [01m[K/opt/ros/humble/include/geometry_msgs/geometry_msgs/msg/transform_stamped.hpp:7[m[K,
[1.781s]                  from [01m[K/home/baba/Desktop/Dem_ros2/src/dem_cpp_topic/src/robot_control.cpp:7[m[K:
[1.781s] /usr/include/c++/11/type_traits: In substitution of ‘[01m[Ktemplate<bool _Cond, class _Tp> using __enable_if_t = typename std::enable_if::type [with bool _Cond = false; _Tp = void][m[K’:
[1.781s] [01m[K/usr/include/c++/11/bits/std_function.h:353:8:[m[K   required by substitution of ‘[01m[Ktemplate<class _Res, class ... _ArgTypes> template<class _Cond, class _Tp> using _Requires = std::__enable_if_t<_Cond::value, _Tp> [with _Cond = std::function<void(const turtlesim::msg::Pose_<std::allocator<void> >&, geometry_msgs::msg::Twist_<std::allocator<void> >&)>::_Callable<std::_Bind<void (RobotControl::*(RobotControl*, std::_Placeholder<2>))(const turtlesim::msg::Pose_<std::allocator<void> >&, geometry_msgs::msg::Twist_<std::allocator<void> >&)>&, std::_Bind<void (RobotControl::*(RobotControl*, std::_Placeholder<2>))(const turtlesim::msg::Pose_<std::allocator<void> >&, geometry_msgs::msg::Twist_<std::allocator<void> >&)>, std::__invoke_result<std::_Bind<void (RobotControl::*(RobotControl*, std::_Placeholder<2>))(const turtlesim::msg::Pose_<std::allocator<void> >&, geometry_msgs::msg::Twist_<std::allocator<void> >&)>&, const turtlesim::msg::Pose_<std::allocator<void> >&, geometry_msgs::msg::Twist_<std::allocator<void> >&> >; _Tp = void; _Res = void; _ArgTypes = {const turtlesim::msg::Pose_<std::allocator<void> >&, geometry_msgs::msg::Twist_<std::allocator<void> >&}][m[K’
[1.782s] [01m[K/usr/include/c++/11/bits/std_function.h:434:9:[m[K   required from ‘[01m[Krclcpp::AnySubscriptionCallback<MessageT, AllocatorT> rclcpp::AnySubscriptionCallback<MessageT, AllocatorT>::set(CallbackT) [with CallbackT = std::_Bind<void (RobotControl::*(RobotControl*, std::_Placeholder<2>))(const turtlesim::msg::Pose_<std::allocator<void> >&, geometry_msgs::msg::Twist_<std::allocator<void> >&)>; MessageT = turtlesim::msg::Pose_<std::allocator<void> >; AllocatorT = std::allocator<void>][m[K’
[1.782s] [01m[K/opt/ros/humble/include/rclcpp/rclcpp/subscription_factory.hpp:94:32:[m[K   required from ‘[01m[Krclcpp::SubscriptionFactory rclcpp::create_subscription_factory(CallbackT&&, const rclcpp::SubscriptionOptionsWithAllocator<AllocatorT>&, typename MessageMemoryStrategyT::SharedPtr, std::shared_ptr<rclcpp::topic_statistics::SubscriptionTopicStatistics<ROSMessageType> >) [with MessageT = turtlesim::msg::Pose_<std::allocator<void> >; CallbackT = std::_Bind<void (RobotControl::*(RobotControl*, std::_Placeholder<2>))(const turtlesim::msg::Pose_<std::allocator<void> >&, geometry_msgs::msg::Twist_<std::allocator<void> >&)>; AllocatorT = std::allocator<void>; SubscriptionT = rclcpp::Subscription<turtlesim::msg::Pose_<std::allocator<void> > >; MessageMemoryStrategyT = rclcpp::message_memory_strategy::MessageMemoryStrategy<turtlesim::msg::Pose_<std::allocator<void> >, std::allocator<void> >; ROSMessageType = turtlesim::msg::Pose_<std::allocator<void> >; typename MessageMemoryStrategyT::SharedPtr = std::shared_ptr<rclcpp::message_memory_strategy::MessageMemoryStrategy<turtlesim::msg::Pose_<std::allocator<void> >, std::allocator<void> > >][m[K’
[1.782s] [01m[K/opt/ros/humble/include/rclcpp/rclcpp/create_subscription.hpp:122:63:[m[K   required from ‘[01m[Kstd::shared_ptr<ROSMessageT> rclcpp::detail::create_subscription(NodeParametersT&, NodeTopicsT&, const string&, const rclcpp::QoS&, CallbackT&&, const rclcpp::SubscriptionOptionsWithAllocator<AllocatorT>&, typename MessageMemoryStrategyT::SharedPtr) [with MessageT = turtlesim::msg::Pose_<std::allocator<void> >; CallbackT = std::_Bind<void (RobotControl::*(RobotControl*, std::_Placeholder<2>))(const turtlesim::msg::Pose_<std::allocator<void> >&, geometry_msgs::msg::Twist_<std::allocator<void> >&)>; AllocatorT = std::allocator<void>; SubscriptionT = rclcpp::Subscription<turtlesim::msg::Pose_<std::allocator<void> > >; MessageMemoryStrategyT = rclcpp::message_memory_strategy::MessageMemoryStrategy<turtlesim::msg::Pose_<std::allocator<void> >, std::allocator<void> >; NodeParametersT = rclcpp::Node; NodeTopicsT = rclcpp::Node; ROSMessageType = turtlesim::msg::Pose_<std::allocator<void> >; std::string = std::__cxx11::basic_string<char>; typename MessageMemoryStrategyT::SharedPtr = std::shared_ptr<rclcpp::message_memory_strategy::MessageMemoryStrategy<turtlesim::msg::Pose_<std::allocator<void> >, std::allocator<void> > >][m[K’
[1.782s] [01m[K/opt/ros/humble/include/rclcpp/rclcpp/create_subscription.hpp:191:76:[m[K   required from ‘[01m[Kstd::shared_ptr<ROSMessageT> rclcpp::create_subscription(NodeT&, const string&, const rclcpp::QoS&, CallbackT&&, const rclcpp::SubscriptionOptionsWithAllocator<AllocatorT>&, typename MessageMemoryStrategyT::SharedPtr) [with MessageT = turtlesim::msg::Pose_<std::allocator<void> >; CallbackT = std::_Bind<void (RobotControl::*(RobotControl*, std::_Placeholder<2>))(const turtlesim::msg::Pose_<std::allocator<void> >&, geometry_msgs::msg::Twist_<std::allocator<void> >&)>; AllocatorT = std::allocator<void>; SubscriptionT = rclcpp::Subscription<turtlesim::msg::Pose_<std::allocator<void> > >; MessageMemoryStrategyT = rclcpp::message_memory_strategy::MessageMemoryStrategy<turtlesim::msg::Pose_<std::allocator<void> >, std::allocator<void> >; NodeT = rclcpp::Node; std::string = std::__cxx11::basic_string<char>; typename MessageMemoryStrategyT::SharedPtr = std::shared_ptr<rclcpp::message_memory_strategy::MessageMemoryStrategy<turtlesim::msg::Pose_<std::allocator<void> >, std::allocator<void> > >][m[K’
[1.782s] [01m[K/opt/ros/humble/include/rclcpp/rclcpp/node_impl.hpp:99:47:[m[K   required from ‘[01m[Kstd::shared_ptr<ROSMessageT> rclcpp::Node::create_subscription(const string&, const rclcpp::QoS&, CallbackT&&, const rclcpp::SubscriptionOptionsWithAllocator<AllocatorT>&, typename MessageMemoryStrategyT::SharedPtr) [with MessageT = turtlesim::msg::Pose_<std::allocator<void> >; CallbackT = std::_Bind<void (RobotControl::*(RobotControl*, std::_Placeholder<2>))(const turtlesim::msg::Pose_<std::allocator<void> >&, geometry_msgs::msg::Twist_<std::allocator<void> >&)>; AllocatorT = std::allocator<void>; SubscriptionT = rclcpp::Subscription<turtlesim::msg::Pose_<std::allocator<void> > >; MessageMemoryStrategyT = rclcpp::message_memory_strategy::MessageMemoryStrategy<turtlesim::msg::Pose_<std::allocator<void> >, std::allocator<void> >; std::string = std::__cxx11::basic_string<char>; typename MessageMemoryStrategyT::SharedPtr = std::shared_ptr<rclcpp::message_memory_strategy::MessageMemoryStrategy<turtlesim::msg::Pose_<std::allocator<void> >, std::allocator<void> > >][m[K’
[1.782s] [01m[K/home/baba/Desktop/Dem_ros2/src/dem_cpp_topic/src/robot_control.cpp:25:68:[m[K   required from here
[1.782s] [01m[K/usr/include/c++/11/type_traits:2205:11:[m[K [01;31m[Kerror: [m[Kno type named ‘[01m[Ktype[m[K’ in ‘[01m[Kstruct std::enable_if<false, void>[m[K’
[1.782s]  2205 |     using [01;31m[K__enable_if_t[m[K = typename enable_if<_Cond, _Tp>::type;
[1.782s]       |           [01;31m[K^~~~~~~~~~~~~[m[K
[1.782s] In file included from [01m[K/usr/include/c++/11/functional:59[m[K,
[1.782s]                  from [01m[K/usr/include/c++/11/pstl/glue_algorithm_defs.h:13[m[K,
[1.782s]                  from [01m[K/usr/include/c++/11/algorithm:74[m[K,
[1.783s]                  from [01m[K/opt/ros/humble/include/geometry_msgs/geometry_msgs/msg/detail/transform_stamped__struct.hpp:8[m[K,
[1.783s]                  from [01m[K/opt/ros/humble/include/geometry_msgs/geometry_msgs/msg/transform_stamped.hpp:7[m[K,
[1.783s]                  from [01m[K/home/baba/Desktop/Dem_ros2/src/dem_cpp_topic/src/robot_control.cpp:7[m[K:
[1.783s] /opt/ros/humble/include/rclcpp/rclcpp/any_subscription_callback.hpp: In instantiation of ‘[01m[Krclcpp::AnySubscriptionCallback<MessageT, AllocatorT> rclcpp::AnySubscriptionCallback<MessageT, AllocatorT>::set(CallbackT) [with CallbackT = std::_Bind<void (RobotControl::*(RobotControl*, std::_Placeholder<2>))(const turtlesim::msg::Pose_<std::allocator<void> >&, geometry_msgs::msg::Twist_<std::allocator<void> >&)>; MessageT = turtlesim::msg::Pose_<std::allocator<void> >; AllocatorT = std::allocator<void>][m[K’:
[1.783s] [01m[K/opt/ros/humble/include/rclcpp/rclcpp/subscription_factory.hpp:94:32:[m[K   required from ‘[01m[Krclcpp::SubscriptionFactory rclcpp::create_subscription_factory(CallbackT&&, const rclcpp::SubscriptionOptionsWithAllocator<AllocatorT>&, typename MessageMemoryStrategyT::SharedPtr, std::shared_ptr<rclcpp::topic_statistics::SubscriptionTopicStatistics<ROSMessageType> >) [with MessageT = turtlesim::msg::Pose_<std::allocator<void> >; CallbackT = std::_Bind<void (RobotControl::*(RobotControl*, std::_Placeholder<2>))(const turtlesim::msg::Pose_<std::allocator<void> >&, geometry_msgs::msg::Twist_<std::allocator<void> >&)>; AllocatorT = std::allocator<void>; SubscriptionT = rclcpp::Subscription<turtlesim::msg::Pose_<std::allocator<void> > >; MessageMemoryStrategyT = rclcpp::message_memory_strategy::MessageMemoryStrategy<turtlesim::msg::Pose_<std::allocator<void> >, std::allocator<void> >; ROSMessageType = turtlesim::msg::Pose_<std::allocator<void> >; typename MessageMemoryStrategyT::SharedPtr = std::shared_ptr<rclcpp::message_memory_strategy::MessageMemoryStrategy<turtlesim::msg::Pose_<std::allocator<void> >, std::allocator<void> > >][m[K’
[1.783s] [01m[K/opt/ros/humble/include/rclcpp/rclcpp/create_subscription.hpp:122:63:[m[K   required from ‘[01m[Kstd::shared_ptr<ROSMessageT> rclcpp::detail::create_subscription(NodeParametersT&, NodeTopicsT&, const string&, const rclcpp::QoS&, CallbackT&&, const rclcpp::SubscriptionOptionsWithAllocator<AllocatorT>&, typename MessageMemoryStrategyT::SharedPtr) [with MessageT = turtlesim::msg::Pose_<std::allocator<void> >; CallbackT = std::_Bind<void (RobotControl::*(RobotControl*, std::_Placeholder<2>))(const turtlesim::msg::Pose_<std::allocator<void> >&, geometry_msgs::msg::Twist_<std::allocator<void> >&)>; AllocatorT = std::allocator<void>; SubscriptionT = rclcpp::Subscription<turtlesim::msg::Pose_<std::allocator<void> > >; MessageMemoryStrategyT = rclcpp::message_memory_strategy::MessageMemoryStrategy<turtlesim::msg::Pose_<std::allocator<void> >, std::allocator<void> >; NodeParametersT = rclcpp::Node; NodeTopicsT = rclcpp::Node; ROSMessageType = turtlesim::msg::Pose_<std::allocator<void> >; std::string = std::__cxx11::basic_string<char>; typename MessageMemoryStrategyT::SharedPtr = std::shared_ptr<rclcpp::message_memory_strategy::MessageMemoryStrategy<turtlesim::msg::Pose_<std::allocator<void> >, std::allocator<void> > >][m[K’
[1.783s] [01m[K/opt/ros/humble/include/rclcpp/rclcpp/create_subscription.hpp:191:76:[m[K   required from ‘[01m[Kstd::shared_ptr<ROSMessageT> rclcpp::create_subscription(NodeT&, const string&, const rclcpp::QoS&, CallbackT&&, const rclcpp::SubscriptionOptionsWithAllocator<AllocatorT>&, typename MessageMemoryStrategyT::SharedPtr) [with MessageT = turtlesim::msg::Pose_<std::allocator<void> >; CallbackT = std::_Bind<void (RobotControl::*(RobotControl*, std::_Placeholder<2>))(const turtlesim::msg::Pose_<std::allocator<void> >&, geometry_msgs::msg::Twist_<std::allocator<void> >&)>; AllocatorT = std::allocator<void>; SubscriptionT = rclcpp::Subscription<turtlesim::msg::Pose_<std::allocator<void> > >; MessageMemoryStrategyT = rclcpp::message_memory_strategy::MessageMemoryStrategy<turtlesim::msg::Pose_<std::allocator<void> >, std::allocator<void> >; NodeT = rclcpp::Node; std::string = std::__cxx11::basic_string<char>; typename MessageMemoryStrategyT::SharedPtr = std::shared_ptr<rclcpp::message_memory_strategy::MessageMemoryStrategy<turtlesim::msg::Pose_<std::allocator<void> >, std::allocator<void> > >][m[K’
[1.783s] [01m[K/opt/ros/humble/include/rclcpp/rclcpp/node_impl.hpp:99:47:[m[K   required from ‘[01m[Kstd::shared_ptr<ROSMessageT> rclcpp::Node::create_subscription(const string&, const rclcpp::QoS&, CallbackT&&, const rclcpp::SubscriptionOptionsWithAllocator<AllocatorT>&, typename MessageMemoryStrategyT::SharedPtr) [with MessageT = turtlesim::msg::Pose_<std::allocator<void> >; CallbackT = std::_Bind<void (RobotControl::*(RobotControl*, std::_Placeholder<2>))(const turtlesim::msg::Pose_<std::allocator<void> >&, geometry_msgs::msg::Twist_<std::allocator<void> >&)>; AllocatorT = std::allocator<void>; SubscriptionT = rclcpp::Subscription<turtlesim::msg::Pose_<std::allocator<void> > >; MessageMemoryStrategyT = rclcpp::message_memory_strategy::MessageMemoryStrategy<turtlesim::msg::Pose_<std::allocator<void> >, std::allocator<void> >; std::string = std::__cxx11::basic_string<char>; typename MessageMemoryStrategyT::SharedPtr = std::shared_ptr<rclcpp::message_memory_strategy::MessageMemoryStrategy<turtlesim::msg::Pose_<std::allocator<void> >, std::allocator<void> > >][m[K’
[1.783s] [01m[K/home/baba/Desktop/Dem_ros2/src/dem_cpp_topic/src/robot_control.cpp:25:68:[m[K   required from here
[1.783s] [01m[K/usr/include/c++/11/bits/std_function.h:404:7:[m[K [01;36m[Knote: [m[Kcandidate: ‘[01m[Kstd::function<_Res(_ArgTypes ...)>::function(std::function<_Res(_ArgTypes ...)>&&) [with _Res = void; _ArgTypes = {const turtlesim::msg::Pose_<std::allocator<void> >&, geometry_msgs::msg::Twist_<std::allocator<void> >&}][m[K’
[1.783s]   404 |       [01;36m[Kfunction[m[K(function&& __x) noexcept
[1.783s]       |       [01;36m[K^~~~~~~~[m[K
[1.784s] [01m[K/usr/include/c++/11/bits/std_function.h:404:27:[m[K [01;36m[Knote: [m[K  no known conversion for argument 1 from ‘[01m[Kstd::_Bind<void (RobotControl::*(RobotControl*, std::_Placeholder<2>))(const turtlesim::msg::Pose_<std::allocator<void> >&, geometry_msgs::msg::Twist_<std::allocator<void> >&)>[m[K’ to ‘[01m[Kstd::function<void(const turtlesim::msg::Pose_<std::allocator<void> >&, geometry_msgs::msg::Twist_<std::allocator<void> >&)>&&[m[K’
[1.784s]   404 |       function([01;36m[Kfunction&& __x[m[K) noexcept
[1.784s]       |                [01;36m[K~~~~~~~~~~~^~~[m[K
[1.784s] [01m[K/usr/include/c++/11/bits/std_function.h:386:7:[m[K [01;36m[Knote: [m[Kcandidate: ‘[01m[Kstd::function<_Res(_ArgTypes ...)>::function(const std::function<_Res(_ArgTypes ...)>&) [with _Res = void; _ArgTypes = {const turtlesim::msg::Pose_<std::allocator<void> >&, geometry_msgs::msg::Twist_<std::allocator<void> >&}][m[K’
[1.784s]   386 |       [01;36m[Kfunction[m[K(const function& __x)
[1.784s]       |       [01;36m[K^~~~~~~~[m[K
[1.784s] [01m[K/usr/include/c++/11/bits/std_function.h:386:32:[m[K [01;36m[Knote: [m[K  no known conversion for argument 1 from ‘[01m[Kstd::_Bind<void (RobotControl::*(RobotControl*, std::_Placeholder<2>))(const turtlesim::msg::Pose_<std::allocator<void> >&, geometry_msgs::msg::Twist_<std::allocator<void> >&)>[m[K’ to ‘[01m[Kconst std::function<void(const turtlesim::msg::Pose_<std::allocator<void> >&, geometry_msgs::msg::Twist_<std::allocator<void> >&)>&[m[K’
[1.784s]   386 |       function([01;36m[Kconst function& __x[m[K)
[1.784s]       |                [01;36m[K~~~~~~~~~~~~~~~~^~~[m[K
[1.784s] [01m[K/usr/include/c++/11/bits/std_function.h:375:7:[m[K [01;36m[Knote: [m[Kcandidate: ‘[01m[Kstd::function<_Res(_ArgTypes ...)>::function(std::nullptr_t) [with _Res = void; _ArgTypes = {const turtlesim::msg::Pose_<std::allocator<void> >&, geometry_msgs::msg::Twist_<std::allocator<void> >&}; std::nullptr_t = std::nullptr_t][m[K’
[1.784s]   375 |       [01;36m[Kfunction[m[K(nullptr_t) noexcept
[1.784s]       |       [01;36m[K^~~~~~~~[m[K
[1.785s] [01m[K/usr/include/c++/11/bits/std_function.h:375:16:[m[K [01;36m[Knote: [m[K  no known conversion for argument 1 from ‘[01m[Kstd::_Bind<void (RobotControl::*(RobotControl*, std::_Placeholder<2>))(const turtlesim::msg::Pose_<std::allocator<void> >&, geometry_msgs::msg::Twist_<std::allocator<void> >&)>[m[K’ to ‘[01m[Kstd::nullptr_t[m[K’
[1.785s]   375 |       function([01;36m[Knullptr_t[m[K) noexcept
[1.785s]       |                [01;36m[K^~~~~~~~~[m[K
[1.785s] [01m[K/usr/include/c++/11/bits/std_function.h:368:7:[m[K [01;36m[Knote: [m[Kcandidate: ‘[01m[Kstd::function<_Res(_ArgTypes ...)>::function() [with _Res = void; _ArgTypes = {const turtlesim::msg::Pose_<std::allocator<void> >&, geometry_msgs::msg::Twist_<std::allocator<void> >&}][m[K’
[1.785s]   368 |       [01;36m[Kfunction[m[K() noexcept
[1.785s]       |       [01;36m[K^~~~~~~~[m[K
[1.785s] [01m[K/usr/include/c++/11/bits/std_function.h:368:7:[m[K [01;36m[Knote: [m[K  candidate expects 0 arguments, 1 provided
[3.093s] gmake[2]: *** [CMakeFiles/robot_control.dir/build.make:76：CMakeFiles/robot_control.dir/src/robot_control.cpp.o] 错误 1
[3.094s] gmake[1]: *** [CMakeFiles/Makefile2:193：CMakeFiles/robot_control.dir/all] 错误 2
[3.094s] gmake: *** [Makefile:146：all] 错误 2
[3.096s] Invoked command in '/home/baba/Desktop/Dem_ros2/build/dem_cpp_topic' returned '2': CMAKE_PREFIX_PATH=${CMAKE_PREFIX_PATH}:/opt/ros/humble /usr/bin/cmake --build /home/baba/Desktop/Dem_ros2/build/dem_cpp_topic -- -j16 -l16
