[100%] Built target sys_status_display
[100%] Built target hello_qt
-- Install configuration: ""
-- Up-to-date: /home/baba/Desktop/Dem_ros2/install/status_display/lib/status_display/hello_qt
-- Up-to-date: /home/baba/Desktop/Dem_ros2/install/status_display/lib/status_display/sys_status_display
-- Up-to-date: /home/baba/Desktop/Dem_ros2/install/status_display/share/ament_index/resource_index/package_run_dependencies/status_display
-- Up-to-date: /home/baba/Desktop/Dem_ros2/install/status_display/share/ament_index/resource_index/parent_prefix_path/status_display
-- Up-to-date: /home/baba/Desktop/Dem_ros2/install/status_display/share/status_display/environment/ament_prefix_path.sh
-- Up-to-date: /home/baba/Desktop/Dem_ros2/install/status_display/share/status_display/environment/ament_prefix_path.dsv
-- Up-to-date: /home/baba/Desktop/Dem_ros2/install/status_display/share/status_display/environment/path.sh
-- Up-to-date: /home/baba/Desktop/Dem_ros2/install/status_display/share/status_display/environment/path.dsv
-- Up-to-date: /home/baba/Desktop/Dem_ros2/install/status_display/share/status_display/local_setup.bash
-- Up-to-date: /home/baba/Desktop/Dem_ros2/install/status_display/share/status_display/local_setup.sh
-- Up-to-date: /home/baba/Desktop/Dem_ros2/install/status_display/share/status_display/local_setup.zsh
-- Up-to-date: /home/baba/Desktop/Dem_ros2/install/status_display/share/status_display/local_setup.dsv
-- Installing: /home/baba/Desktop/Dem_ros2/install/status_display/share/status_display/package.dsv
-- Up-to-date: /home/baba/Desktop/Dem_ros2/install/status_display/share/ament_index/resource_index/packages/status_display
-- Up-to-date: /home/baba/Desktop/Dem_ros2/install/status_display/share/status_display/cmake/status_displayConfig.cmake
-- Up-to-date: /home/baba/Desktop/Dem_ros2/install/status_display/share/status_display/cmake/status_displayConfig-version.cmake
-- Up-to-date: /home/baba/Desktop/Dem_ros2/install/status_display/share/status_display/package.xml
