[0.024s] Invoking command in '/home/baba/Desktop/Dem_ros2/build/status_interfaces': CMAKE_PREFIX_PATH=/opt/ros/humble /usr/bin/cmake /home/baba/Desktop/Dem_ros2/src/status_interfaces -DCMAKE_INSTALL_PREFIX=/home/baba/Desktop/Dem_ros2/install/status_interfaces
[0.059s] -- Found ament_cmake: 1.3.11 (/opt/ros/humble/share/ament_cmake/cmake)
[0.141s] -- Found builtin_interfaces: 1.2.1 (/opt/ros/humble/share/builtin_interfaces/cmake)
[0.156s] -- Found rosidl_generator_c: 3.1.6 (/opt/ros/humble/share/rosidl_generator_c/cmake)
[0.157s] -- Found rosidl_adapter: 3.1.6 (/opt/ros/humble/share/rosidl_adapter/cmake)
[0.161s] -- Found rosidl_generator_cpp: 3.1.6 (/opt/ros/humble/share/rosidl_generator_cpp/cmake)
[0.166s] -- Using all available rosidl_typesupport_c: rosidl_typesupport_fastrtps_c;rosidl_typesupport_introspection_c
[0.173s] -- Using all available rosidl_typesupport_cpp: rosidl_typesupport_fastrtps_cpp;rosidl_typesupport_introspection_cpp
[0.180s] -- Found rosidl_default_generators: 1.2.0 (/opt/ros/humble/share/rosidl_default_generators/cmake)
[0.344s] -- Found ament_cmake_ros: 0.10.0 (/opt/ros/humble/share/ament_cmake_ros/cmake)
[0.603s] -- Using all available rosidl_typesupport_c: rosidl_typesupport_fastrtps_c;rosidl_typesupport_introspection_c
[0.680s] -- Using all available rosidl_typesupport_cpp: rosidl_typesupport_fastrtps_cpp;rosidl_typesupport_introspection_cpp
[0.696s] -- Found PythonInterp: /usr/bin/python3 (found suitable version "3.10.12", minimum required is "3.6") 
[0.698s] -- Found python_cmake_module: 0.10.0 (/opt/ros/humble/share/python_cmake_module/cmake)
[0.720s] -- Found PythonLibs: /usr/lib/x86_64-linux-gnu/libpython3.10.so (found suitable version "3.10.12", minimum required is "3.5") 
[0.720s] -- Using PYTHON_EXECUTABLE: /usr/bin/python3
[0.720s] -- Using PYTHON_INCLUDE_DIRS: /usr/include/python3.10
[0.720s] -- Using PYTHON_LIBRARIES: /usr/lib/x86_64-linux-gnu/libpython3.10.so
[0.733s] -- Found PythonExtra: .so  
[0.756s] -- Found ament_lint_auto: 0.12.11 (/opt/ros/humble/share/ament_lint_auto/cmake)
[0.776s] -- Added test 'lint_cmake' to check CMake code style
[0.776s] -- Added test 'xmllint' to check XML markup files
[0.778s] -- Configuring done
[0.856s] -- Generating done
[0.862s] -- Build files have been written to: /home/baba/Desktop/Dem_ros2/build/status_interfaces
[0.867s] Invoked command in '/home/baba/Desktop/Dem_ros2/build/status_interfaces' returned '0': CMAKE_PREFIX_PATH=/opt/ros/humble /usr/bin/cmake /home/baba/Desktop/Dem_ros2/src/status_interfaces -DCMAKE_INSTALL_PREFIX=/home/baba/Desktop/Dem_ros2/install/status_interfaces
[0.869s] Invoking command in '/home/baba/Desktop/Dem_ros2/build/status_interfaces': CMAKE_PREFIX_PATH=/opt/ros/humble /usr/bin/cmake --build /home/baba/Desktop/Dem_ros2/build/status_interfaces -- -j16 -l16
[0.894s] [  3%] [34m[1mGenerating C code for ROS interfaces[0m
[0.900s] [  6%] [34m[1mGenerating C++ code for ROS interfaces[0m
[0.905s] [  6%] Built target ament_cmake_python_copy_status_interfaces
[1.033s] running egg_info
[1.034s] creating status_interfaces.egg-info
[1.034s] writing status_interfaces.egg-info/PKG-INFO
[1.034s] writing dependency_links to status_interfaces.egg-info/dependency_links.txt
[1.034s] writing top-level names to status_interfaces.egg-info/top_level.txt
[1.034s] writing manifest file 'status_interfaces.egg-info/SOURCES.txt'
[1.037s] reading manifest file 'status_interfaces.egg-info/SOURCES.txt'
[1.037s] writing manifest file 'status_interfaces.egg-info/SOURCES.txt'
[1.054s] [  6%] Built target ament_cmake_python_build_status_interfaces_egg
[1.099s] [  6%] Built target status_interfaces__cpp
[1.099s] [  9%] [32mBuilding C object CMakeFiles/status_interfaces__rosidl_generator_c.dir/rosidl_generator_c/status_interfaces/msg/detail/system_status__functions.c.o[0m
[1.105s] [ 16%] [34m[1mGenerating C++ type support dispatch for ROS interfaces[0m
[1.105s] [ 16%] [34m[1mGenerating C++ introspection for ROS interfaces[0m
[1.105s] [ 19%] [34m[1mGenerating C++ type support for eProsima Fast-RTPS[0m
[1.143s] [ 22%] [32m[1mLinking C shared library libstatus_interfaces__rosidl_generator_c.so[0m
[1.168s] [ 22%] Built target status_interfaces__rosidl_generator_c
[1.175s] [ 29%] [34m[1mGenerating C type support for eProsima Fast-RTPS[0m
[1.176s] [ 32%] [34m[1mGenerating C introspection for ROS interfaces[0m
[1.176s] [ 32%] [34m[1mGenerating C type support dispatch for ROS interfaces[0m
[1.280s] [ 35%] [32mBuilding CXX object CMakeFiles/status_interfaces__rosidl_typesupport_cpp.dir/rosidl_typesupport_cpp/status_interfaces/msg/system_status__type_support.cpp.o[0m
[1.286s] [ 38%] [32mBuilding CXX object CMakeFiles/status_interfaces__rosidl_typesupport_introspection_cpp.dir/rosidl_typesupport_introspection_cpp/status_interfaces/msg/detail/system_status__type_support.cpp.o[0m
[1.292s] [ 41%] [32mBuilding CXX object CMakeFiles/status_interfaces__rosidl_typesupport_fastrtps_cpp.dir/rosidl_typesupport_fastrtps_cpp/status_interfaces/msg/detail/dds_fastrtps/system_status__type_support.cpp.o[0m
[1.346s] [ 45%] [32mBuilding CXX object CMakeFiles/status_interfaces__rosidl_typesupport_c.dir/rosidl_typesupport_c/status_interfaces/msg/system_status__type_support.cpp.o[0m
[1.356s] [ 48%] [32mBuilding C object CMakeFiles/status_interfaces__rosidl_typesupport_introspection_c.dir/rosidl_typesupport_introspection_c/status_interfaces/msg/detail/system_status__type_support.c.o[0m
[1.357s] [ 51%] [32mBuilding CXX object CMakeFiles/status_interfaces__rosidl_typesupport_fastrtps_c.dir/rosidl_typesupport_fastrtps_c/status_interfaces/msg/detail/system_status__type_support_c.cpp.o[0m
[1.366s] [ 54%] [32m[1mLinking CXX shared library libstatus_interfaces__rosidl_typesupport_c.so[0m
[1.381s] [ 58%] [32m[1mLinking C shared library libstatus_interfaces__rosidl_typesupport_introspection_c.so[0m
[1.395s] [ 58%] Built target status_interfaces__rosidl_typesupport_c
[1.401s] [ 58%] Built target status_interfaces__rosidl_typesupport_introspection_c
[1.437s] [ 61%] [32m[1mLinking CXX shared library libstatus_interfaces__rosidl_typesupport_cpp.so[0m
[1.463s] [ 61%] Built target status_interfaces__rosidl_typesupport_cpp
[1.510s] [ 64%] [32m[1mLinking CXX shared library libstatus_interfaces__rosidl_typesupport_introspection_cpp.so[0m
[1.517s] [ 67%] [32m[1mLinking CXX shared library libstatus_interfaces__rosidl_typesupport_fastrtps_cpp.so[0m
[1.548s] [ 70%] [32m[1mLinking CXX shared library libstatus_interfaces__rosidl_typesupport_fastrtps_c.so[0m
[1.548s] [ 70%] Built target status_interfaces__rosidl_typesupport_introspection_cpp
[1.562s] [ 70%] Built target status_interfaces__rosidl_typesupport_fastrtps_cpp
[1.590s] [ 70%] Built target status_interfaces__rosidl_typesupport_fastrtps_c
[1.603s] [ 70%] Built target status_interfaces
[1.617s] [ 74%] [34m[1mGenerating Python code for ROS interfaces[0m
[1.872s] [ 74%] Built target status_interfaces__py
[1.883s] [ 77%] [32mBuilding C object CMakeFiles/status_interfaces__rosidl_generator_py.dir/rosidl_generator_py/status_interfaces/msg/_system_status_s.c.o[0m
[1.962s] [ 80%] [32m[1mLinking C shared library rosidl_generator_py/status_interfaces/libstatus_interfaces__rosidl_generator_py.so[0m
[1.987s] [ 80%] Built target status_interfaces__rosidl_generator_py
[2.005s] [ 83%] [32mBuilding C object CMakeFiles/status_interfaces__rosidl_typesupport_fastrtps_c__pyext.dir/rosidl_generator_py/status_interfaces/_status_interfaces_s.ep.rosidl_typesupport_fastrtps_c.c.o[0m
[2.005s] [ 87%] [32mBuilding C object CMakeFiles/status_interfaces__rosidl_typesupport_c__pyext.dir/rosidl_generator_py/status_interfaces/_status_interfaces_s.ep.rosidl_typesupport_c.c.o[0m
[2.011s] [ 90%] [32mBuilding C object CMakeFiles/status_interfaces__rosidl_typesupport_introspection_c__pyext.dir/rosidl_generator_py/status_interfaces/_status_interfaces_s.ep.rosidl_typesupport_introspection_c.c.o[0m
[2.064s] [100%] [32m[1mLinking C shared library rosidl_generator_py/status_interfaces/status_interfaces_s__rosidl_typesupport_introspection_c.cpython-310-x86_64-linux-gnu.so[0m
[2.064s] [100%] [32m[1mLinking C shared library rosidl_generator_py/status_interfaces/status_interfaces_s__rosidl_typesupport_fastrtps_c.cpython-310-x86_64-linux-gnu.so[0m
[2.064s] [100%] [32m[1mLinking C shared library rosidl_generator_py/status_interfaces/status_interfaces_s__rosidl_typesupport_c.cpython-310-x86_64-linux-gnu.so[0m
[2.086s] [100%] Built target status_interfaces__rosidl_typesupport_c__pyext
[2.086s] [100%] Built target status_interfaces__rosidl_typesupport_introspection_c__pyext
[2.086s] [100%] Built target status_interfaces__rosidl_typesupport_fastrtps_c__pyext
[2.093s] Invoked command in '/home/baba/Desktop/Dem_ros2/build/status_interfaces' returned '0': CMAKE_PREFIX_PATH=/opt/ros/humble /usr/bin/cmake --build /home/baba/Desktop/Dem_ros2/build/status_interfaces -- -j16 -l16
[2.095s] Invoking command in '/home/baba/Desktop/Dem_ros2/build/status_interfaces': CMAKE_PREFIX_PATH=/opt/ros/humble /usr/bin/cmake --install /home/baba/Desktop/Dem_ros2/build/status_interfaces
[2.100s] -- Install configuration: ""
[2.100s] -- Installing: /home/baba/Desktop/Dem_ros2/install/status_interfaces/share/ament_index/resource_index/rosidl_interfaces/status_interfaces
[2.100s] -- Installing: /home/baba/Desktop/Dem_ros2/install/status_interfaces/include/status_interfaces/status_interfaces
[2.100s] -- Installing: /home/baba/Desktop/Dem_ros2/install/status_interfaces/include/status_interfaces/status_interfaces/msg
[2.101s] -- Installing: /home/baba/Desktop/Dem_ros2/install/status_interfaces/include/status_interfaces/status_interfaces/msg/detail
[2.101s] -- Installing: /home/baba/Desktop/Dem_ros2/install/status_interfaces/include/status_interfaces/status_interfaces/msg/detail/system_status__functions.c
[2.101s] -- Installing: /home/baba/Desktop/Dem_ros2/install/status_interfaces/include/status_interfaces/status_interfaces/msg/detail/system_status__type_support.h
[2.101s] -- Installing: /home/baba/Desktop/Dem_ros2/install/status_interfaces/include/status_interfaces/status_interfaces/msg/detail/system_status__functions.h
[2.101s] -- Installing: /home/baba/Desktop/Dem_ros2/install/status_interfaces/include/status_interfaces/status_interfaces/msg/detail/system_status__struct.h
[2.101s] -- Installing: /home/baba/Desktop/Dem_ros2/install/status_interfaces/include/status_interfaces/status_interfaces/msg/rosidl_generator_c__visibility_control.h
[2.101s] -- Installing: /home/baba/Desktop/Dem_ros2/install/status_interfaces/include/status_interfaces/status_interfaces/msg/system_status.h
[2.101s] -- Installing: /home/baba/Desktop/Dem_ros2/install/status_interfaces/share/status_interfaces/environment/library_path.sh
[2.101s] -- Installing: /home/baba/Desktop/Dem_ros2/install/status_interfaces/share/status_interfaces/environment/library_path.dsv
[2.101s] -- Installing: /home/baba/Desktop/Dem_ros2/install/status_interfaces/lib/libstatus_interfaces__rosidl_generator_c.so
[2.101s] -- Set runtime path of "/home/baba/Desktop/Dem_ros2/install/status_interfaces/lib/libstatus_interfaces__rosidl_generator_c.so" to ""
[2.102s] -- Up-to-date: /home/baba/Desktop/Dem_ros2/install/status_interfaces/include/status_interfaces/status_interfaces
[2.102s] -- Up-to-date: /home/baba/Desktop/Dem_ros2/install/status_interfaces/include/status_interfaces/status_interfaces/msg
[2.102s] -- Installing: /home/baba/Desktop/Dem_ros2/install/status_interfaces/include/status_interfaces/status_interfaces/msg/rosidl_typesupport_fastrtps_c__visibility_control.h
[2.102s] -- Up-to-date: /home/baba/Desktop/Dem_ros2/install/status_interfaces/include/status_interfaces/status_interfaces/msg/detail
[2.102s] -- Installing: /home/baba/Desktop/Dem_ros2/install/status_interfaces/include/status_interfaces/status_interfaces/msg/detail/system_status__rosidl_typesupport_fastrtps_c.h
[2.102s] -- Installing: /home/baba/Desktop/Dem_ros2/install/status_interfaces/lib/libstatus_interfaces__rosidl_typesupport_fastrtps_c.so
[2.102s] -- Set runtime path of "/home/baba/Desktop/Dem_ros2/install/status_interfaces/lib/libstatus_interfaces__rosidl_typesupport_fastrtps_c.so" to ""
[2.102s] -- Up-to-date: /home/baba/Desktop/Dem_ros2/install/status_interfaces/include/status_interfaces/status_interfaces
[2.102s] -- Up-to-date: /home/baba/Desktop/Dem_ros2/install/status_interfaces/include/status_interfaces/status_interfaces/msg
[2.103s] -- Up-to-date: /home/baba/Desktop/Dem_ros2/install/status_interfaces/include/status_interfaces/status_interfaces/msg/detail
[2.103s] -- Installing: /home/baba/Desktop/Dem_ros2/install/status_interfaces/include/status_interfaces/status_interfaces/msg/detail/system_status__builder.hpp
[2.103s] -- Installing: /home/baba/Desktop/Dem_ros2/install/status_interfaces/include/status_interfaces/status_interfaces/msg/detail/system_status__type_support.hpp
[2.103s] -- Installing: /home/baba/Desktop/Dem_ros2/install/status_interfaces/include/status_interfaces/status_interfaces/msg/detail/system_status__struct.hpp
[2.103s] -- Installing: /home/baba/Desktop/Dem_ros2/install/status_interfaces/include/status_interfaces/status_interfaces/msg/detail/system_status__traits.hpp
[2.103s] -- Installing: /home/baba/Desktop/Dem_ros2/install/status_interfaces/include/status_interfaces/status_interfaces/msg/system_status.hpp
[2.103s] -- Installing: /home/baba/Desktop/Dem_ros2/install/status_interfaces/include/status_interfaces/status_interfaces/msg/rosidl_generator_cpp__visibility_control.hpp
[2.104s] -- Up-to-date: /home/baba/Desktop/Dem_ros2/install/status_interfaces/include/status_interfaces/status_interfaces
[2.104s] -- Up-to-date: /home/baba/Desktop/Dem_ros2/install/status_interfaces/include/status_interfaces/status_interfaces/msg
[2.104s] -- Up-to-date: /home/baba/Desktop/Dem_ros2/install/status_interfaces/include/status_interfaces/status_interfaces/msg/detail
[2.104s] -- Installing: /home/baba/Desktop/Dem_ros2/install/status_interfaces/include/status_interfaces/status_interfaces/msg/detail/dds_fastrtps
[2.104s] -- Installing: /home/baba/Desktop/Dem_ros2/install/status_interfaces/include/status_interfaces/status_interfaces/msg/detail/system_status__rosidl_typesupport_fastrtps_cpp.hpp
[2.104s] -- Installing: /home/baba/Desktop/Dem_ros2/install/status_interfaces/include/status_interfaces/status_interfaces/msg/rosidl_typesupport_fastrtps_cpp__visibility_control.h
[2.104s] -- Installing: /home/baba/Desktop/Dem_ros2/install/status_interfaces/lib/libstatus_interfaces__rosidl_typesupport_fastrtps_cpp.so
[2.104s] -- Set runtime path of "/home/baba/Desktop/Dem_ros2/install/status_interfaces/lib/libstatus_interfaces__rosidl_typesupport_fastrtps_cpp.so" to ""
[2.104s] -- Up-to-date: /home/baba/Desktop/Dem_ros2/install/status_interfaces/include/status_interfaces/status_interfaces
[2.104s] -- Up-to-date: /home/baba/Desktop/Dem_ros2/install/status_interfaces/include/status_interfaces/status_interfaces/msg
[2.105s] -- Up-to-date: /home/baba/Desktop/Dem_ros2/install/status_interfaces/include/status_interfaces/status_interfaces/msg/detail
[2.105s] -- Installing: /home/baba/Desktop/Dem_ros2/install/status_interfaces/include/status_interfaces/status_interfaces/msg/detail/system_status__rosidl_typesupport_introspection_c.h
[2.105s] -- Installing: /home/baba/Desktop/Dem_ros2/install/status_interfaces/include/status_interfaces/status_interfaces/msg/detail/system_status__type_support.c
[2.105s] -- Installing: /home/baba/Desktop/Dem_ros2/install/status_interfaces/include/status_interfaces/status_interfaces/msg/rosidl_typesupport_introspection_c__visibility_control.h
[2.105s] -- Installing: /home/baba/Desktop/Dem_ros2/install/status_interfaces/lib/libstatus_interfaces__rosidl_typesupport_introspection_c.so
[2.105s] -- Set runtime path of "/home/baba/Desktop/Dem_ros2/install/status_interfaces/lib/libstatus_interfaces__rosidl_typesupport_introspection_c.so" to ""
[2.105s] -- Installing: /home/baba/Desktop/Dem_ros2/install/status_interfaces/lib/libstatus_interfaces__rosidl_typesupport_c.so
[2.105s] -- Set runtime path of "/home/baba/Desktop/Dem_ros2/install/status_interfaces/lib/libstatus_interfaces__rosidl_typesupport_c.so" to ""
[2.105s] -- Up-to-date: /home/baba/Desktop/Dem_ros2/install/status_interfaces/include/status_interfaces/status_interfaces
[2.105s] -- Up-to-date: /home/baba/Desktop/Dem_ros2/install/status_interfaces/include/status_interfaces/status_interfaces/msg
[2.105s] -- Up-to-date: /home/baba/Desktop/Dem_ros2/install/status_interfaces/include/status_interfaces/status_interfaces/msg/detail
[2.105s] -- Installing: /home/baba/Desktop/Dem_ros2/install/status_interfaces/include/status_interfaces/status_interfaces/msg/detail/system_status__rosidl_typesupport_introspection_cpp.hpp
[2.106s] -- Installing: /home/baba/Desktop/Dem_ros2/install/status_interfaces/include/status_interfaces/status_interfaces/msg/detail/system_status__type_support.cpp
[2.106s] -- Installing: /home/baba/Desktop/Dem_ros2/install/status_interfaces/lib/libstatus_interfaces__rosidl_typesupport_introspection_cpp.so
[2.106s] -- Set runtime path of "/home/baba/Desktop/Dem_ros2/install/status_interfaces/lib/libstatus_interfaces__rosidl_typesupport_introspection_cpp.so" to ""
[2.106s] -- Installing: /home/baba/Desktop/Dem_ros2/install/status_interfaces/lib/libstatus_interfaces__rosidl_typesupport_cpp.so
[2.106s] -- Set runtime path of "/home/baba/Desktop/Dem_ros2/install/status_interfaces/lib/libstatus_interfaces__rosidl_typesupport_cpp.so" to ""
[2.106s] -- Installing: /home/baba/Desktop/Dem_ros2/install/status_interfaces/share/status_interfaces/environment/pythonpath.sh
[2.106s] -- Installing: /home/baba/Desktop/Dem_ros2/install/status_interfaces/share/status_interfaces/environment/pythonpath.dsv
[2.106s] -- Installing: /home/baba/Desktop/Dem_ros2/install/status_interfaces/local/lib/python3.10/dist-packages/status_interfaces-0.0.0-py3.10.egg-info
[2.106s] -- Installing: /home/baba/Desktop/Dem_ros2/install/status_interfaces/local/lib/python3.10/dist-packages/status_interfaces-0.0.0-py3.10.egg-info/SOURCES.txt
[2.107s] -- Installing: /home/baba/Desktop/Dem_ros2/install/status_interfaces/local/lib/python3.10/dist-packages/status_interfaces-0.0.0-py3.10.egg-info/top_level.txt
[2.107s] -- Installing: /home/baba/Desktop/Dem_ros2/install/status_interfaces/local/lib/python3.10/dist-packages/status_interfaces-0.0.0-py3.10.egg-info/PKG-INFO
[2.107s] -- Installing: /home/baba/Desktop/Dem_ros2/install/status_interfaces/local/lib/python3.10/dist-packages/status_interfaces-0.0.0-py3.10.egg-info/dependency_links.txt
[2.107s] -- Installing: /home/baba/Desktop/Dem_ros2/install/status_interfaces/local/lib/python3.10/dist-packages/status_interfaces
[2.107s] -- Installing: /home/baba/Desktop/Dem_ros2/install/status_interfaces/local/lib/python3.10/dist-packages/status_interfaces/status_interfaces_s__rosidl_typesupport_c.cpython-310-x86_64-linux-gnu.so
[2.107s] -- Installing: /home/baba/Desktop/Dem_ros2/install/status_interfaces/local/lib/python3.10/dist-packages/status_interfaces/status_interfaces_s__rosidl_typesupport_fastrtps_c.cpython-310-x86_64-linux-gnu.so
[2.107s] -- Installing: /home/baba/Desktop/Dem_ros2/install/status_interfaces/local/lib/python3.10/dist-packages/status_interfaces/_status_interfaces_s.ep.rosidl_typesupport_c.c
[2.107s] -- Installing: /home/baba/Desktop/Dem_ros2/install/status_interfaces/local/lib/python3.10/dist-packages/status_interfaces/msg
[2.107s] -- Installing: /home/baba/Desktop/Dem_ros2/install/status_interfaces/local/lib/python3.10/dist-packages/status_interfaces/msg/_system_status_s.c
[2.107s] -- Installing: /home/baba/Desktop/Dem_ros2/install/status_interfaces/local/lib/python3.10/dist-packages/status_interfaces/msg/__init__.py
[2.107s] -- Installing: /home/baba/Desktop/Dem_ros2/install/status_interfaces/local/lib/python3.10/dist-packages/status_interfaces/msg/_system_status.py
[2.108s] -- Installing: /home/baba/Desktop/Dem_ros2/install/status_interfaces/local/lib/python3.10/dist-packages/status_interfaces/libstatus_interfaces__rosidl_generator_py.so
[2.108s] -- Installing: /home/baba/Desktop/Dem_ros2/install/status_interfaces/local/lib/python3.10/dist-packages/status_interfaces/_status_interfaces_s.ep.rosidl_typesupport_fastrtps_c.c
[2.108s] -- Installing: /home/baba/Desktop/Dem_ros2/install/status_interfaces/local/lib/python3.10/dist-packages/status_interfaces/__init__.py
[2.108s] -- Installing: /home/baba/Desktop/Dem_ros2/install/status_interfaces/local/lib/python3.10/dist-packages/status_interfaces/_status_interfaces_s.ep.rosidl_typesupport_introspection_c.c
[2.108s] -- Installing: /home/baba/Desktop/Dem_ros2/install/status_interfaces/local/lib/python3.10/dist-packages/status_interfaces/status_interfaces_s__rosidl_typesupport_introspection_c.cpython-310-x86_64-linux-gnu.so
[2.127s] Listing '/home/baba/Desktop/Dem_ros2/install/status_interfaces/local/lib/python3.10/dist-packages/status_interfaces'...
[2.128s] Compiling '/home/baba/Desktop/Dem_ros2/install/status_interfaces/local/lib/python3.10/dist-packages/status_interfaces/__init__.py'...
[2.128s] Listing '/home/baba/Desktop/Dem_ros2/install/status_interfaces/local/lib/python3.10/dist-packages/status_interfaces/msg'...
[2.128s] Compiling '/home/baba/Desktop/Dem_ros2/install/status_interfaces/local/lib/python3.10/dist-packages/status_interfaces/msg/__init__.py'...
[2.128s] Compiling '/home/baba/Desktop/Dem_ros2/install/status_interfaces/local/lib/python3.10/dist-packages/status_interfaces/msg/_system_status.py'...
[2.130s] -- Installing: /home/baba/Desktop/Dem_ros2/install/status_interfaces/local/lib/python3.10/dist-packages/status_interfaces/status_interfaces_s__rosidl_typesupport_fastrtps_c.cpython-310-x86_64-linux-gnu.so
[2.131s] -- Set runtime path of "/home/baba/Desktop/Dem_ros2/install/status_interfaces/local/lib/python3.10/dist-packages/status_interfaces/status_interfaces_s__rosidl_typesupport_fastrtps_c.cpython-310-x86_64-linux-gnu.so" to ""
[2.131s] -- Installing: /home/baba/Desktop/Dem_ros2/install/status_interfaces/local/lib/python3.10/dist-packages/status_interfaces/status_interfaces_s__rosidl_typesupport_introspection_c.cpython-310-x86_64-linux-gnu.so
[2.131s] -- Set runtime path of "/home/baba/Desktop/Dem_ros2/install/status_interfaces/local/lib/python3.10/dist-packages/status_interfaces/status_interfaces_s__rosidl_typesupport_introspection_c.cpython-310-x86_64-linux-gnu.so" to ""
[2.131s] -- Installing: /home/baba/Desktop/Dem_ros2/install/status_interfaces/local/lib/python3.10/dist-packages/status_interfaces/status_interfaces_s__rosidl_typesupport_c.cpython-310-x86_64-linux-gnu.so
[2.131s] -- Set runtime path of "/home/baba/Desktop/Dem_ros2/install/status_interfaces/local/lib/python3.10/dist-packages/status_interfaces/status_interfaces_s__rosidl_typesupport_c.cpython-310-x86_64-linux-gnu.so" to ""
[2.131s] -- Installing: /home/baba/Desktop/Dem_ros2/install/status_interfaces/lib/libstatus_interfaces__rosidl_generator_py.so
[2.131s] -- Set runtime path of "/home/baba/Desktop/Dem_ros2/install/status_interfaces/lib/libstatus_interfaces__rosidl_generator_py.so" to ""
[2.131s] -- Installing: /home/baba/Desktop/Dem_ros2/install/status_interfaces/share/status_interfaces/msg/SystemStatus.idl
[2.131s] -- Installing: /home/baba/Desktop/Dem_ros2/install/status_interfaces/share/status_interfaces/msg/SystemStatus.msg
[2.131s] -- Installing: /home/baba/Desktop/Dem_ros2/install/status_interfaces/share/ament_index/resource_index/package_run_dependencies/status_interfaces
[2.131s] -- Installing: /home/baba/Desktop/Dem_ros2/install/status_interfaces/share/ament_index/resource_index/parent_prefix_path/status_interfaces
[2.131s] -- Installing: /home/baba/Desktop/Dem_ros2/install/status_interfaces/share/status_interfaces/environment/ament_prefix_path.sh
[2.132s] -- Installing: /home/baba/Desktop/Dem_ros2/install/status_interfaces/share/status_interfaces/environment/ament_prefix_path.dsv
[2.132s] -- Installing: /home/baba/Desktop/Dem_ros2/install/status_interfaces/share/status_interfaces/environment/path.sh
[2.132s] -- Installing: /home/baba/Desktop/Dem_ros2/install/status_interfaces/share/status_interfaces/environment/path.dsv
[2.132s] -- Installing: /home/baba/Desktop/Dem_ros2/install/status_interfaces/share/status_interfaces/local_setup.bash
[2.132s] -- Installing: /home/baba/Desktop/Dem_ros2/install/status_interfaces/share/status_interfaces/local_setup.sh
[2.132s] -- Installing: /home/baba/Desktop/Dem_ros2/install/status_interfaces/share/status_interfaces/local_setup.zsh
[2.132s] -- Installing: /home/baba/Desktop/Dem_ros2/install/status_interfaces/share/status_interfaces/local_setup.dsv
[2.132s] -- Installing: /home/baba/Desktop/Dem_ros2/install/status_interfaces/share/status_interfaces/package.dsv
[2.132s] -- Installing: /home/baba/Desktop/Dem_ros2/install/status_interfaces/share/ament_index/resource_index/packages/status_interfaces
[2.133s] -- Installing: /home/baba/Desktop/Dem_ros2/install/status_interfaces/share/status_interfaces/cmake/export_status_interfaces__rosidl_generator_cExport.cmake
[2.133s] -- Installing: /home/baba/Desktop/Dem_ros2/install/status_interfaces/share/status_interfaces/cmake/export_status_interfaces__rosidl_generator_cExport-noconfig.cmake
[2.133s] -- Installing: /home/baba/Desktop/Dem_ros2/install/status_interfaces/share/status_interfaces/cmake/export_status_interfaces__rosidl_typesupport_fastrtps_cExport.cmake
[2.133s] -- Installing: /home/baba/Desktop/Dem_ros2/install/status_interfaces/share/status_interfaces/cmake/export_status_interfaces__rosidl_typesupport_fastrtps_cExport-noconfig.cmake
[2.133s] -- Installing: /home/baba/Desktop/Dem_ros2/install/status_interfaces/share/status_interfaces/cmake/export_status_interfaces__rosidl_generator_cppExport.cmake
[2.133s] -- Installing: /home/baba/Desktop/Dem_ros2/install/status_interfaces/share/status_interfaces/cmake/export_status_interfaces__rosidl_typesupport_fastrtps_cppExport.cmake
[2.133s] -- Installing: /home/baba/Desktop/Dem_ros2/install/status_interfaces/share/status_interfaces/cmake/export_status_interfaces__rosidl_typesupport_fastrtps_cppExport-noconfig.cmake
[2.133s] -- Installing: /home/baba/Desktop/Dem_ros2/install/status_interfaces/share/status_interfaces/cmake/status_interfaces__rosidl_typesupport_introspection_cExport.cmake
[2.133s] -- Installing: /home/baba/Desktop/Dem_ros2/install/status_interfaces/share/status_interfaces/cmake/status_interfaces__rosidl_typesupport_introspection_cExport-noconfig.cmake
[2.134s] -- Installing: /home/baba/Desktop/Dem_ros2/install/status_interfaces/share/status_interfaces/cmake/status_interfaces__rosidl_typesupport_cExport.cmake
[2.134s] -- Installing: /home/baba/Desktop/Dem_ros2/install/status_interfaces/share/status_interfaces/cmake/status_interfaces__rosidl_typesupport_cExport-noconfig.cmake
[2.134s] -- Installing: /home/baba/Desktop/Dem_ros2/install/status_interfaces/share/status_interfaces/cmake/status_interfaces__rosidl_typesupport_introspection_cppExport.cmake
[2.134s] -- Installing: /home/baba/Desktop/Dem_ros2/install/status_interfaces/share/status_interfaces/cmake/status_interfaces__rosidl_typesupport_introspection_cppExport-noconfig.cmake
[2.134s] -- Installing: /home/baba/Desktop/Dem_ros2/install/status_interfaces/share/status_interfaces/cmake/status_interfaces__rosidl_typesupport_cppExport.cmake
[2.134s] -- Installing: /home/baba/Desktop/Dem_ros2/install/status_interfaces/share/status_interfaces/cmake/status_interfaces__rosidl_typesupport_cppExport-noconfig.cmake
[2.134s] -- Installing: /home/baba/Desktop/Dem_ros2/install/status_interfaces/share/status_interfaces/cmake/export_status_interfaces__rosidl_generator_pyExport.cmake
[2.134s] -- Installing: /home/baba/Desktop/Dem_ros2/install/status_interfaces/share/status_interfaces/cmake/export_status_interfaces__rosidl_generator_pyExport-noconfig.cmake
[2.134s] -- Installing: /home/baba/Desktop/Dem_ros2/install/status_interfaces/share/status_interfaces/cmake/rosidl_cmake-extras.cmake
[2.134s] -- Installing: /home/baba/Desktop/Dem_ros2/install/status_interfaces/share/status_interfaces/cmake/ament_cmake_export_dependencies-extras.cmake
[2.134s] -- Installing: /home/baba/Desktop/Dem_ros2/install/status_interfaces/share/status_interfaces/cmake/ament_cmake_export_include_directories-extras.cmake
[2.134s] -- Installing: /home/baba/Desktop/Dem_ros2/install/status_interfaces/share/status_interfaces/cmake/ament_cmake_export_libraries-extras.cmake
[2.135s] -- Installing: /home/baba/Desktop/Dem_ros2/install/status_interfaces/share/status_interfaces/cmake/ament_cmake_export_targets-extras.cmake
[2.135s] -- Installing: /home/baba/Desktop/Dem_ros2/install/status_interfaces/share/status_interfaces/cmake/rosidl_cmake_export_typesupport_targets-extras.cmake
[2.135s] -- Installing: /home/baba/Desktop/Dem_ros2/install/status_interfaces/share/status_interfaces/cmake/rosidl_cmake_export_typesupport_libraries-extras.cmake
[2.135s] -- Installing: /home/baba/Desktop/Dem_ros2/install/status_interfaces/share/status_interfaces/cmake/status_interfacesConfig.cmake
[2.135s] -- Installing: /home/baba/Desktop/Dem_ros2/install/status_interfaces/share/status_interfaces/cmake/status_interfacesConfig-version.cmake
[2.136s] -- Installing: /home/baba/Desktop/Dem_ros2/install/status_interfaces/share/status_interfaces/package.xml
[2.136s] Invoked command in '/home/baba/Desktop/Dem_ros2/build/status_interfaces' returned '0': CMAKE_PREFIX_PATH=/opt/ros/humble /usr/bin/cmake --install /home/baba/Desktop/Dem_ros2/build/status_interfaces
