[0.011s] Invoking command in '/home/baba/Desktop/Dem_ros2/build/status_interfaces': CMAKE_PREFIX_PATH=/opt/ros/humble /usr/bin/cmake /home/baba/Desktop/Dem_ros2/src/status_interfaces -DCMAKE_INSTALL_PREFIX=/home/baba/Desktop/Dem_ros2/install/status_interfaces
[0.079s] -- The C compiler identification is GNU 11.4.0
[0.124s] -- The CXX compiler identification is GNU 11.4.0
[0.131s] -- Detecting C compiler ABI info
[0.176s] -- Detecting C compiler ABI info - done
[0.181s] -- Check for working C compiler: /usr/bin/cc - skipped
[0.181s] -- Detecting C compile features
[0.181s] -- Detecting C compile features - done
[0.184s] -- Detecting CXX compiler ABI info
[0.234s] -- Detecting CXX compiler ABI info - done
[0.238s] -- Check for working CXX compiler: /usr/bin/c++ - skipped
[0.238s] -- Detecting CXX compile features
[0.238s] -- Detecting CXX compile features - done
[0.243s] -- Found ament_cmake: 1.3.11 (/opt/ros/humble/share/ament_cmake/cmake)
[0.335s] -- Found Python3: /usr/bin/python3 (found version "3.10.12") found components: Interpreter 
[0.395s] -- Found builtin_interfaces: 1.2.1 (/opt/ros/humble/share/builtin_interfaces/cmake)
[0.423s] -- Found rosidl_generator_c: 3.1.6 (/opt/ros/humble/share/rosidl_generator_c/cmake)
[0.426s] -- Found rosidl_adapter: 3.1.6 (/opt/ros/humble/share/rosidl_adapter/cmake)
[0.433s] -- Found rosidl_generator_cpp: 3.1.6 (/opt/ros/humble/share/rosidl_generator_cpp/cmake)
[0.444s] -- Using all available rosidl_typesupport_c: rosidl_typesupport_fastrtps_c;rosidl_typesupport_introspection_c
[0.456s] -- Using all available rosidl_typesupport_cpp: rosidl_typesupport_fastrtps_cpp;rosidl_typesupport_introspection_cpp
[0.473s] -- Configuring incomplete, errors occurred!
[0.473s] See also "/home/baba/Desktop/Dem_ros2/build/status_interfaces/CMakeFiles/CMakeOutput.log".
[0.473s] [31mCMake Error at CMakeLists.txt:11 (find_package):
[0.473s]   By not providing "Findrosidl_default_generarors.cmake" in CMAKE_MODULE_PATH
[0.473s]   this project has asked CMake to find a package configuration file provided
[0.473s]   by "rosidl_default_generarors", but CMake did not find one.
[0.473s] 
[0.473s]   Could not find a package configuration file provided by
[0.473s]   "rosidl_default_generarors" with any of the following names:
[0.473s] 
[0.473s]     rosidl_default_generarorsConfig.cmake
[0.473s]     rosidl_default_generarors-config.cmake
[0.473s] 
[0.473s]   Add the installation prefix of "rosidl_default_generarors" to
[0.474s]   CMAKE_PREFIX_PATH or set "rosidl_default_generarors_DIR" to a directory
[0.474s]   containing one of the above files.  If "rosidl_default_generarors" provides
[0.474s]   a separate development package or SDK, be sure it has been installed.
[0.474s] 
[0.474s] [0m
[0.477s] Invoked command in '/home/baba/Desktop/Dem_ros2/build/status_interfaces' returned '1': CMAKE_PREFIX_PATH=/opt/ros/humble /usr/bin/cmake /home/baba/Desktop/Dem_ros2/src/status_interfaces -DCMAKE_INSTALL_PREFIX=/home/baba/Desktop/Dem_ros2/install/status_interfaces
