[0.106s] DEBUG:colcon:Command line arguments: ['/usr/bin/colcon', 'build']
[0.106s] DEBUG:colcon:Parsed command line arguments: Namespace(log_base=None, log_level=None, verb_name='build', build_base='build', install_base='install', merge_install=False, symlink_install=False, test_result_base=None, continue_on_error=False, executor='parallel', parallel_workers=16, event_handlers=None, ignore_user_meta=False, metas=['./colcon.meta'], base_paths=['.'], packages_ignore=None, packages_ignore_regex=None, paths=None, packages_up_to=None, packages_up_to_regex=None, packages_above=None, packages_above_and_dependencies=None, packages_above_depth=None, packages_select_by_dep=None, packages_skip_by_dep=None, packages_skip_up_to=None, packages_select_build_failed=False, packages_skip_build_finished=False, packages_select_test_failures=False, packages_skip_test_passed=False, packages_select=None, packages_skip=None, packages_select_regex=None, packages_skip_regex=None, packages_start=None, packages_end=None, allow_overriding=[], cmake_args=None, cmake_target=None, cmake_target_skip_unavailable=False, cmake_clean_cache=False, cmake_clean_first=False, cmake_force_configure=False, ament_cmake_args=None, catkin_cmake_args=None, catkin_skip_building_tests=False, verb_parser=<colcon_defaults.argument_parser.defaults.DefaultArgumentsDecorator object at 0x7c5730138610>, verb_extension=<colcon_core.verb.build.BuildVerb object at 0x7c57302419f0>, main=<bound method BuildVerb.main of <colcon_core.verb.build.BuildVerb object at 0x7c57302419f0>>)
[0.211s] Level 1:colcon.colcon_core.package_discovery:discover_packages(colcon_meta) check parameters
[0.211s] Level 1:colcon.colcon_core.package_discovery:discover_packages(recursive) check parameters
[0.211s] Level 1:colcon.colcon_core.package_discovery:discover_packages(ignore) check parameters
[0.211s] Level 1:colcon.colcon_core.package_discovery:discover_packages(path) check parameters
[0.211s] Level 1:colcon.colcon_core.package_discovery:discover_packages(colcon_meta) discover
[0.211s] Level 1:colcon.colcon_core.package_discovery:discover_packages(recursive) discover
[0.211s] INFO:colcon.colcon_core.package_discovery:Crawling recursively for packages in '/home/baba/Desktop/Dem_ros2'
[0.211s] Level 1:colcon.colcon_core.package_identification:_identify(.) by extensions ['ignore', 'ignore_ament_install']
[0.211s] Level 1:colcon.colcon_core.package_identification:_identify(.) by extension 'ignore'
[0.212s] Level 1:colcon.colcon_core.package_identification:_identify(.) by extension 'ignore_ament_install'
[0.212s] Level 1:colcon.colcon_core.package_identification:_identify(.) by extensions ['colcon_pkg']
[0.212s] Level 1:colcon.colcon_core.package_identification:_identify(.) by extension 'colcon_pkg'
[0.212s] Level 1:colcon.colcon_core.package_identification:_identify(.) by extensions ['colcon_meta']
[0.212s] Level 1:colcon.colcon_core.package_identification:_identify(.) by extension 'colcon_meta'
[0.212s] Level 1:colcon.colcon_core.package_identification:_identify(.) by extensions ['ros']
[0.212s] Level 1:colcon.colcon_core.package_identification:_identify(.) by extension 'ros'
[0.222s] Level 1:colcon.colcon_core.package_identification:_identify(.) by extensions ['cmake', 'python']
[0.222s] Level 1:colcon.colcon_core.package_identification:_identify(.) by extension 'cmake'
[0.222s] Level 1:colcon.colcon_core.package_identification:_identify(.) by extension 'python'
[0.222s] Level 1:colcon.colcon_core.package_identification:_identify(.) by extensions ['python_setup_py']
[0.222s] Level 1:colcon.colcon_core.package_identification:_identify(.) by extension 'python_setup_py'
[0.223s] Level 1:colcon.colcon_core.package_identification:_identify(build) by extensions ['ignore', 'ignore_ament_install']
[0.223s] Level 1:colcon.colcon_core.package_identification:_identify(build) by extension 'ignore'
[0.223s] Level 1:colcon.colcon_core.package_identification:_identify(build) ignored
[0.223s] Level 1:colcon.colcon_core.package_identification:_identify(install) by extensions ['ignore', 'ignore_ament_install']
[0.223s] Level 1:colcon.colcon_core.package_identification:_identify(install) by extension 'ignore'
[0.223s] Level 1:colcon.colcon_core.package_identification:_identify(install) ignored
[0.223s] Level 1:colcon.colcon_core.package_identification:_identify(log) by extensions ['ignore', 'ignore_ament_install']
[0.223s] Level 1:colcon.colcon_core.package_identification:_identify(log) by extension 'ignore'
[0.223s] Level 1:colcon.colcon_core.package_identification:_identify(log) ignored
[0.223s] Level 1:colcon.colcon_core.package_identification:_identify(src) by extensions ['ignore', 'ignore_ament_install']
[0.223s] Level 1:colcon.colcon_core.package_identification:_identify(src) by extension 'ignore'
[0.223s] Level 1:colcon.colcon_core.package_identification:_identify(src) by extension 'ignore_ament_install'
[0.223s] Level 1:colcon.colcon_core.package_identification:_identify(src) by extensions ['colcon_pkg']
[0.223s] Level 1:colcon.colcon_core.package_identification:_identify(src) by extension 'colcon_pkg'
[0.223s] Level 1:colcon.colcon_core.package_identification:_identify(src) by extensions ['colcon_meta']
[0.223s] Level 1:colcon.colcon_core.package_identification:_identify(src) by extension 'colcon_meta'
[0.223s] Level 1:colcon.colcon_core.package_identification:_identify(src) by extensions ['ros']
[0.223s] Level 1:colcon.colcon_core.package_identification:_identify(src) by extension 'ros'
[0.223s] Level 1:colcon.colcon_core.package_identification:_identify(src) by extensions ['cmake', 'python']
[0.223s] Level 1:colcon.colcon_core.package_identification:_identify(src) by extension 'cmake'
[0.223s] Level 1:colcon.colcon_core.package_identification:_identify(src) by extension 'python'
[0.223s] Level 1:colcon.colcon_core.package_identification:_identify(src) by extensions ['python_setup_py']
[0.223s] Level 1:colcon.colcon_core.package_identification:_identify(src) by extension 'python_setup_py'
[0.223s] Level 1:colcon.colcon_core.package_identification:_identify(src/dem_cpp_pkg) by extensions ['ignore', 'ignore_ament_install']
[0.223s] Level 1:colcon.colcon_core.package_identification:_identify(src/dem_cpp_pkg) by extension 'ignore'
[0.223s] Level 1:colcon.colcon_core.package_identification:_identify(src/dem_cpp_pkg) by extension 'ignore_ament_install'
[0.223s] Level 1:colcon.colcon_core.package_identification:_identify(src/dem_cpp_pkg) by extensions ['colcon_pkg']
[0.224s] Level 1:colcon.colcon_core.package_identification:_identify(src/dem_cpp_pkg) by extension 'colcon_pkg'
[0.224s] Level 1:colcon.colcon_core.package_identification:_identify(src/dem_cpp_pkg) by extensions ['colcon_meta']
[0.224s] Level 1:colcon.colcon_core.package_identification:_identify(src/dem_cpp_pkg) by extension 'colcon_meta'
[0.224s] Level 1:colcon.colcon_core.package_identification:_identify(src/dem_cpp_pkg) by extensions ['ros']
[0.224s] Level 1:colcon.colcon_core.package_identification:_identify(src/dem_cpp_pkg) by extension 'ros'
[0.226s] DEBUG:colcon.colcon_core.package_identification:Package 'src/dem_cpp_pkg' with type 'ros.ament_cmake' and name 'dem_cpp_pkg'
[0.226s] Level 1:colcon.colcon_core.package_identification:_identify(src/dem_cpp_topic) by extensions ['ignore', 'ignore_ament_install']
[0.226s] Level 1:colcon.colcon_core.package_identification:_identify(src/dem_cpp_topic) by extension 'ignore'
[0.226s] Level 1:colcon.colcon_core.package_identification:_identify(src/dem_cpp_topic) by extension 'ignore_ament_install'
[0.226s] Level 1:colcon.colcon_core.package_identification:_identify(src/dem_cpp_topic) by extensions ['colcon_pkg']
[0.226s] Level 1:colcon.colcon_core.package_identification:_identify(src/dem_cpp_topic) by extension 'colcon_pkg'
[0.226s] Level 1:colcon.colcon_core.package_identification:_identify(src/dem_cpp_topic) by extensions ['colcon_meta']
[0.226s] Level 1:colcon.colcon_core.package_identification:_identify(src/dem_cpp_topic) by extension 'colcon_meta'
[0.226s] Level 1:colcon.colcon_core.package_identification:_identify(src/dem_cpp_topic) by extensions ['ros']
[0.226s] Level 1:colcon.colcon_core.package_identification:_identify(src/dem_cpp_topic) by extension 'ros'
[0.227s] DEBUG:colcon.colcon_core.package_identification:Package 'src/dem_cpp_topic' with type 'ros.ament_cmake' and name 'dem_cpp_topic'
[0.227s] Level 1:colcon.colcon_core.package_identification:_identify(src/status_display) by extensions ['ignore', 'ignore_ament_install']
[0.227s] Level 1:colcon.colcon_core.package_identification:_identify(src/status_display) by extension 'ignore'
[0.227s] Level 1:colcon.colcon_core.package_identification:_identify(src/status_display) by extension 'ignore_ament_install'
[0.227s] Level 1:colcon.colcon_core.package_identification:_identify(src/status_display) by extensions ['colcon_pkg']
[0.227s] Level 1:colcon.colcon_core.package_identification:_identify(src/status_display) by extension 'colcon_pkg'
[0.227s] Level 1:colcon.colcon_core.package_identification:_identify(src/status_display) by extensions ['colcon_meta']
[0.227s] Level 1:colcon.colcon_core.package_identification:_identify(src/status_display) by extension 'colcon_meta'
[0.227s] Level 1:colcon.colcon_core.package_identification:_identify(src/status_display) by extensions ['ros']
[0.227s] Level 1:colcon.colcon_core.package_identification:_identify(src/status_display) by extension 'ros'
[0.228s] DEBUG:colcon.colcon_core.package_identification:Package 'src/status_display' with type 'ros.ament_cmake' and name 'status_display'
[0.228s] Level 1:colcon.colcon_core.package_identification:_identify(src/status_interfaces) by extensions ['ignore', 'ignore_ament_install']
[0.228s] Level 1:colcon.colcon_core.package_identification:_identify(src/status_interfaces) by extension 'ignore'
[0.228s] Level 1:colcon.colcon_core.package_identification:_identify(src/status_interfaces) by extension 'ignore_ament_install'
[0.228s] Level 1:colcon.colcon_core.package_identification:_identify(src/status_interfaces) by extensions ['colcon_pkg']
[0.228s] Level 1:colcon.colcon_core.package_identification:_identify(src/status_interfaces) by extension 'colcon_pkg'
[0.228s] Level 1:colcon.colcon_core.package_identification:_identify(src/status_interfaces) by extensions ['colcon_meta']
[0.228s] Level 1:colcon.colcon_core.package_identification:_identify(src/status_interfaces) by extension 'colcon_meta'
[0.228s] Level 1:colcon.colcon_core.package_identification:_identify(src/status_interfaces) by extensions ['ros']
[0.228s] Level 1:colcon.colcon_core.package_identification:_identify(src/status_interfaces) by extension 'ros'
[0.229s] DEBUG:colcon.colcon_core.package_identification:Package 'src/status_interfaces' with type 'ros.ament_cmake' and name 'status_interfaces'
[0.229s] Level 1:colcon.colcon_core.package_discovery:discover_packages(recursive) using defaults
[0.229s] Level 1:colcon.colcon_core.package_discovery:discover_packages(ignore) discover
[0.229s] Level 1:colcon.colcon_core.package_discovery:discover_packages(ignore) using defaults
[0.229s] Level 1:colcon.colcon_core.package_discovery:discover_packages(path) discover
[0.229s] Level 1:colcon.colcon_core.package_discovery:discover_packages(path) using defaults
[0.246s] Level 1:colcon.colcon_core.package_discovery:discover_packages(prefix_path) check parameters
[0.246s] Level 1:colcon.colcon_core.package_discovery:discover_packages(prefix_path) discover
[0.249s] DEBUG:colcon.colcon_installed_package_information.package_discovery:Found 4 installed packages in /home/baba/Desktop/Dem_ros2/install
[0.250s] DEBUG:colcon.colcon_installed_package_information.package_discovery:Found 270 installed packages in /opt/ros/humble
[0.260s] Level 1:colcon.colcon_core.package_discovery:discover_packages(prefix_path) using defaults
[0.302s] Level 5:colcon.colcon_core.verb:set package 'dem_cpp_pkg' build argument 'cmake_args' from command line to 'None'
[0.302s] Level 5:colcon.colcon_core.verb:set package 'dem_cpp_pkg' build argument 'cmake_target' from command line to 'None'
[0.302s] Level 5:colcon.colcon_core.verb:set package 'dem_cpp_pkg' build argument 'cmake_target_skip_unavailable' from command line to 'False'
[0.302s] Level 5:colcon.colcon_core.verb:set package 'dem_cpp_pkg' build argument 'cmake_clean_cache' from command line to 'False'
[0.302s] Level 5:colcon.colcon_core.verb:set package 'dem_cpp_pkg' build argument 'cmake_clean_first' from command line to 'False'
[0.302s] Level 5:colcon.colcon_core.verb:set package 'dem_cpp_pkg' build argument 'cmake_force_configure' from command line to 'False'
[0.302s] Level 5:colcon.colcon_core.verb:set package 'dem_cpp_pkg' build argument 'ament_cmake_args' from command line to 'None'
[0.302s] Level 5:colcon.colcon_core.verb:set package 'dem_cpp_pkg' build argument 'catkin_cmake_args' from command line to 'None'
[0.302s] Level 5:colcon.colcon_core.verb:set package 'dem_cpp_pkg' build argument 'catkin_skip_building_tests' from command line to 'False'
[0.302s] DEBUG:colcon.colcon_core.verb:Building package 'dem_cpp_pkg' with the following arguments: {'ament_cmake_args': None, 'build_base': '/home/baba/Desktop/Dem_ros2/build/dem_cpp_pkg', 'catkin_cmake_args': None, 'catkin_skip_building_tests': False, 'cmake_args': None, 'cmake_clean_cache': False, 'cmake_clean_first': False, 'cmake_force_configure': False, 'cmake_target': None, 'cmake_target_skip_unavailable': False, 'install_base': '/home/baba/Desktop/Dem_ros2/install/dem_cpp_pkg', 'merge_install': False, 'path': '/home/baba/Desktop/Dem_ros2/src/dem_cpp_pkg', 'symlink_install': False, 'test_result_base': None}
[0.303s] Level 5:colcon.colcon_core.verb:set package 'dem_cpp_topic' build argument 'cmake_args' from command line to 'None'
[0.303s] Level 5:colcon.colcon_core.verb:set package 'dem_cpp_topic' build argument 'cmake_target' from command line to 'None'
[0.303s] Level 5:colcon.colcon_core.verb:set package 'dem_cpp_topic' build argument 'cmake_target_skip_unavailable' from command line to 'False'
[0.303s] Level 5:colcon.colcon_core.verb:set package 'dem_cpp_topic' build argument 'cmake_clean_cache' from command line to 'False'
[0.303s] Level 5:colcon.colcon_core.verb:set package 'dem_cpp_topic' build argument 'cmake_clean_first' from command line to 'False'
[0.303s] Level 5:colcon.colcon_core.verb:set package 'dem_cpp_topic' build argument 'cmake_force_configure' from command line to 'False'
[0.303s] Level 5:colcon.colcon_core.verb:set package 'dem_cpp_topic' build argument 'ament_cmake_args' from command line to 'None'
[0.303s] Level 5:colcon.colcon_core.verb:set package 'dem_cpp_topic' build argument 'catkin_cmake_args' from command line to 'None'
[0.303s] Level 5:colcon.colcon_core.verb:set package 'dem_cpp_topic' build argument 'catkin_skip_building_tests' from command line to 'False'
[0.303s] DEBUG:colcon.colcon_core.verb:Building package 'dem_cpp_topic' with the following arguments: {'ament_cmake_args': None, 'build_base': '/home/baba/Desktop/Dem_ros2/build/dem_cpp_topic', 'catkin_cmake_args': None, 'catkin_skip_building_tests': False, 'cmake_args': None, 'cmake_clean_cache': False, 'cmake_clean_first': False, 'cmake_force_configure': False, 'cmake_target': None, 'cmake_target_skip_unavailable': False, 'install_base': '/home/baba/Desktop/Dem_ros2/install/dem_cpp_topic', 'merge_install': False, 'path': '/home/baba/Desktop/Dem_ros2/src/dem_cpp_topic', 'symlink_install': False, 'test_result_base': None}
[0.303s] Level 5:colcon.colcon_core.verb:set package 'status_interfaces' build argument 'cmake_args' from command line to 'None'
[0.303s] Level 5:colcon.colcon_core.verb:set package 'status_interfaces' build argument 'cmake_target' from command line to 'None'
[0.303s] Level 5:colcon.colcon_core.verb:set package 'status_interfaces' build argument 'cmake_target_skip_unavailable' from command line to 'False'
[0.303s] Level 5:colcon.colcon_core.verb:set package 'status_interfaces' build argument 'cmake_clean_cache' from command line to 'False'
[0.303s] Level 5:colcon.colcon_core.verb:set package 'status_interfaces' build argument 'cmake_clean_first' from command line to 'False'
[0.303s] Level 5:colcon.colcon_core.verb:set package 'status_interfaces' build argument 'cmake_force_configure' from command line to 'False'
[0.303s] Level 5:colcon.colcon_core.verb:set package 'status_interfaces' build argument 'ament_cmake_args' from command line to 'None'
[0.303s] Level 5:colcon.colcon_core.verb:set package 'status_interfaces' build argument 'catkin_cmake_args' from command line to 'None'
[0.303s] Level 5:colcon.colcon_core.verb:set package 'status_interfaces' build argument 'catkin_skip_building_tests' from command line to 'False'
[0.303s] DEBUG:colcon.colcon_core.verb:Building package 'status_interfaces' with the following arguments: {'ament_cmake_args': None, 'build_base': '/home/baba/Desktop/Dem_ros2/build/status_interfaces', 'catkin_cmake_args': None, 'catkin_skip_building_tests': False, 'cmake_args': None, 'cmake_clean_cache': False, 'cmake_clean_first': False, 'cmake_force_configure': False, 'cmake_target': None, 'cmake_target_skip_unavailable': False, 'install_base': '/home/baba/Desktop/Dem_ros2/install/status_interfaces', 'merge_install': False, 'path': '/home/baba/Desktop/Dem_ros2/src/status_interfaces', 'symlink_install': False, 'test_result_base': None}
[0.303s] Level 5:colcon.colcon_core.verb:set package 'status_display' build argument 'cmake_args' from command line to 'None'
[0.303s] Level 5:colcon.colcon_core.verb:set package 'status_display' build argument 'cmake_target' from command line to 'None'
[0.303s] Level 5:colcon.colcon_core.verb:set package 'status_display' build argument 'cmake_target_skip_unavailable' from command line to 'False'
[0.303s] Level 5:colcon.colcon_core.verb:set package 'status_display' build argument 'cmake_clean_cache' from command line to 'False'
[0.303s] Level 5:colcon.colcon_core.verb:set package 'status_display' build argument 'cmake_clean_first' from command line to 'False'
[0.303s] Level 5:colcon.colcon_core.verb:set package 'status_display' build argument 'cmake_force_configure' from command line to 'False'
[0.303s] Level 5:colcon.colcon_core.verb:set package 'status_display' build argument 'ament_cmake_args' from command line to 'None'
[0.303s] Level 5:colcon.colcon_core.verb:set package 'status_display' build argument 'catkin_cmake_args' from command line to 'None'
[0.303s] Level 5:colcon.colcon_core.verb:set package 'status_display' build argument 'catkin_skip_building_tests' from command line to 'False'
[0.303s] DEBUG:colcon.colcon_core.verb:Building package 'status_display' with the following arguments: {'ament_cmake_args': None, 'build_base': '/home/baba/Desktop/Dem_ros2/build/status_display', 'catkin_cmake_args': None, 'catkin_skip_building_tests': False, 'cmake_args': None, 'cmake_clean_cache': False, 'cmake_clean_first': False, 'cmake_force_configure': False, 'cmake_target': None, 'cmake_target_skip_unavailable': False, 'install_base': '/home/baba/Desktop/Dem_ros2/install/status_display', 'merge_install': False, 'path': '/home/baba/Desktop/Dem_ros2/src/status_display', 'symlink_install': False, 'test_result_base': None}
[0.303s] INFO:colcon.colcon_core.executor:Executing jobs using 'parallel' executor
[0.304s] DEBUG:colcon.colcon_parallel_executor.executor.parallel:run_until_complete
[0.305s] INFO:colcon.colcon_ros.task.ament_cmake.build:Building ROS package in '/home/baba/Desktop/Dem_ros2/src/status_interfaces' with build type 'ament_cmake'
[0.305s] INFO:colcon.colcon_cmake.task.cmake.build:Building CMake package in '/home/baba/Desktop/Dem_ros2/src/status_interfaces'
[0.309s] INFO:colcon.colcon_core.plugin_system:Skipping extension 'colcon_core.shell.bat': Not used on non-Windows systems
[0.309s] INFO:colcon.colcon_core.shell:Skip shell extension 'powershell' for command environment: Not usable outside of PowerShell
[0.309s] DEBUG:colcon.colcon_core.shell:Skip shell extension 'dsv' for command environment
[0.311s] INFO:colcon.colcon_ros.task.ament_cmake.build:Building ROS package in '/home/baba/Desktop/Dem_ros2/src/dem_cpp_pkg' with build type 'ament_cmake'
[0.311s] INFO:colcon.colcon_cmake.task.cmake.build:Building CMake package in '/home/baba/Desktop/Dem_ros2/src/dem_cpp_pkg'
[0.312s] INFO:colcon.colcon_core.shell:Skip shell extension 'powershell' for command environment: Not usable outside of PowerShell
[0.312s] DEBUG:colcon.colcon_core.shell:Skip shell extension 'dsv' for command environment
[0.314s] INFO:colcon.colcon_ros.task.ament_cmake.build:Building ROS package in '/home/baba/Desktop/Dem_ros2/src/dem_cpp_topic' with build type 'ament_cmake'
[0.314s] INFO:colcon.colcon_cmake.task.cmake.build:Building CMake package in '/home/baba/Desktop/Dem_ros2/src/dem_cpp_topic'
[0.314s] INFO:colcon.colcon_core.shell:Skip shell extension 'powershell' for command environment: Not usable outside of PowerShell
[0.314s] DEBUG:colcon.colcon_core.shell:Skip shell extension 'dsv' for command environment
[0.320s] DEBUG:colcon.colcon_core.event_handler.log_command:Invoking command in '/home/baba/Desktop/Dem_ros2/build/status_interfaces': CMAKE_PREFIX_PATH=${CMAKE_PREFIX_PATH}:/opt/ros/humble /usr/bin/cmake --build /home/baba/Desktop/Dem_ros2/build/status_interfaces -- -j16 -l16
[0.326s] DEBUG:colcon.colcon_core.event_handler.log_command:Invoking command in '/home/baba/Desktop/Dem_ros2/build/dem_cpp_pkg': CMAKE_PREFIX_PATH=${CMAKE_PREFIX_PATH}:/opt/ros/humble /usr/bin/cmake --build /home/baba/Desktop/Dem_ros2/build/dem_cpp_pkg -- -j16 -l16
[0.330s] DEBUG:colcon.colcon_core.event_handler.log_command:Invoking command in '/home/baba/Desktop/Dem_ros2/build/dem_cpp_topic': CMAKE_PREFIX_PATH=${CMAKE_PREFIX_PATH}:/opt/ros/humble /usr/bin/cmake --build /home/baba/Desktop/Dem_ros2/build/dem_cpp_topic -- -j16 -l16
[0.389s] DEBUG:colcon.colcon_core.event_handler.log_command:Invoked command in '/home/baba/Desktop/Dem_ros2/build/dem_cpp_topic' returned '0': CMAKE_PREFIX_PATH=${CMAKE_PREFIX_PATH}:/opt/ros/humble /usr/bin/cmake --build /home/baba/Desktop/Dem_ros2/build/dem_cpp_topic -- -j16 -l16
[0.399s] DEBUG:colcon.colcon_core.event_handler.log_command:Invoking command in '/home/baba/Desktop/Dem_ros2/build/dem_cpp_topic': CMAKE_PREFIX_PATH=${CMAKE_PREFIX_PATH}:/opt/ros/humble /usr/bin/cmake --install /home/baba/Desktop/Dem_ros2/build/dem_cpp_topic
[0.402s] DEBUG:colcon.colcon_core.event_handler.log_command:Invoked command in '/home/baba/Desktop/Dem_ros2/build/dem_cpp_pkg' returned '0': CMAKE_PREFIX_PATH=${CMAKE_PREFIX_PATH}:/opt/ros/humble /usr/bin/cmake --build /home/baba/Desktop/Dem_ros2/build/dem_cpp_pkg -- -j16 -l16
[0.409s] Level 1:colcon.colcon_core.environment:create_environment_scripts_only(dem_cpp_topic)
[0.410s] DEBUG:colcon.colcon_core.event_handler.log_command:Invoking command in '/home/baba/Desktop/Dem_ros2/build/dem_cpp_pkg': CMAKE_PREFIX_PATH=${CMAKE_PREFIX_PATH}:/opt/ros/humble /usr/bin/cmake --install /home/baba/Desktop/Dem_ros2/build/dem_cpp_pkg
[0.410s] DEBUG:colcon.colcon_core.event_handler.log_command:Invoked command in '/home/baba/Desktop/Dem_ros2/build/dem_cpp_topic' returned '0': CMAKE_PREFIX_PATH=${CMAKE_PREFIX_PATH}:/opt/ros/humble /usr/bin/cmake --install /home/baba/Desktop/Dem_ros2/build/dem_cpp_topic
[0.415s] Level 1:colcon.colcon_core.environment:checking '/home/baba/Desktop/Dem_ros2/install/dem_cpp_topic' for CMake module files
[0.416s] Level 1:colcon.colcon_core.environment:checking '/home/baba/Desktop/Dem_ros2/install/dem_cpp_topic' for CMake config files
[0.416s] Level 1:colcon.colcon_core.shell:create_environment_hook('dem_cpp_topic', 'cmake_prefix_path')
[0.416s] INFO:colcon.colcon_core.shell:Creating environment hook '/home/baba/Desktop/Dem_ros2/install/dem_cpp_topic/share/dem_cpp_topic/hook/cmake_prefix_path.ps1'
[0.416s] INFO:colcon.colcon_core.shell:Creating environment descriptor '/home/baba/Desktop/Dem_ros2/install/dem_cpp_topic/share/dem_cpp_topic/hook/cmake_prefix_path.dsv'
[0.417s] INFO:colcon.colcon_core.shell:Creating environment hook '/home/baba/Desktop/Dem_ros2/install/dem_cpp_topic/share/dem_cpp_topic/hook/cmake_prefix_path.sh'
[0.417s] Level 1:colcon.colcon_core.environment:checking '/home/baba/Desktop/Dem_ros2/install/dem_cpp_topic/lib'
[0.418s] Level 1:colcon.colcon_core.environment:checking '/home/baba/Desktop/Dem_ros2/install/dem_cpp_topic/bin'
[0.418s] Level 1:colcon.colcon_core.environment:checking '/home/baba/Desktop/Dem_ros2/install/dem_cpp_topic/lib/pkgconfig/dem_cpp_topic.pc'
[0.418s] Level 1:colcon.colcon_core.environment:checking '/home/baba/Desktop/Dem_ros2/install/dem_cpp_topic/lib/python3.10/site-packages'
[0.418s] Level 1:colcon.colcon_core.environment:checking '/home/baba/Desktop/Dem_ros2/install/dem_cpp_topic/bin'
[0.418s] INFO:colcon.colcon_core.shell:Creating package script '/home/baba/Desktop/Dem_ros2/install/dem_cpp_topic/share/dem_cpp_topic/package.ps1'
[0.419s] INFO:colcon.colcon_core.shell:Creating package descriptor '/home/baba/Desktop/Dem_ros2/install/dem_cpp_topic/share/dem_cpp_topic/package.dsv'
[0.419s] INFO:colcon.colcon_core.shell:Creating package script '/home/baba/Desktop/Dem_ros2/install/dem_cpp_topic/share/dem_cpp_topic/package.sh'
[0.420s] INFO:colcon.colcon_core.shell:Creating package script '/home/baba/Desktop/Dem_ros2/install/dem_cpp_topic/share/dem_cpp_topic/package.bash'
[0.420s] INFO:colcon.colcon_core.shell:Creating package script '/home/baba/Desktop/Dem_ros2/install/dem_cpp_topic/share/dem_cpp_topic/package.zsh'
[0.421s] Level 1:colcon.colcon_core.environment:create_file_with_runtime_dependencies(/home/baba/Desktop/Dem_ros2/install/dem_cpp_topic/share/colcon-core/packages/dem_cpp_topic)
[0.422s] Level 1:colcon.colcon_core.environment:create_environment_scripts_only(dem_cpp_topic)
[0.422s] Level 1:colcon.colcon_core.environment:checking '/home/baba/Desktop/Dem_ros2/install/dem_cpp_topic' for CMake module files
[0.422s] Level 1:colcon.colcon_core.environment:checking '/home/baba/Desktop/Dem_ros2/install/dem_cpp_topic' for CMake config files
[0.423s] Level 1:colcon.colcon_core.shell:create_environment_hook('dem_cpp_topic', 'cmake_prefix_path')
[0.423s] INFO:colcon.colcon_core.shell:Creating environment hook '/home/baba/Desktop/Dem_ros2/install/dem_cpp_topic/share/dem_cpp_topic/hook/cmake_prefix_path.ps1'
[0.423s] INFO:colcon.colcon_core.shell:Creating environment descriptor '/home/baba/Desktop/Dem_ros2/install/dem_cpp_topic/share/dem_cpp_topic/hook/cmake_prefix_path.dsv'
[0.424s] INFO:colcon.colcon_core.shell:Creating environment hook '/home/baba/Desktop/Dem_ros2/install/dem_cpp_topic/share/dem_cpp_topic/hook/cmake_prefix_path.sh'
[0.424s] Level 1:colcon.colcon_core.environment:checking '/home/baba/Desktop/Dem_ros2/install/dem_cpp_topic/lib'
[0.425s] Level 1:colcon.colcon_core.environment:checking '/home/baba/Desktop/Dem_ros2/install/dem_cpp_topic/bin'
[0.425s] Level 1:colcon.colcon_core.environment:checking '/home/baba/Desktop/Dem_ros2/install/dem_cpp_topic/lib/pkgconfig/dem_cpp_topic.pc'
[0.425s] Level 1:colcon.colcon_core.environment:checking '/home/baba/Desktop/Dem_ros2/install/dem_cpp_topic/lib/python3.10/site-packages'
[0.425s] Level 1:colcon.colcon_core.environment:checking '/home/baba/Desktop/Dem_ros2/install/dem_cpp_topic/bin'
[0.425s] INFO:colcon.colcon_core.shell:Creating package script '/home/baba/Desktop/Dem_ros2/install/dem_cpp_topic/share/dem_cpp_topic/package.ps1'
[0.426s] INFO:colcon.colcon_core.shell:Creating package descriptor '/home/baba/Desktop/Dem_ros2/install/dem_cpp_topic/share/dem_cpp_topic/package.dsv'
[0.426s] INFO:colcon.colcon_core.shell:Creating package script '/home/baba/Desktop/Dem_ros2/install/dem_cpp_topic/share/dem_cpp_topic/package.sh'
[0.426s] INFO:colcon.colcon_core.shell:Creating package script '/home/baba/Desktop/Dem_ros2/install/dem_cpp_topic/share/dem_cpp_topic/package.bash'
[0.427s] INFO:colcon.colcon_core.shell:Creating package script '/home/baba/Desktop/Dem_ros2/install/dem_cpp_topic/share/dem_cpp_topic/package.zsh'
[0.427s] Level 1:colcon.colcon_core.environment:create_file_with_runtime_dependencies(/home/baba/Desktop/Dem_ros2/install/dem_cpp_topic/share/colcon-core/packages/dem_cpp_topic)
[0.428s] Level 1:colcon.colcon_core.environment:create_environment_scripts_only(dem_cpp_pkg)
[0.429s] Level 1:colcon.colcon_core.environment:checking '/home/baba/Desktop/Dem_ros2/install/dem_cpp_pkg' for CMake module files
[0.429s] DEBUG:colcon.colcon_core.event_handler.log_command:Invoked command in '/home/baba/Desktop/Dem_ros2/build/dem_cpp_pkg' returned '0': CMAKE_PREFIX_PATH=${CMAKE_PREFIX_PATH}:/opt/ros/humble /usr/bin/cmake --install /home/baba/Desktop/Dem_ros2/build/dem_cpp_pkg
[0.430s] Level 1:colcon.colcon_core.environment:checking '/home/baba/Desktop/Dem_ros2/install/dem_cpp_pkg' for CMake config files
[0.430s] Level 1:colcon.colcon_core.shell:create_environment_hook('dem_cpp_pkg', 'cmake_prefix_path')
[0.430s] INFO:colcon.colcon_core.shell:Creating environment hook '/home/baba/Desktop/Dem_ros2/install/dem_cpp_pkg/share/dem_cpp_pkg/hook/cmake_prefix_path.ps1'
[0.430s] INFO:colcon.colcon_core.shell:Creating environment descriptor '/home/baba/Desktop/Dem_ros2/install/dem_cpp_pkg/share/dem_cpp_pkg/hook/cmake_prefix_path.dsv'
[0.431s] INFO:colcon.colcon_core.shell:Creating environment hook '/home/baba/Desktop/Dem_ros2/install/dem_cpp_pkg/share/dem_cpp_pkg/hook/cmake_prefix_path.sh'
[0.431s] Level 1:colcon.colcon_core.environment:checking '/home/baba/Desktop/Dem_ros2/install/dem_cpp_pkg/lib'
[0.431s] Level 1:colcon.colcon_core.environment:checking '/home/baba/Desktop/Dem_ros2/install/dem_cpp_pkg/bin'
[0.431s] Level 1:colcon.colcon_core.environment:checking '/home/baba/Desktop/Dem_ros2/install/dem_cpp_pkg/lib/pkgconfig/dem_cpp_pkg.pc'
[0.432s] Level 1:colcon.colcon_core.environment:checking '/home/baba/Desktop/Dem_ros2/install/dem_cpp_pkg/lib/python3.10/site-packages'
[0.432s] Level 1:colcon.colcon_core.environment:checking '/home/baba/Desktop/Dem_ros2/install/dem_cpp_pkg/bin'
[0.432s] INFO:colcon.colcon_core.shell:Creating package script '/home/baba/Desktop/Dem_ros2/install/dem_cpp_pkg/share/dem_cpp_pkg/package.ps1'
[0.432s] INFO:colcon.colcon_core.shell:Creating package descriptor '/home/baba/Desktop/Dem_ros2/install/dem_cpp_pkg/share/dem_cpp_pkg/package.dsv'
[0.433s] INFO:colcon.colcon_core.shell:Creating package script '/home/baba/Desktop/Dem_ros2/install/dem_cpp_pkg/share/dem_cpp_pkg/package.sh'
[0.433s] INFO:colcon.colcon_core.shell:Creating package script '/home/baba/Desktop/Dem_ros2/install/dem_cpp_pkg/share/dem_cpp_pkg/package.bash'
[0.433s] INFO:colcon.colcon_core.shell:Creating package script '/home/baba/Desktop/Dem_ros2/install/dem_cpp_pkg/share/dem_cpp_pkg/package.zsh'
[0.433s] Level 1:colcon.colcon_core.environment:create_file_with_runtime_dependencies(/home/baba/Desktop/Dem_ros2/install/dem_cpp_pkg/share/colcon-core/packages/dem_cpp_pkg)
[0.434s] Level 1:colcon.colcon_core.environment:create_environment_scripts_only(dem_cpp_pkg)
[0.434s] Level 1:colcon.colcon_core.environment:checking '/home/baba/Desktop/Dem_ros2/install/dem_cpp_pkg' for CMake module files
[0.434s] Level 1:colcon.colcon_core.environment:checking '/home/baba/Desktop/Dem_ros2/install/dem_cpp_pkg' for CMake config files
[0.434s] Level 1:colcon.colcon_core.shell:create_environment_hook('dem_cpp_pkg', 'cmake_prefix_path')
[0.434s] INFO:colcon.colcon_core.shell:Creating environment hook '/home/baba/Desktop/Dem_ros2/install/dem_cpp_pkg/share/dem_cpp_pkg/hook/cmake_prefix_path.ps1'
[0.435s] INFO:colcon.colcon_core.shell:Creating environment descriptor '/home/baba/Desktop/Dem_ros2/install/dem_cpp_pkg/share/dem_cpp_pkg/hook/cmake_prefix_path.dsv'
[0.435s] INFO:colcon.colcon_core.shell:Creating environment hook '/home/baba/Desktop/Dem_ros2/install/dem_cpp_pkg/share/dem_cpp_pkg/hook/cmake_prefix_path.sh'
[0.436s] Level 1:colcon.colcon_core.environment:checking '/home/baba/Desktop/Dem_ros2/install/dem_cpp_pkg/lib'
[0.436s] Level 1:colcon.colcon_core.environment:checking '/home/baba/Desktop/Dem_ros2/install/dem_cpp_pkg/bin'
[0.436s] Level 1:colcon.colcon_core.environment:checking '/home/baba/Desktop/Dem_ros2/install/dem_cpp_pkg/lib/pkgconfig/dem_cpp_pkg.pc'
[0.436s] Level 1:colcon.colcon_core.environment:checking '/home/baba/Desktop/Dem_ros2/install/dem_cpp_pkg/lib/python3.10/site-packages'
[0.436s] Level 1:colcon.colcon_core.environment:checking '/home/baba/Desktop/Dem_ros2/install/dem_cpp_pkg/bin'
[0.437s] INFO:colcon.colcon_core.shell:Creating package script '/home/baba/Desktop/Dem_ros2/install/dem_cpp_pkg/share/dem_cpp_pkg/package.ps1'
[0.437s] INFO:colcon.colcon_core.shell:Creating package descriptor '/home/baba/Desktop/Dem_ros2/install/dem_cpp_pkg/share/dem_cpp_pkg/package.dsv'
[0.437s] INFO:colcon.colcon_core.shell:Creating package script '/home/baba/Desktop/Dem_ros2/install/dem_cpp_pkg/share/dem_cpp_pkg/package.sh'
[0.438s] INFO:colcon.colcon_core.shell:Creating package script '/home/baba/Desktop/Dem_ros2/install/dem_cpp_pkg/share/dem_cpp_pkg/package.bash'
[0.438s] INFO:colcon.colcon_core.shell:Creating package script '/home/baba/Desktop/Dem_ros2/install/dem_cpp_pkg/share/dem_cpp_pkg/package.zsh'
[0.438s] Level 1:colcon.colcon_core.environment:create_file_with_runtime_dependencies(/home/baba/Desktop/Dem_ros2/install/dem_cpp_pkg/share/colcon-core/packages/dem_cpp_pkg)
[0.560s] DEBUG:colcon.colcon_core.event_handler.log_command:Invoked command in '/home/baba/Desktop/Dem_ros2/build/status_interfaces' returned '0': CMAKE_PREFIX_PATH=${CMAKE_PREFIX_PATH}:/opt/ros/humble /usr/bin/cmake --build /home/baba/Desktop/Dem_ros2/build/status_interfaces -- -j16 -l16
[0.562s] DEBUG:colcon.colcon_core.event_handler.log_command:Invoking command in '/home/baba/Desktop/Dem_ros2/build/status_interfaces': CMAKE_PREFIX_PATH=${CMAKE_PREFIX_PATH}:/opt/ros/humble /usr/bin/cmake --install /home/baba/Desktop/Dem_ros2/build/status_interfaces
[0.600s] Level 1:colcon.colcon_core.environment:create_environment_scripts_only(status_interfaces)
[0.600s] Level 1:colcon.colcon_core.environment:checking '/home/baba/Desktop/Dem_ros2/install/status_interfaces' for CMake module files
[0.600s] DEBUG:colcon.colcon_core.event_handler.log_command:Invoked command in '/home/baba/Desktop/Dem_ros2/build/status_interfaces' returned '0': CMAKE_PREFIX_PATH=${CMAKE_PREFIX_PATH}:/opt/ros/humble /usr/bin/cmake --install /home/baba/Desktop/Dem_ros2/build/status_interfaces
[0.601s] Level 1:colcon.colcon_core.environment:checking '/home/baba/Desktop/Dem_ros2/install/status_interfaces' for CMake config files
[0.601s] Level 1:colcon.colcon_core.shell:create_environment_hook('status_interfaces', 'cmake_prefix_path')
[0.601s] INFO:colcon.colcon_core.shell:Creating environment hook '/home/baba/Desktop/Dem_ros2/install/status_interfaces/share/status_interfaces/hook/cmake_prefix_path.ps1'
[0.601s] INFO:colcon.colcon_core.shell:Creating environment descriptor '/home/baba/Desktop/Dem_ros2/install/status_interfaces/share/status_interfaces/hook/cmake_prefix_path.dsv'
[0.602s] INFO:colcon.colcon_core.shell:Creating environment hook '/home/baba/Desktop/Dem_ros2/install/status_interfaces/share/status_interfaces/hook/cmake_prefix_path.sh'
[0.602s] Level 1:colcon.colcon_core.environment:checking '/home/baba/Desktop/Dem_ros2/install/status_interfaces/lib'
[0.602s] Level 1:colcon.colcon_core.shell:create_environment_hook('status_interfaces', 'ld_library_path_lib')
[0.602s] INFO:colcon.colcon_core.shell:Creating environment hook '/home/baba/Desktop/Dem_ros2/install/status_interfaces/share/status_interfaces/hook/ld_library_path_lib.ps1'
[0.603s] INFO:colcon.colcon_core.shell:Creating environment descriptor '/home/baba/Desktop/Dem_ros2/install/status_interfaces/share/status_interfaces/hook/ld_library_path_lib.dsv'
[0.603s] INFO:colcon.colcon_core.shell:Creating environment hook '/home/baba/Desktop/Dem_ros2/install/status_interfaces/share/status_interfaces/hook/ld_library_path_lib.sh'
[0.603s] Level 1:colcon.colcon_core.environment:checking '/home/baba/Desktop/Dem_ros2/install/status_interfaces/bin'
[0.603s] Level 1:colcon.colcon_core.environment:checking '/home/baba/Desktop/Dem_ros2/install/status_interfaces/lib/pkgconfig/status_interfaces.pc'
[0.603s] Level 1:colcon.colcon_core.environment:checking '/home/baba/Desktop/Dem_ros2/install/status_interfaces/lib/python3.10/site-packages'
[0.603s] Level 1:colcon.colcon_core.environment:checking '/home/baba/Desktop/Dem_ros2/install/status_interfaces/bin'
[0.604s] INFO:colcon.colcon_core.shell:Creating package script '/home/baba/Desktop/Dem_ros2/install/status_interfaces/share/status_interfaces/package.ps1'
[0.604s] INFO:colcon.colcon_core.shell:Creating package descriptor '/home/baba/Desktop/Dem_ros2/install/status_interfaces/share/status_interfaces/package.dsv'
[0.604s] INFO:colcon.colcon_core.shell:Creating package script '/home/baba/Desktop/Dem_ros2/install/status_interfaces/share/status_interfaces/package.sh'
[0.605s] INFO:colcon.colcon_core.shell:Creating package script '/home/baba/Desktop/Dem_ros2/install/status_interfaces/share/status_interfaces/package.bash'
[0.605s] INFO:colcon.colcon_core.shell:Creating package script '/home/baba/Desktop/Dem_ros2/install/status_interfaces/share/status_interfaces/package.zsh'
[0.605s] Level 1:colcon.colcon_core.environment:create_file_with_runtime_dependencies(/home/baba/Desktop/Dem_ros2/install/status_interfaces/share/colcon-core/packages/status_interfaces)
[0.605s] Level 1:colcon.colcon_core.environment:create_environment_scripts_only(status_interfaces)
[0.606s] Level 1:colcon.colcon_core.environment:checking '/home/baba/Desktop/Dem_ros2/install/status_interfaces' for CMake module files
[0.606s] Level 1:colcon.colcon_core.environment:checking '/home/baba/Desktop/Dem_ros2/install/status_interfaces' for CMake config files
[0.606s] Level 1:colcon.colcon_core.shell:create_environment_hook('status_interfaces', 'cmake_prefix_path')
[0.606s] INFO:colcon.colcon_core.shell:Creating environment hook '/home/baba/Desktop/Dem_ros2/install/status_interfaces/share/status_interfaces/hook/cmake_prefix_path.ps1'
[0.606s] INFO:colcon.colcon_core.shell:Creating environment descriptor '/home/baba/Desktop/Dem_ros2/install/status_interfaces/share/status_interfaces/hook/cmake_prefix_path.dsv'
[0.607s] INFO:colcon.colcon_core.shell:Creating environment hook '/home/baba/Desktop/Dem_ros2/install/status_interfaces/share/status_interfaces/hook/cmake_prefix_path.sh'
[0.607s] Level 1:colcon.colcon_core.environment:checking '/home/baba/Desktop/Dem_ros2/install/status_interfaces/lib'
[0.607s] Level 1:colcon.colcon_core.shell:create_environment_hook('status_interfaces', 'ld_library_path_lib')
[0.607s] INFO:colcon.colcon_core.shell:Creating environment hook '/home/baba/Desktop/Dem_ros2/install/status_interfaces/share/status_interfaces/hook/ld_library_path_lib.ps1'
[0.608s] INFO:colcon.colcon_core.shell:Creating environment descriptor '/home/baba/Desktop/Dem_ros2/install/status_interfaces/share/status_interfaces/hook/ld_library_path_lib.dsv'
[0.608s] INFO:colcon.colcon_core.shell:Creating environment hook '/home/baba/Desktop/Dem_ros2/install/status_interfaces/share/status_interfaces/hook/ld_library_path_lib.sh'
[0.608s] Level 1:colcon.colcon_core.environment:checking '/home/baba/Desktop/Dem_ros2/install/status_interfaces/bin'
[0.608s] Level 1:colcon.colcon_core.environment:checking '/home/baba/Desktop/Dem_ros2/install/status_interfaces/lib/pkgconfig/status_interfaces.pc'
[0.608s] Level 1:colcon.colcon_core.environment:checking '/home/baba/Desktop/Dem_ros2/install/status_interfaces/lib/python3.10/site-packages'
[0.608s] Level 1:colcon.colcon_core.environment:checking '/home/baba/Desktop/Dem_ros2/install/status_interfaces/bin'
[0.609s] INFO:colcon.colcon_core.shell:Creating package script '/home/baba/Desktop/Dem_ros2/install/status_interfaces/share/status_interfaces/package.ps1'
[0.609s] INFO:colcon.colcon_core.shell:Creating package descriptor '/home/baba/Desktop/Dem_ros2/install/status_interfaces/share/status_interfaces/package.dsv'
[0.609s] INFO:colcon.colcon_core.shell:Creating package script '/home/baba/Desktop/Dem_ros2/install/status_interfaces/share/status_interfaces/package.sh'
[0.610s] INFO:colcon.colcon_core.shell:Creating package script '/home/baba/Desktop/Dem_ros2/install/status_interfaces/share/status_interfaces/package.bash'
[0.610s] INFO:colcon.colcon_core.shell:Creating package script '/home/baba/Desktop/Dem_ros2/install/status_interfaces/share/status_interfaces/package.zsh'
[0.610s] Level 1:colcon.colcon_core.environment:create_file_with_runtime_dependencies(/home/baba/Desktop/Dem_ros2/install/status_interfaces/share/colcon-core/packages/status_interfaces)
[0.611s] INFO:colcon.colcon_ros.task.ament_cmake.build:Building ROS package in '/home/baba/Desktop/Dem_ros2/src/status_display' with build type 'ament_cmake'
[0.611s] INFO:colcon.colcon_cmake.task.cmake.build:Building CMake package in '/home/baba/Desktop/Dem_ros2/src/status_display'
[0.611s] INFO:colcon.colcon_core.shell:Skip shell extension 'powershell' for command environment: Not usable outside of PowerShell
[0.611s] DEBUG:colcon.colcon_core.shell:Skip shell extension 'dsv' for command environment
[0.620s] DEBUG:colcon.colcon_core.event_handler.log_command:Invoking command in '/home/baba/Desktop/Dem_ros2/build/status_display': CMAKE_PREFIX_PATH=/home/baba/Desktop/Dem_ros2/install/status_interfaces:/home/baba/Desktop/Dem_ros2/install/status_display:/home/baba/Desktop/Dem_ros2/install/dem_cpp_topic:/home/baba/Desktop/Dem_ros2/install/dem_cpp_pkg:/opt/ros/humble /usr/bin/cmake --build /home/baba/Desktop/Dem_ros2/build/status_display -- -j16 -l16
[0.668s] DEBUG:colcon.colcon_core.event_handler.log_command:Invoked command in '/home/baba/Desktop/Dem_ros2/build/status_display' returned '0': CMAKE_PREFIX_PATH=/home/baba/Desktop/Dem_ros2/install/status_interfaces:/home/baba/Desktop/Dem_ros2/install/status_display:/home/baba/Desktop/Dem_ros2/install/dem_cpp_topic:/home/baba/Desktop/Dem_ros2/install/dem_cpp_pkg:/opt/ros/humble /usr/bin/cmake --build /home/baba/Desktop/Dem_ros2/build/status_display -- -j16 -l16
[0.670s] DEBUG:colcon.colcon_core.event_handler.log_command:Invoking command in '/home/baba/Desktop/Dem_ros2/build/status_display': CMAKE_PREFIX_PATH=/home/baba/Desktop/Dem_ros2/install/status_interfaces:/home/baba/Desktop/Dem_ros2/install/status_display:/home/baba/Desktop/Dem_ros2/install/dem_cpp_topic:/home/baba/Desktop/Dem_ros2/install/dem_cpp_pkg:/opt/ros/humble /usr/bin/cmake --install /home/baba/Desktop/Dem_ros2/build/status_display
[0.677s] Level 1:colcon.colcon_core.environment:create_environment_scripts_only(status_display)
[0.677s] Level 1:colcon.colcon_core.environment:checking '/home/baba/Desktop/Dem_ros2/install/status_display' for CMake module files
[0.678s] DEBUG:colcon.colcon_core.event_handler.log_command:Invoked command in '/home/baba/Desktop/Dem_ros2/build/status_display' returned '0': CMAKE_PREFIX_PATH=/home/baba/Desktop/Dem_ros2/install/status_interfaces:/home/baba/Desktop/Dem_ros2/install/status_display:/home/baba/Desktop/Dem_ros2/install/dem_cpp_topic:/home/baba/Desktop/Dem_ros2/install/dem_cpp_pkg:/opt/ros/humble /usr/bin/cmake --install /home/baba/Desktop/Dem_ros2/build/status_display
[0.678s] Level 1:colcon.colcon_core.environment:checking '/home/baba/Desktop/Dem_ros2/install/status_display' for CMake config files
[0.678s] Level 1:colcon.colcon_core.shell:create_environment_hook('status_display', 'cmake_prefix_path')
[0.678s] INFO:colcon.colcon_core.shell:Creating environment hook '/home/baba/Desktop/Dem_ros2/install/status_display/share/status_display/hook/cmake_prefix_path.ps1'
[0.679s] INFO:colcon.colcon_core.shell:Creating environment descriptor '/home/baba/Desktop/Dem_ros2/install/status_display/share/status_display/hook/cmake_prefix_path.dsv'
[0.679s] INFO:colcon.colcon_core.shell:Creating environment hook '/home/baba/Desktop/Dem_ros2/install/status_display/share/status_display/hook/cmake_prefix_path.sh'
[0.680s] Level 1:colcon.colcon_core.environment:checking '/home/baba/Desktop/Dem_ros2/install/status_display/lib'
[0.680s] Level 1:colcon.colcon_core.environment:checking '/home/baba/Desktop/Dem_ros2/install/status_display/bin'
[0.680s] Level 1:colcon.colcon_core.environment:checking '/home/baba/Desktop/Dem_ros2/install/status_display/lib/pkgconfig/status_display.pc'
[0.680s] Level 1:colcon.colcon_core.environment:checking '/home/baba/Desktop/Dem_ros2/install/status_display/lib/python3.10/site-packages'
[0.680s] Level 1:colcon.colcon_core.environment:checking '/home/baba/Desktop/Dem_ros2/install/status_display/bin'
[0.680s] INFO:colcon.colcon_core.shell:Creating package script '/home/baba/Desktop/Dem_ros2/install/status_display/share/status_display/package.ps1'
[0.681s] INFO:colcon.colcon_core.shell:Creating package descriptor '/home/baba/Desktop/Dem_ros2/install/status_display/share/status_display/package.dsv'
[0.681s] INFO:colcon.colcon_core.shell:Creating package script '/home/baba/Desktop/Dem_ros2/install/status_display/share/status_display/package.sh'
[0.681s] INFO:colcon.colcon_core.shell:Creating package script '/home/baba/Desktop/Dem_ros2/install/status_display/share/status_display/package.bash'
[0.682s] INFO:colcon.colcon_core.shell:Creating package script '/home/baba/Desktop/Dem_ros2/install/status_display/share/status_display/package.zsh'
[0.682s] Level 1:colcon.colcon_core.environment:create_file_with_runtime_dependencies(/home/baba/Desktop/Dem_ros2/install/status_display/share/colcon-core/packages/status_display)
[0.682s] Level 1:colcon.colcon_core.environment:create_environment_scripts_only(status_display)
[0.683s] Level 1:colcon.colcon_core.environment:checking '/home/baba/Desktop/Dem_ros2/install/status_display' for CMake module files
[0.683s] Level 1:colcon.colcon_core.environment:checking '/home/baba/Desktop/Dem_ros2/install/status_display' for CMake config files
[0.683s] Level 1:colcon.colcon_core.shell:create_environment_hook('status_display', 'cmake_prefix_path')
[0.683s] INFO:colcon.colcon_core.shell:Creating environment hook '/home/baba/Desktop/Dem_ros2/install/status_display/share/status_display/hook/cmake_prefix_path.ps1'
[0.684s] INFO:colcon.colcon_core.shell:Creating environment descriptor '/home/baba/Desktop/Dem_ros2/install/status_display/share/status_display/hook/cmake_prefix_path.dsv'
[0.684s] INFO:colcon.colcon_core.shell:Creating environment hook '/home/baba/Desktop/Dem_ros2/install/status_display/share/status_display/hook/cmake_prefix_path.sh'
[0.684s] Level 1:colcon.colcon_core.environment:checking '/home/baba/Desktop/Dem_ros2/install/status_display/lib'
[0.684s] Level 1:colcon.colcon_core.environment:checking '/home/baba/Desktop/Dem_ros2/install/status_display/bin'
[0.684s] Level 1:colcon.colcon_core.environment:checking '/home/baba/Desktop/Dem_ros2/install/status_display/lib/pkgconfig/status_display.pc'
[0.684s] Level 1:colcon.colcon_core.environment:checking '/home/baba/Desktop/Dem_ros2/install/status_display/lib/python3.10/site-packages'
[0.685s] Level 1:colcon.colcon_core.environment:checking '/home/baba/Desktop/Dem_ros2/install/status_display/bin'
[0.685s] INFO:colcon.colcon_core.shell:Creating package script '/home/baba/Desktop/Dem_ros2/install/status_display/share/status_display/package.ps1'
[0.685s] INFO:colcon.colcon_core.shell:Creating package descriptor '/home/baba/Desktop/Dem_ros2/install/status_display/share/status_display/package.dsv'
[0.685s] INFO:colcon.colcon_core.shell:Creating package script '/home/baba/Desktop/Dem_ros2/install/status_display/share/status_display/package.sh'
[0.686s] INFO:colcon.colcon_core.shell:Creating package script '/home/baba/Desktop/Dem_ros2/install/status_display/share/status_display/package.bash'
[0.686s] INFO:colcon.colcon_core.shell:Creating package script '/home/baba/Desktop/Dem_ros2/install/status_display/share/status_display/package.zsh'
[0.686s] Level 1:colcon.colcon_core.environment:create_file_with_runtime_dependencies(/home/baba/Desktop/Dem_ros2/install/status_display/share/colcon-core/packages/status_display)
[0.686s] DEBUG:colcon.colcon_parallel_executor.executor.parallel:closing loop
[0.687s] DEBUG:colcon.colcon_parallel_executor.executor.parallel:loop closed
[0.687s] DEBUG:colcon.colcon_parallel_executor.executor.parallel:run_until_complete finished with '0'
[0.687s] DEBUG:colcon.colcon_core.event_reactor:joining thread
[0.690s] INFO:colcon.colcon_core.plugin_system:Skipping extension 'colcon_notification.desktop_notification.terminal_notifier': Not used on non-Darwin systems
[0.691s] INFO:colcon.colcon_core.plugin_system:Skipping extension 'colcon_notification.desktop_notification.win32': Not used on non-Windows systems
[0.691s] INFO:colcon.colcon_notification.desktop_notification:Sending desktop notification using 'notify2'
[0.702s] DEBUG:colcon.colcon_core.event_reactor:joined thread
[0.702s] INFO:colcon.colcon_core.shell:Creating prefix script '/home/baba/Desktop/Dem_ros2/install/local_setup.ps1'
[0.703s] INFO:colcon.colcon_core.shell:Creating prefix util module '/home/baba/Desktop/Dem_ros2/install/_local_setup_util_ps1.py'
[0.703s] INFO:colcon.colcon_core.shell:Creating prefix chain script '/home/baba/Desktop/Dem_ros2/install/setup.ps1'
[0.704s] INFO:colcon.colcon_core.shell:Creating prefix script '/home/baba/Desktop/Dem_ros2/install/local_setup.sh'
[0.704s] INFO:colcon.colcon_core.shell:Creating prefix util module '/home/baba/Desktop/Dem_ros2/install/_local_setup_util_sh.py'
[0.705s] INFO:colcon.colcon_core.shell:Creating prefix chain script '/home/baba/Desktop/Dem_ros2/install/setup.sh'
[0.705s] INFO:colcon.colcon_core.shell:Creating prefix script '/home/baba/Desktop/Dem_ros2/install/local_setup.bash'
[0.706s] INFO:colcon.colcon_core.shell:Creating prefix chain script '/home/baba/Desktop/Dem_ros2/install/setup.bash'
[0.707s] INFO:colcon.colcon_core.shell:Creating prefix script '/home/baba/Desktop/Dem_ros2/install/local_setup.zsh'
[0.707s] INFO:colcon.colcon_core.shell:Creating prefix chain script '/home/baba/Desktop/Dem_ros2/install/setup.zsh'
