[0.016s] Invoking command in '/home/baba/Desktop/Dem_ros2/build/dem_cpp_pkg': CMAKE_PREFIX_PATH=${CMAKE_PREFIX_PATH}:/opt/ros/humble /usr/bin/cmake --build /home/baba/Desktop/Dem_ros2/build/dem_cpp_pkg -- -j16 -l16
[0.088s] [ 50%] Built target learn_thread
[0.102s] [100%] Built target ros2_cpp_node
[0.111s] Invoked command in '/home/baba/Desktop/Dem_ros2/build/dem_cpp_pkg' returned '0': CMAKE_PREFIX_PATH=${CMAKE_PREFIX_PATH}:/opt/ros/humble /usr/bin/cmake --build /home/baba/Desktop/Dem_ros2/build/dem_cpp_pkg -- -j16 -l16
[0.122s] Invoking command in '/home/baba/Desktop/Dem_ros2/build/dem_cpp_pkg': CMAKE_PREFIX_PATH=${CMAKE_PREFIX_PATH}:/opt/ros/humble /usr/bin/cmake --install /home/baba/Desktop/Dem_ros2/build/dem_cpp_pkg
[0.126s] -- Install configuration: ""
[0.130s] -- Up-to-date: /home/baba/Desktop/Dem_ros2/install/dem_cpp_pkg/lib/dem_cpp_pkg/ros2_cpp_node
[0.133s] -- Up-to-date: /home/baba/Desktop/Dem_ros2/install/dem_cpp_pkg/lib/dem_cpp_pkg/learn_thread
[0.133s] -- Up-to-date: /home/baba/Desktop/Dem_ros2/install/dem_cpp_pkg/share/ament_index/resource_index/package_run_dependencies/dem_cpp_pkg
[0.134s] -- Up-to-date: /home/baba/Desktop/Dem_ros2/install/dem_cpp_pkg/share/ament_index/resource_index/parent_prefix_path/dem_cpp_pkg
[0.135s] -- Up-to-date: /home/baba/Desktop/Dem_ros2/install/dem_cpp_pkg/share/dem_cpp_pkg/environment/ament_prefix_path.sh
[0.136s] -- Up-to-date: /home/baba/Desktop/Dem_ros2/install/dem_cpp_pkg/share/dem_cpp_pkg/environment/ament_prefix_path.dsv
[0.136s] -- Up-to-date: /home/baba/Desktop/Dem_ros2/install/dem_cpp_pkg/share/dem_cpp_pkg/environment/path.sh
[0.136s] -- Up-to-date: /home/baba/Desktop/Dem_ros2/install/dem_cpp_pkg/share/dem_cpp_pkg/environment/path.dsv
[0.136s] -- Up-to-date: /home/baba/Desktop/Dem_ros2/install/dem_cpp_pkg/share/dem_cpp_pkg/local_setup.bash
[0.136s] -- Up-to-date: /home/baba/Desktop/Dem_ros2/install/dem_cpp_pkg/share/dem_cpp_pkg/local_setup.sh
[0.136s] -- Up-to-date: /home/baba/Desktop/Dem_ros2/install/dem_cpp_pkg/share/dem_cpp_pkg/local_setup.zsh
[0.136s] -- Up-to-date: /home/baba/Desktop/Dem_ros2/install/dem_cpp_pkg/share/dem_cpp_pkg/local_setup.dsv
[0.137s] -- Installing: /home/baba/Desktop/Dem_ros2/install/dem_cpp_pkg/share/dem_cpp_pkg/package.dsv
[0.137s] -- Up-to-date: /home/baba/Desktop/Dem_ros2/install/dem_cpp_pkg/share/ament_index/resource_index/packages/dem_cpp_pkg
[0.137s] -- Up-to-date: /home/baba/Desktop/Dem_ros2/install/dem_cpp_pkg/share/dem_cpp_pkg/cmake/dem_cpp_pkgConfig.cmake
[0.138s] -- Up-to-date: /home/baba/Desktop/Dem_ros2/install/dem_cpp_pkg/share/dem_cpp_pkg/cmake/dem_cpp_pkgConfig-version.cmake
[0.139s] -- Up-to-date: /home/baba/Desktop/Dem_ros2/install/dem_cpp_pkg/share/dem_cpp_pkg/package.xml
[0.142s] Invoked command in '/home/baba/Desktop/Dem_ros2/build/dem_cpp_pkg' returned '0': CMAKE_PREFIX_PATH=${CMAKE_PREFIX_PATH}:/opt/ros/humble /usr/bin/cmake --install /home/baba/Desktop/Dem_ros2/build/dem_cpp_pkg
