[0.008s] Invoking command in '/home/baba/Desktop/Dem_ros2/build/status_dispaly': AMENT_PREFIX_PATH=/home/baba/Desktop/Dem_ros2/install/status_interfaces:${AMENT_PREFIX_PATH} CMAKE_PREFIX_PATH=/home/baba/Desktop/Dem_ros2/install/status_interfaces:/opt/ros/humble LD_LIBRARY_PATH=/home/baba/Desktop/Dem_ros2/install/status_interfaces/lib:${LD_LIBRARY_PATH} PYTHONPATH=/home/baba/Desktop/Dem_ros2/install/status_interfaces/local/lib/python3.10/dist-packages:${PYTHONPATH} /usr/bin/cmake --build /home/baba/Desktop/Dem_ros2/build/status_dispaly -- -j16 -l16
[0.025s] -- Found ament_cmake: 1.3.11 (/opt/ros/humble/share/ament_cmake/cmake)
[0.111s] -- Found rclcpp: 16.0.11 (/opt/ros/humble/share/rclcpp/cmake)
[0.130s] -- Found rosidl_generator_c: 3.1.6 (/opt/ros/humble/share/rosidl_generator_c/cmake)
[0.131s] -- Found rosidl_adapter: 3.1.6 (/opt/ros/humble/share/rosidl_adapter/cmake)
[0.135s] -- Found rosidl_generator_cpp: 3.1.6 (/opt/ros/humble/share/rosidl_generator_cpp/cmake)
[0.143s] -- Using all available rosidl_typesupport_c: rosidl_typesupport_fastrtps_c;rosidl_typesupport_introspection_c
[0.152s] -- Using all available rosidl_typesupport_cpp: rosidl_typesupport_fastrtps_cpp;rosidl_typesupport_introspection_cpp
[0.176s] -- Found rmw_implementation_cmake: 6.1.2 (/opt/ros/humble/share/rmw_implementation_cmake/cmake)
[0.176s] -- Found rmw_fastrtps_cpp: 6.2.7 (/opt/ros/humble/share/rmw_fastrtps_cpp/cmake)
[0.240s] -- Using RMW implementation 'rmw_fastrtps_cpp' as default
[0.274s] -- Found status_interfaces: 0.0.0 (/home/baba/Desktop/Dem_ros2/install/status_interfaces/share/status_interfaces/cmake)
[0.287s] -- Found ament_lint_auto: 0.12.11 (/opt/ros/humble/share/ament_lint_auto/cmake)
[0.333s] -- Added test 'cppcheck' to perform static code analysis on C / C++ code
[0.333s] -- Configured cppcheck include dirs: 
[0.333s] -- Configured cppcheck exclude dirs and/or files: 
[0.334s] -- Added test 'lint_cmake' to check CMake code style
[0.334s] -- Added test 'uncrustify' to check C / C++ code style
[0.334s] -- Configured uncrustify additional arguments: 
[0.334s] -- Added test 'xmllint' to check XML markup files
[0.335s] -- Configuring done
[0.346s] -- Generating done
[0.350s] -- Build files have been written to: /home/baba/Desktop/Dem_ros2/build/status_dispaly
[0.368s] [35m[1mConsolidate compiler generated dependencies of target hello_qt[0m
[0.376s] [ 25%] [32mBuilding CXX object CMakeFiles/sys_tatus_display.dir/src/sys_tatus_display.cpp.o[0m
[0.379s] [ 75%] Built target hello_qt
[2.525s] [01m[K/home/baba/Desktop/Dem_ros2/src/status_dispaly/src/sys_tatus_display.cpp:[m[K In function ‘[01m[Kint main(int, char**)[m[K’:
[2.525s] [01m[K/home/baba/Desktop/Dem_ros2/src/status_dispaly/src/sys_tatus_display.cpp:51:23:[m[K [01;35m[Kwarning: [m[Kempty parentheses were disambiguated as a function declaration [[01;35m[K]8;;https://gcc.gnu.org/onlinedocs/gcc/Warning-Options.html#index-Wvexing-parse-Wvexing-parse]8;;[m[K]
[2.525s]    51 |     std::thread detach[01;35m[K()[m[K;
[2.525s]       |                       [01;35m[K^~[m[K
[2.525s] [01m[K/home/baba/Desktop/Dem_ros2/src/status_dispaly/src/sys_tatus_display.cpp:51:23:[m[K [01;36m[Knote: [m[Kremove parentheses to default-initialize a variable
[2.525s]    51 |     std::thread detach[01;36m[K()[m[K;
[2.525s]       |                       [01;36m[K^~[m[K
[2.525s]       |                       [31m[K--[m[K
[2.526s] [01m[K/home/baba/Desktop/Dem_ros2/src/status_dispaly/src/sys_tatus_display.cpp:51:23:[m[K [01;36m[Knote: [m[Kor replace parentheses with braces to value-initialize a variable
[7.059s] [100%] [32m[1mLinking CXX executable sys_tatus_display[0m
[7.842s] [100%] Built target sys_tatus_display
[7.852s] Invoked command in '/home/baba/Desktop/Dem_ros2/build/status_dispaly' returned '0': AMENT_PREFIX_PATH=/home/baba/Desktop/Dem_ros2/install/status_interfaces:${AMENT_PREFIX_PATH} CMAKE_PREFIX_PATH=/home/baba/Desktop/Dem_ros2/install/status_interfaces:/opt/ros/humble LD_LIBRARY_PATH=/home/baba/Desktop/Dem_ros2/install/status_interfaces/lib:${LD_LIBRARY_PATH} PYTHONPATH=/home/baba/Desktop/Dem_ros2/install/status_interfaces/local/lib/python3.10/dist-packages:${PYTHONPATH} /usr/bin/cmake --build /home/baba/Desktop/Dem_ros2/build/status_dispaly -- -j16 -l16
[7.852s] Invoking command in '/home/baba/Desktop/Dem_ros2/build/status_dispaly': AMENT_PREFIX_PATH=/home/baba/Desktop/Dem_ros2/install/status_interfaces:${AMENT_PREFIX_PATH} CMAKE_PREFIX_PATH=/home/baba/Desktop/Dem_ros2/install/status_interfaces:/opt/ros/humble LD_LIBRARY_PATH=/home/baba/Desktop/Dem_ros2/install/status_interfaces/lib:${LD_LIBRARY_PATH} PYTHONPATH=/home/baba/Desktop/Dem_ros2/install/status_interfaces/local/lib/python3.10/dist-packages:${PYTHONPATH} /usr/bin/cmake --install /home/baba/Desktop/Dem_ros2/build/status_dispaly
[7.856s] -- Install configuration: ""
[7.858s] -- Up-to-date: /home/baba/Desktop/Dem_ros2/install/status_dispaly/lib/status_dispaly/hello_qt
[7.858s] -- Installing: /home/baba/Desktop/Dem_ros2/install/status_dispaly/lib/status_dispaly/sys_tatus_display
[7.861s] -- Set runtime path of "/home/baba/Desktop/Dem_ros2/install/status_dispaly/lib/status_dispaly/sys_tatus_display" to ""
[7.862s] -- Up-to-date: /home/baba/Desktop/Dem_ros2/install/status_dispaly/share/ament_index/resource_index/package_run_dependencies/status_dispaly
[7.863s] -- Up-to-date: /home/baba/Desktop/Dem_ros2/install/status_dispaly/share/ament_index/resource_index/parent_prefix_path/status_dispaly
[7.863s] -- Up-to-date: /home/baba/Desktop/Dem_ros2/install/status_dispaly/share/status_dispaly/environment/ament_prefix_path.sh
[7.863s] -- Installing: /home/baba/Desktop/Dem_ros2/install/status_dispaly/share/status_dispaly/environment/ament_prefix_path.dsv
[7.863s] -- Up-to-date: /home/baba/Desktop/Dem_ros2/install/status_dispaly/share/status_dispaly/environment/path.sh
[7.864s] -- Installing: /home/baba/Desktop/Dem_ros2/install/status_dispaly/share/status_dispaly/environment/path.dsv
[7.864s] -- Up-to-date: /home/baba/Desktop/Dem_ros2/install/status_dispaly/share/status_dispaly/local_setup.bash
[7.864s] -- Up-to-date: /home/baba/Desktop/Dem_ros2/install/status_dispaly/share/status_dispaly/local_setup.sh
[7.864s] -- Up-to-date: /home/baba/Desktop/Dem_ros2/install/status_dispaly/share/status_dispaly/local_setup.zsh
[7.865s] -- Installing: /home/baba/Desktop/Dem_ros2/install/status_dispaly/share/status_dispaly/local_setup.dsv
[7.865s] -- Installing: /home/baba/Desktop/Dem_ros2/install/status_dispaly/share/status_dispaly/package.dsv
[7.865s] -- Up-to-date: /home/baba/Desktop/Dem_ros2/install/status_dispaly/share/ament_index/resource_index/packages/status_dispaly
[7.865s] -- Up-to-date: /home/baba/Desktop/Dem_ros2/install/status_dispaly/share/status_dispaly/cmake/status_dispalyConfig.cmake
[7.865s] -- Up-to-date: /home/baba/Desktop/Dem_ros2/install/status_dispaly/share/status_dispaly/cmake/status_dispalyConfig-version.cmake
[7.865s] -- Up-to-date: /home/baba/Desktop/Dem_ros2/install/status_dispaly/share/status_dispaly/package.xml
[7.867s] Invoked command in '/home/baba/Desktop/Dem_ros2/build/status_dispaly' returned '0': AMENT_PREFIX_PATH=/home/baba/Desktop/Dem_ros2/install/status_interfaces:${AMENT_PREFIX_PATH} CMAKE_PREFIX_PATH=/home/baba/Desktop/Dem_ros2/install/status_interfaces:/opt/ros/humble LD_LIBRARY_PATH=/home/baba/Desktop/Dem_ros2/install/status_interfaces/lib:${LD_LIBRARY_PATH} PYTHONPATH=/home/baba/Desktop/Dem_ros2/install/status_interfaces/local/lib/python3.10/dist-packages:${PYTHONPATH} /usr/bin/cmake --install /home/baba/Desktop/Dem_ros2/build/status_dispaly
