[0.042s] Invoking command in '/home/baba/Desktop/Dem_ros2/build/dem_cpp_pkg': CMAKE_PREFIX_PATH=/opt/ros/humble /usr/bin/cmake --build /home/baba/Desktop/Dem_ros2/build/dem_cpp_pkg -- -j16 -l16
[0.076s] [35m[1mConsolidate compiler generated dependencies of target learn_thread[0m
[0.076s] [35m[1mConsolidate compiler generated dependencies of target ros2_cpp_node[0m
[0.094s] [ 50%] Built target learn_thread
[0.098s] [100%] Built target ros2_cpp_node
[0.105s] Invoked command in '/home/baba/Desktop/Dem_ros2/build/dem_cpp_pkg' returned '0': CMAKE_PREFIX_PATH=/opt/ros/humble /usr/bin/cmake --build /home/baba/Desktop/Dem_ros2/build/dem_cpp_pkg -- -j16 -l16
[0.112s] Invoking command in '/home/baba/Desktop/Dem_ros2/build/dem_cpp_pkg': CMAKE_PREFIX_PATH=/opt/ros/humble /usr/bin/cmake --install /home/baba/Desktop/Dem_ros2/build/dem_cpp_pkg
[0.116s] -- Install configuration: ""
[0.116s] -- Installing: /home/baba/Desktop/Dem_ros2/install/dem_cpp_pkg/lib/dem_cpp_pkg/ros2_cpp_node
[0.116s] -- Set runtime path of "/home/baba/Desktop/Dem_ros2/install/dem_cpp_pkg/lib/dem_cpp_pkg/ros2_cpp_node" to ""
[0.116s] -- Installing: /home/baba/Desktop/Dem_ros2/install/dem_cpp_pkg/lib/dem_cpp_pkg/learn_thread
[0.117s] -- Installing: /home/baba/Desktop/Dem_ros2/install/dem_cpp_pkg/share/ament_index/resource_index/package_run_dependencies/dem_cpp_pkg
[0.117s] -- Installing: /home/baba/Desktop/Dem_ros2/install/dem_cpp_pkg/share/ament_index/resource_index/parent_prefix_path/dem_cpp_pkg
[0.118s] -- Installing: /home/baba/Desktop/Dem_ros2/install/dem_cpp_pkg/share/dem_cpp_pkg/environment/ament_prefix_path.sh
[0.118s] -- Installing: /home/baba/Desktop/Dem_ros2/install/dem_cpp_pkg/share/dem_cpp_pkg/environment/ament_prefix_path.dsv
[0.118s] -- Installing: /home/baba/Desktop/Dem_ros2/install/dem_cpp_pkg/share/dem_cpp_pkg/environment/path.sh
[0.118s] -- Installing: /home/baba/Desktop/Dem_ros2/install/dem_cpp_pkg/share/dem_cpp_pkg/environment/path.dsv
[0.118s] -- Installing: /home/baba/Desktop/Dem_ros2/install/dem_cpp_pkg/share/dem_cpp_pkg/local_setup.bash
[0.119s] -- Installing: /home/baba/Desktop/Dem_ros2/install/dem_cpp_pkg/share/dem_cpp_pkg/local_setup.sh
[0.119s] -- Installing: /home/baba/Desktop/Dem_ros2/install/dem_cpp_pkg/share/dem_cpp_pkg/local_setup.zsh
[0.119s] -- Installing: /home/baba/Desktop/Dem_ros2/install/dem_cpp_pkg/share/dem_cpp_pkg/local_setup.dsv
[0.119s] -- Installing: /home/baba/Desktop/Dem_ros2/install/dem_cpp_pkg/share/dem_cpp_pkg/package.dsv
[0.120s] -- Installing: /home/baba/Desktop/Dem_ros2/install/dem_cpp_pkg/share/ament_index/resource_index/packages/dem_cpp_pkg
[0.120s] -- Installing: /home/baba/Desktop/Dem_ros2/install/dem_cpp_pkg/share/dem_cpp_pkg/cmake/dem_cpp_pkgConfig.cmake
[0.120s] -- Installing: /home/baba/Desktop/Dem_ros2/install/dem_cpp_pkg/share/dem_cpp_pkg/cmake/dem_cpp_pkgConfig-version.cmake
[0.120s] -- Installing: /home/baba/Desktop/Dem_ros2/install/dem_cpp_pkg/share/dem_cpp_pkg/package.xml
[0.122s] Invoked command in '/home/baba/Desktop/Dem_ros2/build/dem_cpp_pkg' returned '0': CMAKE_PREFIX_PATH=/opt/ros/humble /usr/bin/cmake --install /home/baba/Desktop/Dem_ros2/build/dem_cpp_pkg
