[0.008s] Invoking command in '/home/baba/Desktop/Dem_ros2/build/status_dispaly': CMAKE_PREFIX_PATH=/home/baba/Desktop/Dem_ros2/install/status_interfaces:/home/baba/Desktop/Dem_ros2/install/status_dispaly:/home/baba/Desktop/Dem_ros2/install/dem_cpp_topic:/home/baba/Desktop/Dem_ros2/install/dem_cpp_pkg:/opt/ros/humble /usr/bin/cmake --build /home/baba/Desktop/Dem_ros2/build/status_dispaly -- -j16 -l16
[0.024s] -- Found ament_cmake: 1.3.11 (/opt/ros/humble/share/ament_cmake/cmake)
[0.113s] -- Found rclcpp: 16.0.11 (/opt/ros/humble/share/rclcpp/cmake)
[0.133s] -- Found rosidl_generator_c: 3.1.6 (/opt/ros/humble/share/rosidl_generator_c/cmake)
[0.135s] -- Found rosidl_adapter: 3.1.6 (/opt/ros/humble/share/rosidl_adapter/cmake)
[0.139s] -- Found rosidl_generator_cpp: 3.1.6 (/opt/ros/humble/share/rosidl_generator_cpp/cmake)
[0.145s] -- Using all available rosidl_typesupport_c: rosidl_typesupport_fastrtps_c;rosidl_typesupport_introspection_c
[0.153s] -- Using all available rosidl_typesupport_cpp: rosidl_typesupport_fastrtps_cpp;rosidl_typesupport_introspection_cpp
[0.177s] -- Found rmw_implementation_cmake: 6.1.2 (/opt/ros/humble/share/rmw_implementation_cmake/cmake)
[0.178s] -- Found rmw_fastrtps_cpp: 6.2.7 (/opt/ros/humble/share/rmw_fastrtps_cpp/cmake)
[0.245s] -- Using RMW implementation 'rmw_fastrtps_cpp' as default
[0.278s] -- Found status_interfaces: 0.0.0 (/home/baba/Desktop/Dem_ros2/install/status_interfaces/share/status_interfaces/cmake)
[0.291s] -- Found ament_lint_auto: 0.12.11 (/opt/ros/humble/share/ament_lint_auto/cmake)
[0.338s] -- Added test 'cppcheck' to perform static code analysis on C / C++ code
[0.338s] -- Configured cppcheck include dirs: 
[0.338s] -- Configured cppcheck exclude dirs and/or files: 
[0.338s] -- Added test 'lint_cmake' to check CMake code style
[0.338s] -- Added test 'uncrustify' to check C / C++ code style
[0.338s] -- Configured uncrustify additional arguments: 
[0.339s] -- Added test 'xmllint' to check XML markup files
[0.339s] -- Configuring done
[0.356s] -- Generating done
[0.359s] -- Build files have been written to: /home/baba/Desktop/Dem_ros2/build/status_dispaly
[0.380s] [35m[1mConsolidate compiler generated dependencies of target hello_qt[0m
[0.380s] [35m[1mConsolidate compiler generated dependencies of target sys_tatus_display[0m
[0.394s] [ 50%] Built target hello_qt
[0.399s] [100%] Built target sys_tatus_display
[0.410s] Invoked command in '/home/baba/Desktop/Dem_ros2/build/status_dispaly' returned '0': CMAKE_PREFIX_PATH=/home/baba/Desktop/Dem_ros2/install/status_interfaces:/home/baba/Desktop/Dem_ros2/install/status_dispaly:/home/baba/Desktop/Dem_ros2/install/dem_cpp_topic:/home/baba/Desktop/Dem_ros2/install/dem_cpp_pkg:/opt/ros/humble /usr/bin/cmake --build /home/baba/Desktop/Dem_ros2/build/status_dispaly -- -j16 -l16
[0.413s] Invoking command in '/home/baba/Desktop/Dem_ros2/build/status_dispaly': CMAKE_PREFIX_PATH=/home/baba/Desktop/Dem_ros2/install/status_interfaces:/home/baba/Desktop/Dem_ros2/install/status_dispaly:/home/baba/Desktop/Dem_ros2/install/dem_cpp_topic:/home/baba/Desktop/Dem_ros2/install/dem_cpp_pkg:/opt/ros/humble /usr/bin/cmake --install /home/baba/Desktop/Dem_ros2/build/status_dispaly
[0.421s] -- Install configuration: ""
[0.428s] -- Up-to-date: /home/baba/Desktop/Dem_ros2/install/status_dispaly/lib/status_dispaly/hello_qt
[0.435s] -- Up-to-date: /home/baba/Desktop/Dem_ros2/install/status_dispaly/lib/status_dispaly/sys_tatus_display
[0.435s] -- Up-to-date: /home/baba/Desktop/Dem_ros2/install/status_dispaly/share/ament_index/resource_index/package_run_dependencies/status_dispaly
[0.437s] -- Installing: /home/baba/Desktop/Dem_ros2/install/status_dispaly/share/ament_index/resource_index/parent_prefix_path/status_dispaly
[0.438s] -- Up-to-date: /home/baba/Desktop/Dem_ros2/install/status_dispaly/share/status_dispaly/environment/ament_prefix_path.sh
[0.438s] -- Installing: /home/baba/Desktop/Dem_ros2/install/status_dispaly/share/status_dispaly/environment/ament_prefix_path.dsv
[0.439s] -- Up-to-date: /home/baba/Desktop/Dem_ros2/install/status_dispaly/share/status_dispaly/environment/path.sh
[0.439s] -- Installing: /home/baba/Desktop/Dem_ros2/install/status_dispaly/share/status_dispaly/environment/path.dsv
[0.440s] -- Up-to-date: /home/baba/Desktop/Dem_ros2/install/status_dispaly/share/status_dispaly/local_setup.bash
[0.440s] -- Up-to-date: /home/baba/Desktop/Dem_ros2/install/status_dispaly/share/status_dispaly/local_setup.sh
[0.440s] -- Up-to-date: /home/baba/Desktop/Dem_ros2/install/status_dispaly/share/status_dispaly/local_setup.zsh
[0.440s] -- Installing: /home/baba/Desktop/Dem_ros2/install/status_dispaly/share/status_dispaly/local_setup.dsv
[0.440s] -- Installing: /home/baba/Desktop/Dem_ros2/install/status_dispaly/share/status_dispaly/package.dsv
[0.441s] -- Up-to-date: /home/baba/Desktop/Dem_ros2/install/status_dispaly/share/ament_index/resource_index/packages/status_dispaly
[0.441s] -- Up-to-date: /home/baba/Desktop/Dem_ros2/install/status_dispaly/share/status_dispaly/cmake/status_dispalyConfig.cmake
[0.441s] -- Up-to-date: /home/baba/Desktop/Dem_ros2/install/status_dispaly/share/status_dispaly/cmake/status_dispalyConfig-version.cmake
[0.441s] -- Up-to-date: /home/baba/Desktop/Dem_ros2/install/status_dispaly/share/status_dispaly/package.xml
[0.444s] Invoked command in '/home/baba/Desktop/Dem_ros2/build/status_dispaly' returned '0': CMAKE_PREFIX_PATH=/home/baba/Desktop/Dem_ros2/install/status_interfaces:/home/baba/Desktop/Dem_ros2/install/status_dispaly:/home/baba/Desktop/Dem_ros2/install/dem_cpp_topic:/home/baba/Desktop/Dem_ros2/install/dem_cpp_pkg:/opt/ros/humble /usr/bin/cmake --install /home/baba/Desktop/Dem_ros2/build/status_dispaly
