[100%] Built target learn_thread
[100%] Built target ros2_cpp_node
-- Install configuration: ""
-- Up-to-date: /home/baba/Desktop/Dem_ros2/install/dem_cpp_pkg/lib/dem_cpp_pkg/ros2_cpp_node
-- Up-to-date: /home/baba/Desktop/Dem_ros2/install/dem_cpp_pkg/lib/dem_cpp_pkg/learn_thread
-- Up-to-date: /home/baba/Desktop/Dem_ros2/install/dem_cpp_pkg/share/ament_index/resource_index/package_run_dependencies/dem_cpp_pkg
-- Up-to-date: /home/baba/Desktop/Dem_ros2/install/dem_cpp_pkg/share/ament_index/resource_index/parent_prefix_path/dem_cpp_pkg
-- Up-to-date: /home/baba/Desktop/Dem_ros2/install/dem_cpp_pkg/share/dem_cpp_pkg/environment/ament_prefix_path.sh
-- Up-to-date: /home/baba/Desktop/Dem_ros2/install/dem_cpp_pkg/share/dem_cpp_pkg/environment/ament_prefix_path.dsv
-- Up-to-date: /home/baba/Desktop/Dem_ros2/install/dem_cpp_pkg/share/dem_cpp_pkg/environment/path.sh
-- Up-to-date: /home/baba/Desktop/Dem_ros2/install/dem_cpp_pkg/share/dem_cpp_pkg/environment/path.dsv
-- Up-to-date: /home/baba/Desktop/Dem_ros2/install/dem_cpp_pkg/share/dem_cpp_pkg/local_setup.bash
-- Up-to-date: /home/baba/Desktop/Dem_ros2/install/dem_cpp_pkg/share/dem_cpp_pkg/local_setup.sh
-- Up-to-date: /home/baba/Desktop/Dem_ros2/install/dem_cpp_pkg/share/dem_cpp_pkg/local_setup.zsh
-- Up-to-date: /home/baba/Desktop/Dem_ros2/install/dem_cpp_pkg/share/dem_cpp_pkg/local_setup.dsv
-- Installing: /home/baba/Desktop/Dem_ros2/install/dem_cpp_pkg/share/dem_cpp_pkg/package.dsv
-- Up-to-date: /home/baba/Desktop/Dem_ros2/install/dem_cpp_pkg/share/ament_index/resource_index/packages/dem_cpp_pkg
-- Up-to-date: /home/baba/Desktop/Dem_ros2/install/dem_cpp_pkg/share/dem_cpp_pkg/cmake/dem_cpp_pkgConfig.cmake
-- Up-to-date: /home/baba/Desktop/Dem_ros2/install/dem_cpp_pkg/share/dem_cpp_pkg/cmake/dem_cpp_pkgConfig-version.cmake
-- Up-to-date: /home/baba/Desktop/Dem_ros2/install/dem_cpp_pkg/share/dem_cpp_pkg/package.xml
