[0.229s] DEBUG:colcon:Command line arguments: ['/usr/bin/colcon', 'build']
[0.229s] DEBUG:colcon:Parsed command line arguments: Namespace(log_base=None, log_level=None, verb_name='build', build_base='build', install_base='install', merge_install=False, symlink_install=False, test_result_base=None, continue_on_error=False, executor='parallel', parallel_workers=16, event_handlers=None, ignore_user_meta=False, metas=['./colcon.meta'], base_paths=['.'], packages_ignore=None, packages_ignore_regex=None, paths=None, packages_up_to=None, packages_up_to_regex=None, packages_above=None, packages_above_and_dependencies=None, packages_above_depth=None, packages_select_by_dep=None, packages_skip_by_dep=None, packages_skip_up_to=None, packages_select_build_failed=False, packages_skip_build_finished=False, packages_select_test_failures=False, packages_skip_test_passed=False, packages_select=None, packages_skip=None, packages_select_regex=None, packages_skip_regex=None, packages_start=None, packages_end=None, allow_overriding=[], cmake_args=None, cmake_target=None, cmake_target_skip_unavailable=False, cmake_clean_cache=False, cmake_clean_first=False, cmake_force_configure=False, ament_cmake_args=None, catkin_cmake_args=None, catkin_skip_building_tests=False, verb_parser=<colcon_defaults.argument_parser.defaults.DefaultArgumentsDecorator object at 0x76a8adc34610>, verb_extension=<colcon_core.verb.build.BuildVerb object at 0x76a8add3d9f0>, main=<bound method BuildVerb.main of <colcon_core.verb.build.BuildVerb object at 0x76a8add3d9f0>>)
[0.605s] Level 1:colcon.colcon_core.package_discovery:discover_packages(colcon_meta) check parameters
[0.605s] Level 1:colcon.colcon_core.package_discovery:discover_packages(recursive) check parameters
[0.605s] Level 1:colcon.colcon_core.package_discovery:discover_packages(ignore) check parameters
[0.605s] Level 1:colcon.colcon_core.package_discovery:discover_packages(path) check parameters
[0.605s] Level 1:colcon.colcon_core.package_discovery:discover_packages(colcon_meta) discover
[0.605s] Level 1:colcon.colcon_core.package_discovery:discover_packages(recursive) discover
[0.605s] INFO:colcon.colcon_core.package_discovery:Crawling recursively for packages in '/home/baba/Desktop/Dem_ros2'
[0.605s] Level 1:colcon.colcon_core.package_identification:_identify(.) by extensions ['ignore', 'ignore_ament_install']
[0.606s] Level 1:colcon.colcon_core.package_identification:_identify(.) by extension 'ignore'
[0.606s] Level 1:colcon.colcon_core.package_identification:_identify(.) by extension 'ignore_ament_install'
[0.606s] Level 1:colcon.colcon_core.package_identification:_identify(.) by extensions ['colcon_pkg']
[0.606s] Level 1:colcon.colcon_core.package_identification:_identify(.) by extension 'colcon_pkg'
[0.606s] Level 1:colcon.colcon_core.package_identification:_identify(.) by extensions ['colcon_meta']
[0.606s] Level 1:colcon.colcon_core.package_identification:_identify(.) by extension 'colcon_meta'
[0.606s] Level 1:colcon.colcon_core.package_identification:_identify(.) by extensions ['ros']
[0.606s] Level 1:colcon.colcon_core.package_identification:_identify(.) by extension 'ros'
[0.621s] Level 1:colcon.colcon_core.package_identification:_identify(.) by extensions ['cmake', 'python']
[0.621s] Level 1:colcon.colcon_core.package_identification:_identify(.) by extension 'cmake'
[0.621s] Level 1:colcon.colcon_core.package_identification:_identify(.) by extension 'python'
[0.622s] Level 1:colcon.colcon_core.package_identification:_identify(.) by extensions ['python_setup_py']
[0.622s] Level 1:colcon.colcon_core.package_identification:_identify(.) by extension 'python_setup_py'
[0.622s] Level 1:colcon.colcon_core.package_identification:_identify(build) by extensions ['ignore', 'ignore_ament_install']
[0.622s] Level 1:colcon.colcon_core.package_identification:_identify(build) by extension 'ignore'
[0.622s] Level 1:colcon.colcon_core.package_identification:_identify(build) ignored
[0.622s] Level 1:colcon.colcon_core.package_identification:_identify(install) by extensions ['ignore', 'ignore_ament_install']
[0.622s] Level 1:colcon.colcon_core.package_identification:_identify(install) by extension 'ignore'
[0.622s] Level 1:colcon.colcon_core.package_identification:_identify(install) ignored
[0.622s] Level 1:colcon.colcon_core.package_identification:_identify(log) by extensions ['ignore', 'ignore_ament_install']
[0.622s] Level 1:colcon.colcon_core.package_identification:_identify(log) by extension 'ignore'
[0.622s] Level 1:colcon.colcon_core.package_identification:_identify(log) ignored
[0.622s] Level 1:colcon.colcon_core.package_identification:_identify(src) by extensions ['ignore', 'ignore_ament_install']
[0.622s] Level 1:colcon.colcon_core.package_identification:_identify(src) by extension 'ignore'
[0.622s] Level 1:colcon.colcon_core.package_identification:_identify(src) by extension 'ignore_ament_install'
[0.622s] Level 1:colcon.colcon_core.package_identification:_identify(src) by extensions ['colcon_pkg']
[0.622s] Level 1:colcon.colcon_core.package_identification:_identify(src) by extension 'colcon_pkg'
[0.622s] Level 1:colcon.colcon_core.package_identification:_identify(src) by extensions ['colcon_meta']
[0.622s] Level 1:colcon.colcon_core.package_identification:_identify(src) by extension 'colcon_meta'
[0.622s] Level 1:colcon.colcon_core.package_identification:_identify(src) by extensions ['ros']
[0.622s] Level 1:colcon.colcon_core.package_identification:_identify(src) by extension 'ros'
[0.623s] Level 1:colcon.colcon_core.package_identification:_identify(src) by extensions ['cmake', 'python']
[0.623s] Level 1:colcon.colcon_core.package_identification:_identify(src) by extension 'cmake'
[0.623s] Level 1:colcon.colcon_core.package_identification:_identify(src) by extension 'python'
[0.623s] Level 1:colcon.colcon_core.package_identification:_identify(src) by extensions ['python_setup_py']
[0.623s] Level 1:colcon.colcon_core.package_identification:_identify(src) by extension 'python_setup_py'
[0.623s] Level 1:colcon.colcon_core.package_identification:_identify(src/dem_cpp_pkg) by extensions ['ignore', 'ignore_ament_install']
[0.623s] Level 1:colcon.colcon_core.package_identification:_identify(src/dem_cpp_pkg) by extension 'ignore'
[0.623s] Level 1:colcon.colcon_core.package_identification:_identify(src/dem_cpp_pkg) by extension 'ignore_ament_install'
[0.623s] Level 1:colcon.colcon_core.package_identification:_identify(src/dem_cpp_pkg) by extensions ['colcon_pkg']
[0.623s] Level 1:colcon.colcon_core.package_identification:_identify(src/dem_cpp_pkg) by extension 'colcon_pkg'
[0.623s] Level 1:colcon.colcon_core.package_identification:_identify(src/dem_cpp_pkg) by extensions ['colcon_meta']
[0.623s] Level 1:colcon.colcon_core.package_identification:_identify(src/dem_cpp_pkg) by extension 'colcon_meta'
[0.623s] Level 1:colcon.colcon_core.package_identification:_identify(src/dem_cpp_pkg) by extensions ['ros']
[0.623s] Level 1:colcon.colcon_core.package_identification:_identify(src/dem_cpp_pkg) by extension 'ros'
[0.627s] DEBUG:colcon.colcon_core.package_identification:Package 'src/dem_cpp_pkg' with type 'ros.ament_cmake' and name 'dem_cpp_pkg'
[0.627s] Level 1:colcon.colcon_core.package_identification:_identify(src/dem_cpp_topic) by extensions ['ignore', 'ignore_ament_install']
[0.627s] Level 1:colcon.colcon_core.package_identification:_identify(src/dem_cpp_topic) by extension 'ignore'
[0.627s] Level 1:colcon.colcon_core.package_identification:_identify(src/dem_cpp_topic) by extension 'ignore_ament_install'
[0.628s] Level 1:colcon.colcon_core.package_identification:_identify(src/dem_cpp_topic) by extensions ['colcon_pkg']
[0.628s] Level 1:colcon.colcon_core.package_identification:_identify(src/dem_cpp_topic) by extension 'colcon_pkg'
[0.628s] Level 1:colcon.colcon_core.package_identification:_identify(src/dem_cpp_topic) by extensions ['colcon_meta']
[0.628s] Level 1:colcon.colcon_core.package_identification:_identify(src/dem_cpp_topic) by extension 'colcon_meta'
[0.628s] Level 1:colcon.colcon_core.package_identification:_identify(src/dem_cpp_topic) by extensions ['ros']
[0.628s] Level 1:colcon.colcon_core.package_identification:_identify(src/dem_cpp_topic) by extension 'ros'
[0.629s] DEBUG:colcon.colcon_core.package_identification:Package 'src/dem_cpp_topic' with type 'ros.ament_cmake' and name 'dem_cpp_topic'
[0.629s] Level 1:colcon.colcon_core.package_identification:_identify(src/status_display) by extensions ['ignore', 'ignore_ament_install']
[0.629s] Level 1:colcon.colcon_core.package_identification:_identify(src/status_display) by extension 'ignore'
[0.629s] Level 1:colcon.colcon_core.package_identification:_identify(src/status_display) by extension 'ignore_ament_install'
[0.629s] Level 1:colcon.colcon_core.package_identification:_identify(src/status_display) by extensions ['colcon_pkg']
[0.629s] Level 1:colcon.colcon_core.package_identification:_identify(src/status_display) by extension 'colcon_pkg'
[0.629s] Level 1:colcon.colcon_core.package_identification:_identify(src/status_display) by extensions ['colcon_meta']
[0.629s] Level 1:colcon.colcon_core.package_identification:_identify(src/status_display) by extension 'colcon_meta'
[0.629s] Level 1:colcon.colcon_core.package_identification:_identify(src/status_display) by extensions ['ros']
[0.629s] Level 1:colcon.colcon_core.package_identification:_identify(src/status_display) by extension 'ros'
[0.630s] DEBUG:colcon.colcon_core.package_identification:Package 'src/status_display' with type 'ros.ament_cmake' and name 'status_display'
[0.631s] Level 1:colcon.colcon_core.package_identification:_identify(src/status_interfaces) by extensions ['ignore', 'ignore_ament_install']
[0.631s] Level 1:colcon.colcon_core.package_identification:_identify(src/status_interfaces) by extension 'ignore'
[0.631s] Level 1:colcon.colcon_core.package_identification:_identify(src/status_interfaces) by extension 'ignore_ament_install'
[0.631s] Level 1:colcon.colcon_core.package_identification:_identify(src/status_interfaces) by extensions ['colcon_pkg']
[0.631s] Level 1:colcon.colcon_core.package_identification:_identify(src/status_interfaces) by extension 'colcon_pkg'
[0.631s] Level 1:colcon.colcon_core.package_identification:_identify(src/status_interfaces) by extensions ['colcon_meta']
[0.631s] Level 1:colcon.colcon_core.package_identification:_identify(src/status_interfaces) by extension 'colcon_meta'
[0.631s] Level 1:colcon.colcon_core.package_identification:_identify(src/status_interfaces) by extensions ['ros']
[0.631s] Level 1:colcon.colcon_core.package_identification:_identify(src/status_interfaces) by extension 'ros'
[0.632s] DEBUG:colcon.colcon_core.package_identification:Package 'src/status_interfaces' with type 'ros.ament_cmake' and name 'status_interfaces'
[0.632s] Level 1:colcon.colcon_core.package_discovery:discover_packages(recursive) using defaults
[0.632s] Level 1:colcon.colcon_core.package_discovery:discover_packages(ignore) discover
[0.632s] Level 1:colcon.colcon_core.package_discovery:discover_packages(ignore) using defaults
[0.632s] Level 1:colcon.colcon_core.package_discovery:discover_packages(path) discover
[0.632s] Level 1:colcon.colcon_core.package_discovery:discover_packages(path) using defaults
[0.672s] Level 1:colcon.colcon_core.package_discovery:discover_packages(prefix_path) check parameters
[0.673s] Level 1:colcon.colcon_core.package_discovery:discover_packages(prefix_path) discover
[0.677s] DEBUG:colcon.colcon_installed_package_information.package_discovery:Found 4 installed packages in /home/baba/Desktop/Dem_ros2/install
[0.678s] DEBUG:colcon.colcon_installed_package_information.package_discovery:Found 270 installed packages in /opt/ros/humble
[0.686s] Level 1:colcon.colcon_core.package_discovery:discover_packages(prefix_path) using defaults
[0.716s] Level 5:colcon.colcon_core.verb:set package 'dem_cpp_pkg' build argument 'cmake_args' from command line to 'None'
[0.716s] Level 5:colcon.colcon_core.verb:set package 'dem_cpp_pkg' build argument 'cmake_target' from command line to 'None'
[0.716s] Level 5:colcon.colcon_core.verb:set package 'dem_cpp_pkg' build argument 'cmake_target_skip_unavailable' from command line to 'False'
[0.716s] Level 5:colcon.colcon_core.verb:set package 'dem_cpp_pkg' build argument 'cmake_clean_cache' from command line to 'False'
[0.716s] Level 5:colcon.colcon_core.verb:set package 'dem_cpp_pkg' build argument 'cmake_clean_first' from command line to 'False'
[0.716s] Level 5:colcon.colcon_core.verb:set package 'dem_cpp_pkg' build argument 'cmake_force_configure' from command line to 'False'
[0.717s] Level 5:colcon.colcon_core.verb:set package 'dem_cpp_pkg' build argument 'ament_cmake_args' from command line to 'None'
[0.717s] Level 5:colcon.colcon_core.verb:set package 'dem_cpp_pkg' build argument 'catkin_cmake_args' from command line to 'None'
[0.717s] Level 5:colcon.colcon_core.verb:set package 'dem_cpp_pkg' build argument 'catkin_skip_building_tests' from command line to 'False'
[0.717s] DEBUG:colcon.colcon_core.verb:Building package 'dem_cpp_pkg' with the following arguments: {'ament_cmake_args': None, 'build_base': '/home/baba/Desktop/Dem_ros2/build/dem_cpp_pkg', 'catkin_cmake_args': None, 'catkin_skip_building_tests': False, 'cmake_args': None, 'cmake_clean_cache': False, 'cmake_clean_first': False, 'cmake_force_configure': False, 'cmake_target': None, 'cmake_target_skip_unavailable': False, 'install_base': '/home/baba/Desktop/Dem_ros2/install/dem_cpp_pkg', 'merge_install': False, 'path': '/home/baba/Desktop/Dem_ros2/src/dem_cpp_pkg', 'symlink_install': False, 'test_result_base': None}
[0.717s] Level 5:colcon.colcon_core.verb:set package 'dem_cpp_topic' build argument 'cmake_args' from command line to 'None'
[0.717s] Level 5:colcon.colcon_core.verb:set package 'dem_cpp_topic' build argument 'cmake_target' from command line to 'None'
[0.717s] Level 5:colcon.colcon_core.verb:set package 'dem_cpp_topic' build argument 'cmake_target_skip_unavailable' from command line to 'False'
[0.717s] Level 5:colcon.colcon_core.verb:set package 'dem_cpp_topic' build argument 'cmake_clean_cache' from command line to 'False'
[0.717s] Level 5:colcon.colcon_core.verb:set package 'dem_cpp_topic' build argument 'cmake_clean_first' from command line to 'False'
[0.717s] Level 5:colcon.colcon_core.verb:set package 'dem_cpp_topic' build argument 'cmake_force_configure' from command line to 'False'
[0.717s] Level 5:colcon.colcon_core.verb:set package 'dem_cpp_topic' build argument 'ament_cmake_args' from command line to 'None'
[0.717s] Level 5:colcon.colcon_core.verb:set package 'dem_cpp_topic' build argument 'catkin_cmake_args' from command line to 'None'
[0.717s] Level 5:colcon.colcon_core.verb:set package 'dem_cpp_topic' build argument 'catkin_skip_building_tests' from command line to 'False'
[0.717s] DEBUG:colcon.colcon_core.verb:Building package 'dem_cpp_topic' with the following arguments: {'ament_cmake_args': None, 'build_base': '/home/baba/Desktop/Dem_ros2/build/dem_cpp_topic', 'catkin_cmake_args': None, 'catkin_skip_building_tests': False, 'cmake_args': None, 'cmake_clean_cache': False, 'cmake_clean_first': False, 'cmake_force_configure': False, 'cmake_target': None, 'cmake_target_skip_unavailable': False, 'install_base': '/home/baba/Desktop/Dem_ros2/install/dem_cpp_topic', 'merge_install': False, 'path': '/home/baba/Desktop/Dem_ros2/src/dem_cpp_topic', 'symlink_install': False, 'test_result_base': None}
[0.717s] Level 5:colcon.colcon_core.verb:set package 'status_interfaces' build argument 'cmake_args' from command line to 'None'
[0.717s] Level 5:colcon.colcon_core.verb:set package 'status_interfaces' build argument 'cmake_target' from command line to 'None'
[0.717s] Level 5:colcon.colcon_core.verb:set package 'status_interfaces' build argument 'cmake_target_skip_unavailable' from command line to 'False'
[0.717s] Level 5:colcon.colcon_core.verb:set package 'status_interfaces' build argument 'cmake_clean_cache' from command line to 'False'
[0.717s] Level 5:colcon.colcon_core.verb:set package 'status_interfaces' build argument 'cmake_clean_first' from command line to 'False'
[0.717s] Level 5:colcon.colcon_core.verb:set package 'status_interfaces' build argument 'cmake_force_configure' from command line to 'False'
[0.717s] Level 5:colcon.colcon_core.verb:set package 'status_interfaces' build argument 'ament_cmake_args' from command line to 'None'
[0.717s] Level 5:colcon.colcon_core.verb:set package 'status_interfaces' build argument 'catkin_cmake_args' from command line to 'None'
[0.717s] Level 5:colcon.colcon_core.verb:set package 'status_interfaces' build argument 'catkin_skip_building_tests' from command line to 'False'
[0.717s] DEBUG:colcon.colcon_core.verb:Building package 'status_interfaces' with the following arguments: {'ament_cmake_args': None, 'build_base': '/home/baba/Desktop/Dem_ros2/build/status_interfaces', 'catkin_cmake_args': None, 'catkin_skip_building_tests': False, 'cmake_args': None, 'cmake_clean_cache': False, 'cmake_clean_first': False, 'cmake_force_configure': False, 'cmake_target': None, 'cmake_target_skip_unavailable': False, 'install_base': '/home/baba/Desktop/Dem_ros2/install/status_interfaces', 'merge_install': False, 'path': '/home/baba/Desktop/Dem_ros2/src/status_interfaces', 'symlink_install': False, 'test_result_base': None}
[0.718s] Level 5:colcon.colcon_core.verb:set package 'status_display' build argument 'cmake_args' from command line to 'None'
[0.718s] Level 5:colcon.colcon_core.verb:set package 'status_display' build argument 'cmake_target' from command line to 'None'
[0.718s] Level 5:colcon.colcon_core.verb:set package 'status_display' build argument 'cmake_target_skip_unavailable' from command line to 'False'
[0.718s] Level 5:colcon.colcon_core.verb:set package 'status_display' build argument 'cmake_clean_cache' from command line to 'False'
[0.718s] Level 5:colcon.colcon_core.verb:set package 'status_display' build argument 'cmake_clean_first' from command line to 'False'
[0.718s] Level 5:colcon.colcon_core.verb:set package 'status_display' build argument 'cmake_force_configure' from command line to 'False'
[0.718s] Level 5:colcon.colcon_core.verb:set package 'status_display' build argument 'ament_cmake_args' from command line to 'None'
[0.718s] Level 5:colcon.colcon_core.verb:set package 'status_display' build argument 'catkin_cmake_args' from command line to 'None'
[0.718s] Level 5:colcon.colcon_core.verb:set package 'status_display' build argument 'catkin_skip_building_tests' from command line to 'False'
[0.718s] DEBUG:colcon.colcon_core.verb:Building package 'status_display' with the following arguments: {'ament_cmake_args': None, 'build_base': '/home/baba/Desktop/Dem_ros2/build/status_display', 'catkin_cmake_args': None, 'catkin_skip_building_tests': False, 'cmake_args': None, 'cmake_clean_cache': False, 'cmake_clean_first': False, 'cmake_force_configure': False, 'cmake_target': None, 'cmake_target_skip_unavailable': False, 'install_base': '/home/baba/Desktop/Dem_ros2/install/status_display', 'merge_install': False, 'path': '/home/baba/Desktop/Dem_ros2/src/status_display', 'symlink_install': False, 'test_result_base': None}
[0.718s] INFO:colcon.colcon_core.executor:Executing jobs using 'parallel' executor
[0.719s] DEBUG:colcon.colcon_parallel_executor.executor.parallel:run_until_complete
[0.719s] INFO:colcon.colcon_ros.task.ament_cmake.build:Building ROS package in '/home/baba/Desktop/Dem_ros2/src/status_interfaces' with build type 'ament_cmake'
[0.719s] INFO:colcon.colcon_cmake.task.cmake.build:Building CMake package in '/home/baba/Desktop/Dem_ros2/src/status_interfaces'
[0.728s] INFO:colcon.colcon_core.plugin_system:Skipping extension 'colcon_core.shell.bat': Not used on non-Windows systems
[0.728s] INFO:colcon.colcon_core.shell:Skip shell extension 'powershell' for command environment: Not usable outside of PowerShell
[0.728s] DEBUG:colcon.colcon_core.shell:Skip shell extension 'dsv' for command environment
[0.731s] INFO:colcon.colcon_ros.task.ament_cmake.build:Building ROS package in '/home/baba/Desktop/Dem_ros2/src/dem_cpp_pkg' with build type 'ament_cmake'
[0.731s] INFO:colcon.colcon_cmake.task.cmake.build:Building CMake package in '/home/baba/Desktop/Dem_ros2/src/dem_cpp_pkg'
[0.732s] INFO:colcon.colcon_core.shell:Skip shell extension 'powershell' for command environment: Not usable outside of PowerShell
[0.732s] DEBUG:colcon.colcon_core.shell:Skip shell extension 'dsv' for command environment
[0.734s] INFO:colcon.colcon_ros.task.ament_cmake.build:Building ROS package in '/home/baba/Desktop/Dem_ros2/src/dem_cpp_topic' with build type 'ament_cmake'
[0.734s] INFO:colcon.colcon_cmake.task.cmake.build:Building CMake package in '/home/baba/Desktop/Dem_ros2/src/dem_cpp_topic'
[0.734s] INFO:colcon.colcon_core.shell:Skip shell extension 'powershell' for command environment: Not usable outside of PowerShell
[0.734s] DEBUG:colcon.colcon_core.shell:Skip shell extension 'dsv' for command environment
[0.740s] DEBUG:colcon.colcon_core.event_handler.log_command:Invoking command in '/home/baba/Desktop/Dem_ros2/build/status_interfaces': CMAKE_PREFIX_PATH=${CMAKE_PREFIX_PATH}:/opt/ros/humble /usr/bin/cmake --build /home/baba/Desktop/Dem_ros2/build/status_interfaces -- -j16 -l16
[0.746s] DEBUG:colcon.colcon_core.event_handler.log_command:Invoking command in '/home/baba/Desktop/Dem_ros2/build/dem_cpp_pkg': CMAKE_PREFIX_PATH=${CMAKE_PREFIX_PATH}:/opt/ros/humble /usr/bin/cmake --build /home/baba/Desktop/Dem_ros2/build/dem_cpp_pkg -- -j16 -l16
[0.753s] DEBUG:colcon.colcon_core.event_handler.log_command:Invoking command in '/home/baba/Desktop/Dem_ros2/build/dem_cpp_topic': CMAKE_PREFIX_PATH=${CMAKE_PREFIX_PATH}:/opt/ros/humble /usr/bin/cmake --build /home/baba/Desktop/Dem_ros2/build/dem_cpp_topic -- -j16 -l16
[0.846s] DEBUG:colcon.colcon_core.event_handler.log_command:Invoked command in '/home/baba/Desktop/Dem_ros2/build/dem_cpp_pkg' returned '0': CMAKE_PREFIX_PATH=${CMAKE_PREFIX_PATH}:/opt/ros/humble /usr/bin/cmake --build /home/baba/Desktop/Dem_ros2/build/dem_cpp_pkg -- -j16 -l16
[0.863s] DEBUG:colcon.colcon_core.event_handler.log_command:Invoking command in '/home/baba/Desktop/Dem_ros2/build/dem_cpp_pkg': CMAKE_PREFIX_PATH=${CMAKE_PREFIX_PATH}:/opt/ros/humble /usr/bin/cmake --install /home/baba/Desktop/Dem_ros2/build/dem_cpp_pkg
[0.892s] Level 1:colcon.colcon_core.environment:create_environment_scripts_only(dem_cpp_pkg)
[0.894s] DEBUG:colcon.colcon_core.event_handler.log_command:Invoked command in '/home/baba/Desktop/Dem_ros2/build/dem_cpp_pkg' returned '0': CMAKE_PREFIX_PATH=${CMAKE_PREFIX_PATH}:/opt/ros/humble /usr/bin/cmake --install /home/baba/Desktop/Dem_ros2/build/dem_cpp_pkg
[0.918s] Level 1:colcon.colcon_core.environment:checking '/home/baba/Desktop/Dem_ros2/install/dem_cpp_pkg' for CMake module files
[0.918s] Level 1:colcon.colcon_core.environment:checking '/home/baba/Desktop/Dem_ros2/install/dem_cpp_pkg' for CMake config files
[0.918s] Level 1:colcon.colcon_core.shell:create_environment_hook('dem_cpp_pkg', 'cmake_prefix_path')
[0.918s] INFO:colcon.colcon_core.shell:Creating environment hook '/home/baba/Desktop/Dem_ros2/install/dem_cpp_pkg/share/dem_cpp_pkg/hook/cmake_prefix_path.ps1'
[0.921s] INFO:colcon.colcon_core.shell:Creating environment descriptor '/home/baba/Desktop/Dem_ros2/install/dem_cpp_pkg/share/dem_cpp_pkg/hook/cmake_prefix_path.dsv'
[0.923s] INFO:colcon.colcon_core.shell:Creating environment hook '/home/baba/Desktop/Dem_ros2/install/dem_cpp_pkg/share/dem_cpp_pkg/hook/cmake_prefix_path.sh'
[0.925s] Level 1:colcon.colcon_core.environment:checking '/home/baba/Desktop/Dem_ros2/install/dem_cpp_pkg/lib'
[0.925s] Level 1:colcon.colcon_core.environment:checking '/home/baba/Desktop/Dem_ros2/install/dem_cpp_pkg/bin'
[0.925s] Level 1:colcon.colcon_core.environment:checking '/home/baba/Desktop/Dem_ros2/install/dem_cpp_pkg/lib/pkgconfig/dem_cpp_pkg.pc'
[0.926s] Level 1:colcon.colcon_core.environment:checking '/home/baba/Desktop/Dem_ros2/install/dem_cpp_pkg/lib/python3.10/site-packages'
[0.926s] Level 1:colcon.colcon_core.environment:checking '/home/baba/Desktop/Dem_ros2/install/dem_cpp_pkg/bin'
[0.926s] INFO:colcon.colcon_core.shell:Creating package script '/home/baba/Desktop/Dem_ros2/install/dem_cpp_pkg/share/dem_cpp_pkg/package.ps1'
[0.929s] INFO:colcon.colcon_core.shell:Creating package descriptor '/home/baba/Desktop/Dem_ros2/install/dem_cpp_pkg/share/dem_cpp_pkg/package.dsv'
[0.930s] INFO:colcon.colcon_core.shell:Creating package script '/home/baba/Desktop/Dem_ros2/install/dem_cpp_pkg/share/dem_cpp_pkg/package.sh'
[0.932s] INFO:colcon.colcon_core.shell:Creating package script '/home/baba/Desktop/Dem_ros2/install/dem_cpp_pkg/share/dem_cpp_pkg/package.bash'
[0.935s] INFO:colcon.colcon_core.shell:Creating package script '/home/baba/Desktop/Dem_ros2/install/dem_cpp_pkg/share/dem_cpp_pkg/package.zsh'
[0.939s] Level 1:colcon.colcon_core.environment:create_file_with_runtime_dependencies(/home/baba/Desktop/Dem_ros2/install/dem_cpp_pkg/share/colcon-core/packages/dem_cpp_pkg)
[0.941s] Level 1:colcon.colcon_core.environment:create_environment_scripts_only(dem_cpp_pkg)
[0.941s] Level 1:colcon.colcon_core.environment:checking '/home/baba/Desktop/Dem_ros2/install/dem_cpp_pkg' for CMake module files
[0.941s] Level 1:colcon.colcon_core.environment:checking '/home/baba/Desktop/Dem_ros2/install/dem_cpp_pkg' for CMake config files
[0.942s] Level 1:colcon.colcon_core.shell:create_environment_hook('dem_cpp_pkg', 'cmake_prefix_path')
[0.942s] INFO:colcon.colcon_core.shell:Creating environment hook '/home/baba/Desktop/Dem_ros2/install/dem_cpp_pkg/share/dem_cpp_pkg/hook/cmake_prefix_path.ps1'
[0.942s] INFO:colcon.colcon_core.shell:Creating environment descriptor '/home/baba/Desktop/Dem_ros2/install/dem_cpp_pkg/share/dem_cpp_pkg/hook/cmake_prefix_path.dsv'
[0.943s] INFO:colcon.colcon_core.shell:Creating environment hook '/home/baba/Desktop/Dem_ros2/install/dem_cpp_pkg/share/dem_cpp_pkg/hook/cmake_prefix_path.sh'
[0.943s] Level 1:colcon.colcon_core.environment:checking '/home/baba/Desktop/Dem_ros2/install/dem_cpp_pkg/lib'
[0.943s] Level 1:colcon.colcon_core.environment:checking '/home/baba/Desktop/Dem_ros2/install/dem_cpp_pkg/bin'
[0.943s] Level 1:colcon.colcon_core.environment:checking '/home/baba/Desktop/Dem_ros2/install/dem_cpp_pkg/lib/pkgconfig/dem_cpp_pkg.pc'
[0.943s] Level 1:colcon.colcon_core.environment:checking '/home/baba/Desktop/Dem_ros2/install/dem_cpp_pkg/lib/python3.10/site-packages'
[0.944s] Level 1:colcon.colcon_core.environment:checking '/home/baba/Desktop/Dem_ros2/install/dem_cpp_pkg/bin'
[0.944s] INFO:colcon.colcon_core.shell:Creating package script '/home/baba/Desktop/Dem_ros2/install/dem_cpp_pkg/share/dem_cpp_pkg/package.ps1'
[0.944s] INFO:colcon.colcon_core.shell:Creating package descriptor '/home/baba/Desktop/Dem_ros2/install/dem_cpp_pkg/share/dem_cpp_pkg/package.dsv'
[0.945s] INFO:colcon.colcon_core.shell:Creating package script '/home/baba/Desktop/Dem_ros2/install/dem_cpp_pkg/share/dem_cpp_pkg/package.sh'
[0.945s] INFO:colcon.colcon_core.shell:Creating package script '/home/baba/Desktop/Dem_ros2/install/dem_cpp_pkg/share/dem_cpp_pkg/package.bash'
[0.946s] INFO:colcon.colcon_core.shell:Creating package script '/home/baba/Desktop/Dem_ros2/install/dem_cpp_pkg/share/dem_cpp_pkg/package.zsh'
[0.946s] Level 1:colcon.colcon_core.environment:create_file_with_runtime_dependencies(/home/baba/Desktop/Dem_ros2/install/dem_cpp_pkg/share/colcon-core/packages/dem_cpp_pkg)
[1.103s] DEBUG:colcon.colcon_core.event_handler.log_command:Invoked command in '/home/baba/Desktop/Dem_ros2/build/status_interfaces' returned '0': CMAKE_PREFIX_PATH=${CMAKE_PREFIX_PATH}:/opt/ros/humble /usr/bin/cmake --build /home/baba/Desktop/Dem_ros2/build/status_interfaces -- -j16 -l16
[1.107s] DEBUG:colcon.colcon_core.event_handler.log_command:Invoking command in '/home/baba/Desktop/Dem_ros2/build/status_interfaces': CMAKE_PREFIX_PATH=${CMAKE_PREFIX_PATH}:/opt/ros/humble /usr/bin/cmake --install /home/baba/Desktop/Dem_ros2/build/status_interfaces
[1.175s] Level 1:colcon.colcon_core.environment:create_environment_scripts_only(status_interfaces)
[1.175s] DEBUG:colcon.colcon_core.event_handler.log_command:Invoked command in '/home/baba/Desktop/Dem_ros2/build/status_interfaces' returned '0': CMAKE_PREFIX_PATH=${CMAKE_PREFIX_PATH}:/opt/ros/humble /usr/bin/cmake --install /home/baba/Desktop/Dem_ros2/build/status_interfaces
[1.176s] Level 1:colcon.colcon_core.environment:checking '/home/baba/Desktop/Dem_ros2/install/status_interfaces' for CMake module files
[1.176s] Level 1:colcon.colcon_core.environment:checking '/home/baba/Desktop/Dem_ros2/install/status_interfaces' for CMake config files
[1.177s] Level 1:colcon.colcon_core.shell:create_environment_hook('status_interfaces', 'cmake_prefix_path')
[1.177s] INFO:colcon.colcon_core.shell:Creating environment hook '/home/baba/Desktop/Dem_ros2/install/status_interfaces/share/status_interfaces/hook/cmake_prefix_path.ps1'
[1.177s] INFO:colcon.colcon_core.shell:Creating environment descriptor '/home/baba/Desktop/Dem_ros2/install/status_interfaces/share/status_interfaces/hook/cmake_prefix_path.dsv'
[1.178s] INFO:colcon.colcon_core.shell:Creating environment hook '/home/baba/Desktop/Dem_ros2/install/status_interfaces/share/status_interfaces/hook/cmake_prefix_path.sh'
[1.178s] Level 1:colcon.colcon_core.environment:checking '/home/baba/Desktop/Dem_ros2/install/status_interfaces/lib'
[1.178s] Level 1:colcon.colcon_core.shell:create_environment_hook('status_interfaces', 'ld_library_path_lib')
[1.179s] INFO:colcon.colcon_core.shell:Creating environment hook '/home/baba/Desktop/Dem_ros2/install/status_interfaces/share/status_interfaces/hook/ld_library_path_lib.ps1'
[1.179s] INFO:colcon.colcon_core.shell:Creating environment descriptor '/home/baba/Desktop/Dem_ros2/install/status_interfaces/share/status_interfaces/hook/ld_library_path_lib.dsv'
[1.179s] INFO:colcon.colcon_core.shell:Creating environment hook '/home/baba/Desktop/Dem_ros2/install/status_interfaces/share/status_interfaces/hook/ld_library_path_lib.sh'
[1.180s] Level 1:colcon.colcon_core.environment:checking '/home/baba/Desktop/Dem_ros2/install/status_interfaces/bin'
[1.180s] Level 1:colcon.colcon_core.environment:checking '/home/baba/Desktop/Dem_ros2/install/status_interfaces/lib/pkgconfig/status_interfaces.pc'
[1.180s] Level 1:colcon.colcon_core.environment:checking '/home/baba/Desktop/Dem_ros2/install/status_interfaces/lib/python3.10/site-packages'
[1.180s] Level 1:colcon.colcon_core.environment:checking '/home/baba/Desktop/Dem_ros2/install/status_interfaces/bin'
[1.180s] INFO:colcon.colcon_core.shell:Creating package script '/home/baba/Desktop/Dem_ros2/install/status_interfaces/share/status_interfaces/package.ps1'
[1.181s] INFO:colcon.colcon_core.shell:Creating package descriptor '/home/baba/Desktop/Dem_ros2/install/status_interfaces/share/status_interfaces/package.dsv'
[1.181s] INFO:colcon.colcon_core.shell:Creating package script '/home/baba/Desktop/Dem_ros2/install/status_interfaces/share/status_interfaces/package.sh'
[1.182s] INFO:colcon.colcon_core.shell:Creating package script '/home/baba/Desktop/Dem_ros2/install/status_interfaces/share/status_interfaces/package.bash'
[1.182s] INFO:colcon.colcon_core.shell:Creating package script '/home/baba/Desktop/Dem_ros2/install/status_interfaces/share/status_interfaces/package.zsh'
[1.182s] Level 1:colcon.colcon_core.environment:create_file_with_runtime_dependencies(/home/baba/Desktop/Dem_ros2/install/status_interfaces/share/colcon-core/packages/status_interfaces)
[1.183s] Level 1:colcon.colcon_core.environment:create_environment_scripts_only(status_interfaces)
[1.183s] Level 1:colcon.colcon_core.environment:checking '/home/baba/Desktop/Dem_ros2/install/status_interfaces' for CMake module files
[1.184s] Level 1:colcon.colcon_core.environment:checking '/home/baba/Desktop/Dem_ros2/install/status_interfaces' for CMake config files
[1.184s] Level 1:colcon.colcon_core.shell:create_environment_hook('status_interfaces', 'cmake_prefix_path')
[1.184s] INFO:colcon.colcon_core.shell:Creating environment hook '/home/baba/Desktop/Dem_ros2/install/status_interfaces/share/status_interfaces/hook/cmake_prefix_path.ps1'
[1.184s] INFO:colcon.colcon_core.shell:Creating environment descriptor '/home/baba/Desktop/Dem_ros2/install/status_interfaces/share/status_interfaces/hook/cmake_prefix_path.dsv'
[1.185s] INFO:colcon.colcon_core.shell:Creating environment hook '/home/baba/Desktop/Dem_ros2/install/status_interfaces/share/status_interfaces/hook/cmake_prefix_path.sh'
[1.185s] Level 1:colcon.colcon_core.environment:checking '/home/baba/Desktop/Dem_ros2/install/status_interfaces/lib'
[1.185s] Level 1:colcon.colcon_core.shell:create_environment_hook('status_interfaces', 'ld_library_path_lib')
[1.186s] INFO:colcon.colcon_core.shell:Creating environment hook '/home/baba/Desktop/Dem_ros2/install/status_interfaces/share/status_interfaces/hook/ld_library_path_lib.ps1'
[1.186s] INFO:colcon.colcon_core.shell:Creating environment descriptor '/home/baba/Desktop/Dem_ros2/install/status_interfaces/share/status_interfaces/hook/ld_library_path_lib.dsv'
[1.186s] INFO:colcon.colcon_core.shell:Creating environment hook '/home/baba/Desktop/Dem_ros2/install/status_interfaces/share/status_interfaces/hook/ld_library_path_lib.sh'
[1.187s] Level 1:colcon.colcon_core.environment:checking '/home/baba/Desktop/Dem_ros2/install/status_interfaces/bin'
[1.187s] Level 1:colcon.colcon_core.environment:checking '/home/baba/Desktop/Dem_ros2/install/status_interfaces/lib/pkgconfig/status_interfaces.pc'
[1.187s] Level 1:colcon.colcon_core.environment:checking '/home/baba/Desktop/Dem_ros2/install/status_interfaces/lib/python3.10/site-packages'
[1.187s] Level 1:colcon.colcon_core.environment:checking '/home/baba/Desktop/Dem_ros2/install/status_interfaces/bin'
[1.188s] INFO:colcon.colcon_core.shell:Creating package script '/home/baba/Desktop/Dem_ros2/install/status_interfaces/share/status_interfaces/package.ps1'
[1.188s] INFO:colcon.colcon_core.shell:Creating package descriptor '/home/baba/Desktop/Dem_ros2/install/status_interfaces/share/status_interfaces/package.dsv'
[1.189s] INFO:colcon.colcon_core.shell:Creating package script '/home/baba/Desktop/Dem_ros2/install/status_interfaces/share/status_interfaces/package.sh'
[1.189s] INFO:colcon.colcon_core.shell:Creating package script '/home/baba/Desktop/Dem_ros2/install/status_interfaces/share/status_interfaces/package.bash'
[1.189s] INFO:colcon.colcon_core.shell:Creating package script '/home/baba/Desktop/Dem_ros2/install/status_interfaces/share/status_interfaces/package.zsh'
[1.190s] Level 1:colcon.colcon_core.environment:create_file_with_runtime_dependencies(/home/baba/Desktop/Dem_ros2/install/status_interfaces/share/colcon-core/packages/status_interfaces)
[1.190s] INFO:colcon.colcon_ros.task.ament_cmake.build:Building ROS package in '/home/baba/Desktop/Dem_ros2/src/status_display' with build type 'ament_cmake'
[1.190s] INFO:colcon.colcon_cmake.task.cmake.build:Building CMake package in '/home/baba/Desktop/Dem_ros2/src/status_display'
[1.190s] INFO:colcon.colcon_core.shell:Skip shell extension 'powershell' for command environment: Not usable outside of PowerShell
[1.190s] DEBUG:colcon.colcon_core.shell:Skip shell extension 'dsv' for command environment
[1.203s] DEBUG:colcon.colcon_core.event_handler.log_command:Invoking command in '/home/baba/Desktop/Dem_ros2/build/status_display': CMAKE_PREFIX_PATH=/home/baba/Desktop/Dem_ros2/install/status_interfaces:/home/baba/Desktop/Dem_ros2/install/status_display:/home/baba/Desktop/Dem_ros2/install/dem_cpp_topic:/home/baba/Desktop/Dem_ros2/install/dem_cpp_pkg:/opt/ros/humble /usr/bin/cmake --build /home/baba/Desktop/Dem_ros2/build/status_display -- -j16 -l16
[1.265s] DEBUG:colcon.colcon_core.event_handler.log_command:Invoked command in '/home/baba/Desktop/Dem_ros2/build/status_display' returned '0': CMAKE_PREFIX_PATH=/home/baba/Desktop/Dem_ros2/install/status_interfaces:/home/baba/Desktop/Dem_ros2/install/status_display:/home/baba/Desktop/Dem_ros2/install/dem_cpp_topic:/home/baba/Desktop/Dem_ros2/install/dem_cpp_pkg:/opt/ros/humble /usr/bin/cmake --build /home/baba/Desktop/Dem_ros2/build/status_display -- -j16 -l16
[1.268s] DEBUG:colcon.colcon_core.event_handler.log_command:Invoking command in '/home/baba/Desktop/Dem_ros2/build/status_display': CMAKE_PREFIX_PATH=/home/baba/Desktop/Dem_ros2/install/status_interfaces:/home/baba/Desktop/Dem_ros2/install/status_display:/home/baba/Desktop/Dem_ros2/install/dem_cpp_topic:/home/baba/Desktop/Dem_ros2/install/dem_cpp_pkg:/opt/ros/humble /usr/bin/cmake --install /home/baba/Desktop/Dem_ros2/build/status_display
[1.279s] Level 1:colcon.colcon_core.environment:create_environment_scripts_only(status_display)
[1.279s] Level 1:colcon.colcon_core.environment:checking '/home/baba/Desktop/Dem_ros2/install/status_display' for CMake module files
[1.280s] DEBUG:colcon.colcon_core.event_handler.log_command:Invoked command in '/home/baba/Desktop/Dem_ros2/build/status_display' returned '0': CMAKE_PREFIX_PATH=/home/baba/Desktop/Dem_ros2/install/status_interfaces:/home/baba/Desktop/Dem_ros2/install/status_display:/home/baba/Desktop/Dem_ros2/install/dem_cpp_topic:/home/baba/Desktop/Dem_ros2/install/dem_cpp_pkg:/opt/ros/humble /usr/bin/cmake --install /home/baba/Desktop/Dem_ros2/build/status_display
[1.280s] Level 1:colcon.colcon_core.environment:checking '/home/baba/Desktop/Dem_ros2/install/status_display' for CMake config files
[1.280s] Level 1:colcon.colcon_core.shell:create_environment_hook('status_display', 'cmake_prefix_path')
[1.280s] INFO:colcon.colcon_core.shell:Creating environment hook '/home/baba/Desktop/Dem_ros2/install/status_display/share/status_display/hook/cmake_prefix_path.ps1'
[1.281s] INFO:colcon.colcon_core.shell:Creating environment descriptor '/home/baba/Desktop/Dem_ros2/install/status_display/share/status_display/hook/cmake_prefix_path.dsv'
[1.281s] INFO:colcon.colcon_core.shell:Creating environment hook '/home/baba/Desktop/Dem_ros2/install/status_display/share/status_display/hook/cmake_prefix_path.sh'
[1.282s] Level 1:colcon.colcon_core.environment:checking '/home/baba/Desktop/Dem_ros2/install/status_display/lib'
[1.282s] Level 1:colcon.colcon_core.environment:checking '/home/baba/Desktop/Dem_ros2/install/status_display/bin'
[1.282s] Level 1:colcon.colcon_core.environment:checking '/home/baba/Desktop/Dem_ros2/install/status_display/lib/pkgconfig/status_display.pc'
[1.282s] Level 1:colcon.colcon_core.environment:checking '/home/baba/Desktop/Dem_ros2/install/status_display/lib/python3.10/site-packages'
[1.282s] Level 1:colcon.colcon_core.environment:checking '/home/baba/Desktop/Dem_ros2/install/status_display/bin'
[1.283s] INFO:colcon.colcon_core.shell:Creating package script '/home/baba/Desktop/Dem_ros2/install/status_display/share/status_display/package.ps1'
[1.283s] INFO:colcon.colcon_core.shell:Creating package descriptor '/home/baba/Desktop/Dem_ros2/install/status_display/share/status_display/package.dsv'
[1.283s] INFO:colcon.colcon_core.shell:Creating package script '/home/baba/Desktop/Dem_ros2/install/status_display/share/status_display/package.sh'
[1.284s] INFO:colcon.colcon_core.shell:Creating package script '/home/baba/Desktop/Dem_ros2/install/status_display/share/status_display/package.bash'
[1.284s] INFO:colcon.colcon_core.shell:Creating package script '/home/baba/Desktop/Dem_ros2/install/status_display/share/status_display/package.zsh'
[1.284s] Level 1:colcon.colcon_core.environment:create_file_with_runtime_dependencies(/home/baba/Desktop/Dem_ros2/install/status_display/share/colcon-core/packages/status_display)
[1.285s] Level 1:colcon.colcon_core.environment:create_environment_scripts_only(status_display)
[1.285s] Level 1:colcon.colcon_core.environment:checking '/home/baba/Desktop/Dem_ros2/install/status_display' for CMake module files
[1.286s] Level 1:colcon.colcon_core.environment:checking '/home/baba/Desktop/Dem_ros2/install/status_display' for CMake config files
[1.286s] Level 1:colcon.colcon_core.shell:create_environment_hook('status_display', 'cmake_prefix_path')
[1.286s] INFO:colcon.colcon_core.shell:Creating environment hook '/home/baba/Desktop/Dem_ros2/install/status_display/share/status_display/hook/cmake_prefix_path.ps1'
[1.286s] INFO:colcon.colcon_core.shell:Creating environment descriptor '/home/baba/Desktop/Dem_ros2/install/status_display/share/status_display/hook/cmake_prefix_path.dsv'
[1.287s] INFO:colcon.colcon_core.shell:Creating environment hook '/home/baba/Desktop/Dem_ros2/install/status_display/share/status_display/hook/cmake_prefix_path.sh'
[1.287s] Level 1:colcon.colcon_core.environment:checking '/home/baba/Desktop/Dem_ros2/install/status_display/lib'
[1.287s] Level 1:colcon.colcon_core.environment:checking '/home/baba/Desktop/Dem_ros2/install/status_display/bin'
[1.287s] Level 1:colcon.colcon_core.environment:checking '/home/baba/Desktop/Dem_ros2/install/status_display/lib/pkgconfig/status_display.pc'
[1.287s] Level 1:colcon.colcon_core.environment:checking '/home/baba/Desktop/Dem_ros2/install/status_display/lib/python3.10/site-packages'
[1.288s] Level 1:colcon.colcon_core.environment:checking '/home/baba/Desktop/Dem_ros2/install/status_display/bin'
[1.288s] INFO:colcon.colcon_core.shell:Creating package script '/home/baba/Desktop/Dem_ros2/install/status_display/share/status_display/package.ps1'
[1.289s] INFO:colcon.colcon_core.shell:Creating package descriptor '/home/baba/Desktop/Dem_ros2/install/status_display/share/status_display/package.dsv'
[1.289s] INFO:colcon.colcon_core.shell:Creating package script '/home/baba/Desktop/Dem_ros2/install/status_display/share/status_display/package.sh'
[1.289s] INFO:colcon.colcon_core.shell:Creating package script '/home/baba/Desktop/Dem_ros2/install/status_display/share/status_display/package.bash'
[1.290s] INFO:colcon.colcon_core.shell:Creating package script '/home/baba/Desktop/Dem_ros2/install/status_display/share/status_display/package.zsh'
[1.290s] Level 1:colcon.colcon_core.environment:create_file_with_runtime_dependencies(/home/baba/Desktop/Dem_ros2/install/status_display/share/colcon-core/packages/status_display)
[7.995s] DEBUG:colcon.colcon_core.event_handler.log_command:Invoked command in '/home/baba/Desktop/Dem_ros2/build/dem_cpp_topic' returned '0': CMAKE_PREFIX_PATH=${CMAKE_PREFIX_PATH}:/opt/ros/humble /usr/bin/cmake --build /home/baba/Desktop/Dem_ros2/build/dem_cpp_topic -- -j16 -l16
[7.998s] DEBUG:colcon.colcon_core.event_handler.log_command:Invoking command in '/home/baba/Desktop/Dem_ros2/build/dem_cpp_topic': CMAKE_PREFIX_PATH=${CMAKE_PREFIX_PATH}:/opt/ros/humble /usr/bin/cmake --install /home/baba/Desktop/Dem_ros2/build/dem_cpp_topic
[8.015s] Level 1:colcon.colcon_core.environment:create_environment_scripts_only(dem_cpp_topic)
[8.015s] Level 1:colcon.colcon_core.environment:checking '/home/baba/Desktop/Dem_ros2/install/dem_cpp_topic' for CMake module files
[8.016s] DEBUG:colcon.colcon_core.event_handler.log_command:Invoked command in '/home/baba/Desktop/Dem_ros2/build/dem_cpp_topic' returned '0': CMAKE_PREFIX_PATH=${CMAKE_PREFIX_PATH}:/opt/ros/humble /usr/bin/cmake --install /home/baba/Desktop/Dem_ros2/build/dem_cpp_topic
[8.016s] Level 1:colcon.colcon_core.environment:checking '/home/baba/Desktop/Dem_ros2/install/dem_cpp_topic' for CMake config files
[8.016s] Level 1:colcon.colcon_core.shell:create_environment_hook('dem_cpp_topic', 'cmake_prefix_path')
[8.016s] INFO:colcon.colcon_core.shell:Creating environment hook '/home/baba/Desktop/Dem_ros2/install/dem_cpp_topic/share/dem_cpp_topic/hook/cmake_prefix_path.ps1'
[8.017s] INFO:colcon.colcon_core.shell:Creating environment descriptor '/home/baba/Desktop/Dem_ros2/install/dem_cpp_topic/share/dem_cpp_topic/hook/cmake_prefix_path.dsv'
[8.017s] INFO:colcon.colcon_core.shell:Creating environment hook '/home/baba/Desktop/Dem_ros2/install/dem_cpp_topic/share/dem_cpp_topic/hook/cmake_prefix_path.sh'
[8.018s] Level 1:colcon.colcon_core.environment:checking '/home/baba/Desktop/Dem_ros2/install/dem_cpp_topic/lib'
[8.018s] Level 1:colcon.colcon_core.environment:checking '/home/baba/Desktop/Dem_ros2/install/dem_cpp_topic/bin'
[8.018s] Level 1:colcon.colcon_core.environment:checking '/home/baba/Desktop/Dem_ros2/install/dem_cpp_topic/lib/pkgconfig/dem_cpp_topic.pc'
[8.018s] Level 1:colcon.colcon_core.environment:checking '/home/baba/Desktop/Dem_ros2/install/dem_cpp_topic/lib/python3.10/site-packages'
[8.018s] Level 1:colcon.colcon_core.environment:checking '/home/baba/Desktop/Dem_ros2/install/dem_cpp_topic/bin'
[8.019s] INFO:colcon.colcon_core.shell:Creating package script '/home/baba/Desktop/Dem_ros2/install/dem_cpp_topic/share/dem_cpp_topic/package.ps1'
[8.019s] INFO:colcon.colcon_core.shell:Creating package descriptor '/home/baba/Desktop/Dem_ros2/install/dem_cpp_topic/share/dem_cpp_topic/package.dsv'
[8.019s] INFO:colcon.colcon_core.shell:Creating package script '/home/baba/Desktop/Dem_ros2/install/dem_cpp_topic/share/dem_cpp_topic/package.sh'
[8.020s] INFO:colcon.colcon_core.shell:Creating package script '/home/baba/Desktop/Dem_ros2/install/dem_cpp_topic/share/dem_cpp_topic/package.bash'
[8.020s] INFO:colcon.colcon_core.shell:Creating package script '/home/baba/Desktop/Dem_ros2/install/dem_cpp_topic/share/dem_cpp_topic/package.zsh'
[8.021s] Level 1:colcon.colcon_core.environment:create_file_with_runtime_dependencies(/home/baba/Desktop/Dem_ros2/install/dem_cpp_topic/share/colcon-core/packages/dem_cpp_topic)
[8.021s] Level 1:colcon.colcon_core.environment:create_environment_scripts_only(dem_cpp_topic)
[8.022s] Level 1:colcon.colcon_core.environment:checking '/home/baba/Desktop/Dem_ros2/install/dem_cpp_topic' for CMake module files
[8.022s] Level 1:colcon.colcon_core.environment:checking '/home/baba/Desktop/Dem_ros2/install/dem_cpp_topic' for CMake config files
[8.022s] Level 1:colcon.colcon_core.shell:create_environment_hook('dem_cpp_topic', 'cmake_prefix_path')
[8.022s] INFO:colcon.colcon_core.shell:Creating environment hook '/home/baba/Desktop/Dem_ros2/install/dem_cpp_topic/share/dem_cpp_topic/hook/cmake_prefix_path.ps1'
[8.023s] INFO:colcon.colcon_core.shell:Creating environment descriptor '/home/baba/Desktop/Dem_ros2/install/dem_cpp_topic/share/dem_cpp_topic/hook/cmake_prefix_path.dsv'
[8.023s] INFO:colcon.colcon_core.shell:Creating environment hook '/home/baba/Desktop/Dem_ros2/install/dem_cpp_topic/share/dem_cpp_topic/hook/cmake_prefix_path.sh'
[8.023s] Level 1:colcon.colcon_core.environment:checking '/home/baba/Desktop/Dem_ros2/install/dem_cpp_topic/lib'
[8.024s] Level 1:colcon.colcon_core.environment:checking '/home/baba/Desktop/Dem_ros2/install/dem_cpp_topic/bin'
[8.024s] Level 1:colcon.colcon_core.environment:checking '/home/baba/Desktop/Dem_ros2/install/dem_cpp_topic/lib/pkgconfig/dem_cpp_topic.pc'
[8.024s] Level 1:colcon.colcon_core.environment:checking '/home/baba/Desktop/Dem_ros2/install/dem_cpp_topic/lib/python3.10/site-packages'
[8.024s] Level 1:colcon.colcon_core.environment:checking '/home/baba/Desktop/Dem_ros2/install/dem_cpp_topic/bin'
[8.024s] INFO:colcon.colcon_core.shell:Creating package script '/home/baba/Desktop/Dem_ros2/install/dem_cpp_topic/share/dem_cpp_topic/package.ps1'
[8.025s] INFO:colcon.colcon_core.shell:Creating package descriptor '/home/baba/Desktop/Dem_ros2/install/dem_cpp_topic/share/dem_cpp_topic/package.dsv'
[8.025s] INFO:colcon.colcon_core.shell:Creating package script '/home/baba/Desktop/Dem_ros2/install/dem_cpp_topic/share/dem_cpp_topic/package.sh'
[8.025s] INFO:colcon.colcon_core.shell:Creating package script '/home/baba/Desktop/Dem_ros2/install/dem_cpp_topic/share/dem_cpp_topic/package.bash'
[8.026s] INFO:colcon.colcon_core.shell:Creating package script '/home/baba/Desktop/Dem_ros2/install/dem_cpp_topic/share/dem_cpp_topic/package.zsh'
[8.026s] Level 1:colcon.colcon_core.environment:create_file_with_runtime_dependencies(/home/baba/Desktop/Dem_ros2/install/dem_cpp_topic/share/colcon-core/packages/dem_cpp_topic)
[8.027s] DEBUG:colcon.colcon_parallel_executor.executor.parallel:closing loop
[8.027s] DEBUG:colcon.colcon_parallel_executor.executor.parallel:loop closed
[8.027s] DEBUG:colcon.colcon_parallel_executor.executor.parallel:run_until_complete finished with '0'
[8.027s] DEBUG:colcon.colcon_core.event_reactor:joining thread
[8.036s] INFO:colcon.colcon_core.plugin_system:Skipping extension 'colcon_notification.desktop_notification.terminal_notifier': Not used on non-Darwin systems
[8.036s] INFO:colcon.colcon_core.plugin_system:Skipping extension 'colcon_notification.desktop_notification.win32': Not used on non-Windows systems
[8.036s] INFO:colcon.colcon_notification.desktop_notification:Sending desktop notification using 'notify2'
[8.095s] DEBUG:colcon.colcon_core.event_reactor:joined thread
[8.095s] INFO:colcon.colcon_core.shell:Creating prefix script '/home/baba/Desktop/Dem_ros2/install/local_setup.ps1'
[8.096s] INFO:colcon.colcon_core.shell:Creating prefix util module '/home/baba/Desktop/Dem_ros2/install/_local_setup_util_ps1.py'
[8.098s] INFO:colcon.colcon_core.shell:Creating prefix chain script '/home/baba/Desktop/Dem_ros2/install/setup.ps1'
[8.100s] INFO:colcon.colcon_core.shell:Creating prefix script '/home/baba/Desktop/Dem_ros2/install/local_setup.sh'
[8.100s] INFO:colcon.colcon_core.shell:Creating prefix util module '/home/baba/Desktop/Dem_ros2/install/_local_setup_util_sh.py'
[8.101s] INFO:colcon.colcon_core.shell:Creating prefix chain script '/home/baba/Desktop/Dem_ros2/install/setup.sh'
[8.102s] INFO:colcon.colcon_core.shell:Creating prefix script '/home/baba/Desktop/Dem_ros2/install/local_setup.bash'
[8.103s] INFO:colcon.colcon_core.shell:Creating prefix chain script '/home/baba/Desktop/Dem_ros2/install/setup.bash'
[8.104s] INFO:colcon.colcon_core.shell:Creating prefix script '/home/baba/Desktop/Dem_ros2/install/local_setup.zsh'
[8.105s] INFO:colcon.colcon_core.shell:Creating prefix chain script '/home/baba/Desktop/Dem_ros2/install/setup.zsh'
