[0.058s] DEBUG:colcon:Command line arguments: ['/usr/bin/colcon', 'build']
[0.058s] DEBUG:colcon:Parsed command line arguments: Namespace(log_base=None, log_level=None, verb_name='build', build_base='build', install_base='install', merge_install=False, symlink_install=False, test_result_base=None, continue_on_error=False, executor='parallel', parallel_workers=16, event_handlers=None, ignore_user_meta=False, metas=['./colcon.meta'], base_paths=['.'], packages_ignore=None, packages_ignore_regex=None, paths=None, packages_up_to=None, packages_up_to_regex=None, packages_above=None, packages_above_and_dependencies=None, packages_above_depth=None, packages_select_by_dep=None, packages_skip_by_dep=None, packages_skip_up_to=None, packages_select_build_failed=False, packages_skip_build_finished=False, packages_select_test_failures=False, packages_skip_test_passed=False, packages_select=None, packages_skip=None, packages_select_regex=None, packages_skip_regex=None, packages_start=None, packages_end=None, allow_overriding=[], cmake_args=None, cmake_target=None, cmake_target_skip_unavailable=False, cmake_clean_cache=False, cmake_clean_first=False, cmake_force_configure=False, ament_cmake_args=None, catkin_cmake_args=None, catkin_skip_building_tests=False, verb_parser=<colcon_defaults.argument_parser.defaults.DefaultArgumentsDecorator object at 0x7783c87b8610>, verb_extension=<colcon_core.verb.build.BuildVerb object at 0x7783c88bd9f0>, main=<bound method BuildVerb.main of <colcon_core.verb.build.BuildVerb object at 0x7783c88bd9f0>>)
[0.141s] Level 1:colcon.colcon_core.package_discovery:discover_packages(colcon_meta) check parameters
[0.142s] Level 1:colcon.colcon_core.package_discovery:discover_packages(recursive) check parameters
[0.142s] Level 1:colcon.colcon_core.package_discovery:discover_packages(ignore) check parameters
[0.142s] Level 1:colcon.colcon_core.package_discovery:discover_packages(path) check parameters
[0.142s] Level 1:colcon.colcon_core.package_discovery:discover_packages(colcon_meta) discover
[0.142s] Level 1:colcon.colcon_core.package_discovery:discover_packages(recursive) discover
[0.142s] INFO:colcon.colcon_core.package_discovery:Crawling recursively for packages in '/home/baba/Desktop/Dem_ros2'
[0.143s] Level 1:colcon.colcon_core.package_identification:_identify(.) by extensions ['ignore', 'ignore_ament_install']
[0.143s] Level 1:colcon.colcon_core.package_identification:_identify(.) by extension 'ignore'
[0.143s] Level 1:colcon.colcon_core.package_identification:_identify(.) by extension 'ignore_ament_install'
[0.143s] Level 1:colcon.colcon_core.package_identification:_identify(.) by extensions ['colcon_pkg']
[0.143s] Level 1:colcon.colcon_core.package_identification:_identify(.) by extension 'colcon_pkg'
[0.143s] Level 1:colcon.colcon_core.package_identification:_identify(.) by extensions ['colcon_meta']
[0.143s] Level 1:colcon.colcon_core.package_identification:_identify(.) by extension 'colcon_meta'
[0.143s] Level 1:colcon.colcon_core.package_identification:_identify(.) by extensions ['ros']
[0.143s] Level 1:colcon.colcon_core.package_identification:_identify(.) by extension 'ros'
[0.151s] Level 1:colcon.colcon_core.package_identification:_identify(.) by extensions ['cmake', 'python']
[0.151s] Level 1:colcon.colcon_core.package_identification:_identify(.) by extension 'cmake'
[0.151s] Level 1:colcon.colcon_core.package_identification:_identify(.) by extension 'python'
[0.151s] Level 1:colcon.colcon_core.package_identification:_identify(.) by extensions ['python_setup_py']
[0.151s] Level 1:colcon.colcon_core.package_identification:_identify(.) by extension 'python_setup_py'
[0.151s] Level 1:colcon.colcon_core.package_identification:_identify(build) by extensions ['ignore', 'ignore_ament_install']
[0.151s] Level 1:colcon.colcon_core.package_identification:_identify(build) by extension 'ignore'
[0.151s] Level 1:colcon.colcon_core.package_identification:_identify(build) ignored
[0.151s] Level 1:colcon.colcon_core.package_identification:_identify(install) by extensions ['ignore', 'ignore_ament_install']
[0.151s] Level 1:colcon.colcon_core.package_identification:_identify(install) by extension 'ignore'
[0.152s] Level 1:colcon.colcon_core.package_identification:_identify(install) ignored
[0.152s] Level 1:colcon.colcon_core.package_identification:_identify(log) by extensions ['ignore', 'ignore_ament_install']
[0.152s] Level 1:colcon.colcon_core.package_identification:_identify(log) by extension 'ignore'
[0.152s] Level 1:colcon.colcon_core.package_identification:_identify(log) ignored
[0.152s] Level 1:colcon.colcon_core.package_identification:_identify(src) by extensions ['ignore', 'ignore_ament_install']
[0.152s] Level 1:colcon.colcon_core.package_identification:_identify(src) by extension 'ignore'
[0.152s] Level 1:colcon.colcon_core.package_identification:_identify(src) by extension 'ignore_ament_install'
[0.152s] Level 1:colcon.colcon_core.package_identification:_identify(src) by extensions ['colcon_pkg']
[0.152s] Level 1:colcon.colcon_core.package_identification:_identify(src) by extension 'colcon_pkg'
[0.152s] Level 1:colcon.colcon_core.package_identification:_identify(src) by extensions ['colcon_meta']
[0.152s] Level 1:colcon.colcon_core.package_identification:_identify(src) by extension 'colcon_meta'
[0.152s] Level 1:colcon.colcon_core.package_identification:_identify(src) by extensions ['ros']
[0.152s] Level 1:colcon.colcon_core.package_identification:_identify(src) by extension 'ros'
[0.152s] Level 1:colcon.colcon_core.package_identification:_identify(src) by extensions ['cmake', 'python']
[0.152s] Level 1:colcon.colcon_core.package_identification:_identify(src) by extension 'cmake'
[0.152s] Level 1:colcon.colcon_core.package_identification:_identify(src) by extension 'python'
[0.153s] Level 1:colcon.colcon_core.package_identification:_identify(src) by extensions ['python_setup_py']
[0.153s] Level 1:colcon.colcon_core.package_identification:_identify(src) by extension 'python_setup_py'
[0.153s] Level 1:colcon.colcon_core.package_identification:_identify(src/dem_cpp_pkg) by extensions ['ignore', 'ignore_ament_install']
[0.153s] Level 1:colcon.colcon_core.package_identification:_identify(src/dem_cpp_pkg) by extension 'ignore'
[0.153s] Level 1:colcon.colcon_core.package_identification:_identify(src/dem_cpp_pkg) by extension 'ignore_ament_install'
[0.153s] Level 1:colcon.colcon_core.package_identification:_identify(src/dem_cpp_pkg) by extensions ['colcon_pkg']
[0.153s] Level 1:colcon.colcon_core.package_identification:_identify(src/dem_cpp_pkg) by extension 'colcon_pkg'
[0.153s] Level 1:colcon.colcon_core.package_identification:_identify(src/dem_cpp_pkg) by extensions ['colcon_meta']
[0.153s] Level 1:colcon.colcon_core.package_identification:_identify(src/dem_cpp_pkg) by extension 'colcon_meta'
[0.153s] Level 1:colcon.colcon_core.package_identification:_identify(src/dem_cpp_pkg) by extensions ['ros']
[0.153s] Level 1:colcon.colcon_core.package_identification:_identify(src/dem_cpp_pkg) by extension 'ros'
[0.155s] DEBUG:colcon.colcon_core.package_identification:Package 'src/dem_cpp_pkg' with type 'ros.ament_cmake' and name 'dem_cpp_pkg'
[0.156s] Level 1:colcon.colcon_core.package_identification:_identify(src/dem_cpp_topic) by extensions ['ignore', 'ignore_ament_install']
[0.156s] Level 1:colcon.colcon_core.package_identification:_identify(src/dem_cpp_topic) by extension 'ignore'
[0.157s] Level 1:colcon.colcon_core.package_identification:_identify(src/dem_cpp_topic) by extension 'ignore_ament_install'
[0.157s] Level 1:colcon.colcon_core.package_identification:_identify(src/dem_cpp_topic) by extensions ['colcon_pkg']
[0.157s] Level 1:colcon.colcon_core.package_identification:_identify(src/dem_cpp_topic) by extension 'colcon_pkg'
[0.157s] Level 1:colcon.colcon_core.package_identification:_identify(src/dem_cpp_topic) by extensions ['colcon_meta']
[0.157s] Level 1:colcon.colcon_core.package_identification:_identify(src/dem_cpp_topic) by extension 'colcon_meta'
[0.157s] Level 1:colcon.colcon_core.package_identification:_identify(src/dem_cpp_topic) by extensions ['ros']
[0.157s] Level 1:colcon.colcon_core.package_identification:_identify(src/dem_cpp_topic) by extension 'ros'
[0.158s] DEBUG:colcon.colcon_core.package_identification:Package 'src/dem_cpp_topic' with type 'ros.ament_cmake' and name 'dem_cpp_topic'
[0.158s] Level 1:colcon.colcon_core.package_identification:_identify(src/status_display) by extensions ['ignore', 'ignore_ament_install']
[0.158s] Level 1:colcon.colcon_core.package_identification:_identify(src/status_display) by extension 'ignore'
[0.158s] Level 1:colcon.colcon_core.package_identification:_identify(src/status_display) by extension 'ignore_ament_install'
[0.158s] Level 1:colcon.colcon_core.package_identification:_identify(src/status_display) by extensions ['colcon_pkg']
[0.159s] Level 1:colcon.colcon_core.package_identification:_identify(src/status_display) by extension 'colcon_pkg'
[0.159s] Level 1:colcon.colcon_core.package_identification:_identify(src/status_display) by extensions ['colcon_meta']
[0.159s] Level 1:colcon.colcon_core.package_identification:_identify(src/status_display) by extension 'colcon_meta'
[0.159s] Level 1:colcon.colcon_core.package_identification:_identify(src/status_display) by extensions ['ros']
[0.159s] Level 1:colcon.colcon_core.package_identification:_identify(src/status_display) by extension 'ros'
[0.160s] DEBUG:colcon.colcon_core.package_identification:Package 'src/status_display' with type 'ros.ament_cmake' and name 'status_display'
[0.160s] Level 1:colcon.colcon_core.package_identification:_identify(src/status_interfaces) by extensions ['ignore', 'ignore_ament_install']
[0.160s] Level 1:colcon.colcon_core.package_identification:_identify(src/status_interfaces) by extension 'ignore'
[0.160s] Level 1:colcon.colcon_core.package_identification:_identify(src/status_interfaces) by extension 'ignore_ament_install'
[0.160s] Level 1:colcon.colcon_core.package_identification:_identify(src/status_interfaces) by extensions ['colcon_pkg']
[0.160s] Level 1:colcon.colcon_core.package_identification:_identify(src/status_interfaces) by extension 'colcon_pkg'
[0.160s] Level 1:colcon.colcon_core.package_identification:_identify(src/status_interfaces) by extensions ['colcon_meta']
[0.160s] Level 1:colcon.colcon_core.package_identification:_identify(src/status_interfaces) by extension 'colcon_meta'
[0.160s] Level 1:colcon.colcon_core.package_identification:_identify(src/status_interfaces) by extensions ['ros']
[0.160s] Level 1:colcon.colcon_core.package_identification:_identify(src/status_interfaces) by extension 'ros'
[0.161s] DEBUG:colcon.colcon_core.package_identification:Package 'src/status_interfaces' with type 'ros.ament_cmake' and name 'status_interfaces'
[0.161s] Level 1:colcon.colcon_core.package_discovery:discover_packages(recursive) using defaults
[0.161s] Level 1:colcon.colcon_core.package_discovery:discover_packages(ignore) discover
[0.161s] Level 1:colcon.colcon_core.package_discovery:discover_packages(ignore) using defaults
[0.161s] Level 1:colcon.colcon_core.package_discovery:discover_packages(path) discover
[0.161s] Level 1:colcon.colcon_core.package_discovery:discover_packages(path) using defaults
[0.176s] Level 1:colcon.colcon_core.package_discovery:discover_packages(prefix_path) check parameters
[0.176s] Level 1:colcon.colcon_core.package_discovery:discover_packages(prefix_path) discover
[0.177s] DEBUG:colcon.colcon_installed_package_information.package_discovery:Found 4 installed packages in /home/baba/Desktop/Dem_ros2/install
[0.178s] DEBUG:colcon.colcon_installed_package_information.package_discovery:Found 270 installed packages in /opt/ros/humble
[0.187s] Level 1:colcon.colcon_core.package_discovery:discover_packages(prefix_path) using defaults
[0.209s] Level 5:colcon.colcon_core.verb:set package 'dem_cpp_pkg' build argument 'cmake_args' from command line to 'None'
[0.209s] Level 5:colcon.colcon_core.verb:set package 'dem_cpp_pkg' build argument 'cmake_target' from command line to 'None'
[0.209s] Level 5:colcon.colcon_core.verb:set package 'dem_cpp_pkg' build argument 'cmake_target_skip_unavailable' from command line to 'False'
[0.209s] Level 5:colcon.colcon_core.verb:set package 'dem_cpp_pkg' build argument 'cmake_clean_cache' from command line to 'False'
[0.209s] Level 5:colcon.colcon_core.verb:set package 'dem_cpp_pkg' build argument 'cmake_clean_first' from command line to 'False'
[0.209s] Level 5:colcon.colcon_core.verb:set package 'dem_cpp_pkg' build argument 'cmake_force_configure' from command line to 'False'
[0.209s] Level 5:colcon.colcon_core.verb:set package 'dem_cpp_pkg' build argument 'ament_cmake_args' from command line to 'None'
[0.209s] Level 5:colcon.colcon_core.verb:set package 'dem_cpp_pkg' build argument 'catkin_cmake_args' from command line to 'None'
[0.209s] Level 5:colcon.colcon_core.verb:set package 'dem_cpp_pkg' build argument 'catkin_skip_building_tests' from command line to 'False'
[0.209s] DEBUG:colcon.colcon_core.verb:Building package 'dem_cpp_pkg' with the following arguments: {'ament_cmake_args': None, 'build_base': '/home/baba/Desktop/Dem_ros2/build/dem_cpp_pkg', 'catkin_cmake_args': None, 'catkin_skip_building_tests': False, 'cmake_args': None, 'cmake_clean_cache': False, 'cmake_clean_first': False, 'cmake_force_configure': False, 'cmake_target': None, 'cmake_target_skip_unavailable': False, 'install_base': '/home/baba/Desktop/Dem_ros2/install/dem_cpp_pkg', 'merge_install': False, 'path': '/home/baba/Desktop/Dem_ros2/src/dem_cpp_pkg', 'symlink_install': False, 'test_result_base': None}
[0.209s] Level 5:colcon.colcon_core.verb:set package 'dem_cpp_topic' build argument 'cmake_args' from command line to 'None'
[0.210s] Level 5:colcon.colcon_core.verb:set package 'dem_cpp_topic' build argument 'cmake_target' from command line to 'None'
[0.210s] Level 5:colcon.colcon_core.verb:set package 'dem_cpp_topic' build argument 'cmake_target_skip_unavailable' from command line to 'False'
[0.210s] Level 5:colcon.colcon_core.verb:set package 'dem_cpp_topic' build argument 'cmake_clean_cache' from command line to 'False'
[0.210s] Level 5:colcon.colcon_core.verb:set package 'dem_cpp_topic' build argument 'cmake_clean_first' from command line to 'False'
[0.210s] Level 5:colcon.colcon_core.verb:set package 'dem_cpp_topic' build argument 'cmake_force_configure' from command line to 'False'
[0.210s] Level 5:colcon.colcon_core.verb:set package 'dem_cpp_topic' build argument 'ament_cmake_args' from command line to 'None'
[0.210s] Level 5:colcon.colcon_core.verb:set package 'dem_cpp_topic' build argument 'catkin_cmake_args' from command line to 'None'
[0.210s] Level 5:colcon.colcon_core.verb:set package 'dem_cpp_topic' build argument 'catkin_skip_building_tests' from command line to 'False'
[0.210s] DEBUG:colcon.colcon_core.verb:Building package 'dem_cpp_topic' with the following arguments: {'ament_cmake_args': None, 'build_base': '/home/baba/Desktop/Dem_ros2/build/dem_cpp_topic', 'catkin_cmake_args': None, 'catkin_skip_building_tests': False, 'cmake_args': None, 'cmake_clean_cache': False, 'cmake_clean_first': False, 'cmake_force_configure': False, 'cmake_target': None, 'cmake_target_skip_unavailable': False, 'install_base': '/home/baba/Desktop/Dem_ros2/install/dem_cpp_topic', 'merge_install': False, 'path': '/home/baba/Desktop/Dem_ros2/src/dem_cpp_topic', 'symlink_install': False, 'test_result_base': None}
[0.210s] Level 5:colcon.colcon_core.verb:set package 'status_interfaces' build argument 'cmake_args' from command line to 'None'
[0.210s] Level 5:colcon.colcon_core.verb:set package 'status_interfaces' build argument 'cmake_target' from command line to 'None'
[0.210s] Level 5:colcon.colcon_core.verb:set package 'status_interfaces' build argument 'cmake_target_skip_unavailable' from command line to 'False'
[0.210s] Level 5:colcon.colcon_core.verb:set package 'status_interfaces' build argument 'cmake_clean_cache' from command line to 'False'
[0.210s] Level 5:colcon.colcon_core.verb:set package 'status_interfaces' build argument 'cmake_clean_first' from command line to 'False'
[0.210s] Level 5:colcon.colcon_core.verb:set package 'status_interfaces' build argument 'cmake_force_configure' from command line to 'False'
[0.210s] Level 5:colcon.colcon_core.verb:set package 'status_interfaces' build argument 'ament_cmake_args' from command line to 'None'
[0.210s] Level 5:colcon.colcon_core.verb:set package 'status_interfaces' build argument 'catkin_cmake_args' from command line to 'None'
[0.210s] Level 5:colcon.colcon_core.verb:set package 'status_interfaces' build argument 'catkin_skip_building_tests' from command line to 'False'
[0.210s] DEBUG:colcon.colcon_core.verb:Building package 'status_interfaces' with the following arguments: {'ament_cmake_args': None, 'build_base': '/home/baba/Desktop/Dem_ros2/build/status_interfaces', 'catkin_cmake_args': None, 'catkin_skip_building_tests': False, 'cmake_args': None, 'cmake_clean_cache': False, 'cmake_clean_first': False, 'cmake_force_configure': False, 'cmake_target': None, 'cmake_target_skip_unavailable': False, 'install_base': '/home/baba/Desktop/Dem_ros2/install/status_interfaces', 'merge_install': False, 'path': '/home/baba/Desktop/Dem_ros2/src/status_interfaces', 'symlink_install': False, 'test_result_base': None}
[0.210s] Level 5:colcon.colcon_core.verb:set package 'status_display' build argument 'cmake_args' from command line to 'None'
[0.210s] Level 5:colcon.colcon_core.verb:set package 'status_display' build argument 'cmake_target' from command line to 'None'
[0.210s] Level 5:colcon.colcon_core.verb:set package 'status_display' build argument 'cmake_target_skip_unavailable' from command line to 'False'
[0.210s] Level 5:colcon.colcon_core.verb:set package 'status_display' build argument 'cmake_clean_cache' from command line to 'False'
[0.210s] Level 5:colcon.colcon_core.verb:set package 'status_display' build argument 'cmake_clean_first' from command line to 'False'
[0.210s] Level 5:colcon.colcon_core.verb:set package 'status_display' build argument 'cmake_force_configure' from command line to 'False'
[0.210s] Level 5:colcon.colcon_core.verb:set package 'status_display' build argument 'ament_cmake_args' from command line to 'None'
[0.210s] Level 5:colcon.colcon_core.verb:set package 'status_display' build argument 'catkin_cmake_args' from command line to 'None'
[0.210s] Level 5:colcon.colcon_core.verb:set package 'status_display' build argument 'catkin_skip_building_tests' from command line to 'False'
[0.210s] DEBUG:colcon.colcon_core.verb:Building package 'status_display' with the following arguments: {'ament_cmake_args': None, 'build_base': '/home/baba/Desktop/Dem_ros2/build/status_display', 'catkin_cmake_args': None, 'catkin_skip_building_tests': False, 'cmake_args': None, 'cmake_clean_cache': False, 'cmake_clean_first': False, 'cmake_force_configure': False, 'cmake_target': None, 'cmake_target_skip_unavailable': False, 'install_base': '/home/baba/Desktop/Dem_ros2/install/status_display', 'merge_install': False, 'path': '/home/baba/Desktop/Dem_ros2/src/status_display', 'symlink_install': False, 'test_result_base': None}
[0.210s] INFO:colcon.colcon_core.executor:Executing jobs using 'parallel' executor
[0.211s] DEBUG:colcon.colcon_parallel_executor.executor.parallel:run_until_complete
[0.211s] INFO:colcon.colcon_ros.task.ament_cmake.build:Building ROS package in '/home/baba/Desktop/Dem_ros2/src/status_interfaces' with build type 'ament_cmake'
[0.212s] INFO:colcon.colcon_cmake.task.cmake.build:Building CMake package in '/home/baba/Desktop/Dem_ros2/src/status_interfaces'
[0.213s] INFO:colcon.colcon_core.plugin_system:Skipping extension 'colcon_core.shell.bat': Not used on non-Windows systems
[0.213s] INFO:colcon.colcon_core.shell:Skip shell extension 'powershell' for command environment: Not usable outside of PowerShell
[0.213s] DEBUG:colcon.colcon_core.shell:Skip shell extension 'dsv' for command environment
[0.215s] INFO:colcon.colcon_ros.task.ament_cmake.build:Building ROS package in '/home/baba/Desktop/Dem_ros2/src/dem_cpp_pkg' with build type 'ament_cmake'
[0.215s] INFO:colcon.colcon_cmake.task.cmake.build:Building CMake package in '/home/baba/Desktop/Dem_ros2/src/dem_cpp_pkg'
[0.216s] INFO:colcon.colcon_core.shell:Skip shell extension 'powershell' for command environment: Not usable outside of PowerShell
[0.216s] DEBUG:colcon.colcon_core.shell:Skip shell extension 'dsv' for command environment
[0.218s] INFO:colcon.colcon_ros.task.ament_cmake.build:Building ROS package in '/home/baba/Desktop/Dem_ros2/src/dem_cpp_topic' with build type 'ament_cmake'
[0.218s] INFO:colcon.colcon_cmake.task.cmake.build:Building CMake package in '/home/baba/Desktop/Dem_ros2/src/dem_cpp_topic'
[0.218s] INFO:colcon.colcon_core.shell:Skip shell extension 'powershell' for command environment: Not usable outside of PowerShell
[0.218s] DEBUG:colcon.colcon_core.shell:Skip shell extension 'dsv' for command environment
[0.225s] DEBUG:colcon.colcon_core.event_handler.log_command:Invoking command in '/home/baba/Desktop/Dem_ros2/build/status_interfaces': CMAKE_PREFIX_PATH=${CMAKE_PREFIX_PATH}:/opt/ros/humble /usr/bin/cmake --build /home/baba/Desktop/Dem_ros2/build/status_interfaces -- -j16 -l16
[0.229s] DEBUG:colcon.colcon_core.event_handler.log_command:Invoking command in '/home/baba/Desktop/Dem_ros2/build/dem_cpp_pkg': CMAKE_PREFIX_PATH=${CMAKE_PREFIX_PATH}:/opt/ros/humble /usr/bin/cmake --build /home/baba/Desktop/Dem_ros2/build/dem_cpp_pkg -- -j16 -l16
[0.231s] DEBUG:colcon.colcon_core.event_handler.log_command:Invoking command in '/home/baba/Desktop/Dem_ros2/build/dem_cpp_topic': CMAKE_PREFIX_PATH=${CMAKE_PREFIX_PATH}:/opt/ros/humble /usr/bin/cmake --build /home/baba/Desktop/Dem_ros2/build/dem_cpp_topic -- -j16 -l16
[0.280s] DEBUG:colcon.colcon_core.event_handler.log_command:Invoked command in '/home/baba/Desktop/Dem_ros2/build/dem_cpp_topic' returned '0': CMAKE_PREFIX_PATH=${CMAKE_PREFIX_PATH}:/opt/ros/humble /usr/bin/cmake --build /home/baba/Desktop/Dem_ros2/build/dem_cpp_topic -- -j16 -l16
[0.288s] DEBUG:colcon.colcon_core.event_handler.log_command:Invoking command in '/home/baba/Desktop/Dem_ros2/build/dem_cpp_topic': CMAKE_PREFIX_PATH=${CMAKE_PREFIX_PATH}:/opt/ros/humble /usr/bin/cmake --install /home/baba/Desktop/Dem_ros2/build/dem_cpp_topic
[0.288s] DEBUG:colcon.colcon_core.event_handler.log_command:Invoked command in '/home/baba/Desktop/Dem_ros2/build/dem_cpp_pkg' returned '0': CMAKE_PREFIX_PATH=${CMAKE_PREFIX_PATH}:/opt/ros/humble /usr/bin/cmake --build /home/baba/Desktop/Dem_ros2/build/dem_cpp_pkg -- -j16 -l16
[0.289s] DEBUG:colcon.colcon_core.event_handler.log_command:Invoking command in '/home/baba/Desktop/Dem_ros2/build/dem_cpp_pkg': CMAKE_PREFIX_PATH=${CMAKE_PREFIX_PATH}:/opt/ros/humble /usr/bin/cmake --install /home/baba/Desktop/Dem_ros2/build/dem_cpp_pkg
[0.293s] Level 1:colcon.colcon_core.environment:create_environment_scripts_only(dem_cpp_topic)
[0.298s] Level 1:colcon.colcon_core.environment:checking '/home/baba/Desktop/Dem_ros2/install/dem_cpp_topic' for CMake module files
[0.298s] DEBUG:colcon.colcon_core.event_handler.log_command:Invoked command in '/home/baba/Desktop/Dem_ros2/build/dem_cpp_topic' returned '0': CMAKE_PREFIX_PATH=${CMAKE_PREFIX_PATH}:/opt/ros/humble /usr/bin/cmake --install /home/baba/Desktop/Dem_ros2/build/dem_cpp_topic
[0.298s] Level 1:colcon.colcon_core.environment:checking '/home/baba/Desktop/Dem_ros2/install/dem_cpp_topic' for CMake config files
[0.299s] Level 1:colcon.colcon_core.shell:create_environment_hook('dem_cpp_topic', 'cmake_prefix_path')
[0.299s] INFO:colcon.colcon_core.shell:Creating environment hook '/home/baba/Desktop/Dem_ros2/install/dem_cpp_topic/share/dem_cpp_topic/hook/cmake_prefix_path.ps1'
[0.299s] INFO:colcon.colcon_core.shell:Creating environment descriptor '/home/baba/Desktop/Dem_ros2/install/dem_cpp_topic/share/dem_cpp_topic/hook/cmake_prefix_path.dsv'
[0.300s] INFO:colcon.colcon_core.shell:Creating environment hook '/home/baba/Desktop/Dem_ros2/install/dem_cpp_topic/share/dem_cpp_topic/hook/cmake_prefix_path.sh'
[0.300s] Level 1:colcon.colcon_core.environment:checking '/home/baba/Desktop/Dem_ros2/install/dem_cpp_topic/lib'
[0.300s] Level 1:colcon.colcon_core.environment:checking '/home/baba/Desktop/Dem_ros2/install/dem_cpp_topic/bin'
[0.300s] Level 1:colcon.colcon_core.environment:checking '/home/baba/Desktop/Dem_ros2/install/dem_cpp_topic/lib/pkgconfig/dem_cpp_topic.pc'
[0.300s] Level 1:colcon.colcon_core.environment:checking '/home/baba/Desktop/Dem_ros2/install/dem_cpp_topic/lib/python3.10/site-packages'
[0.301s] Level 1:colcon.colcon_core.environment:checking '/home/baba/Desktop/Dem_ros2/install/dem_cpp_topic/bin'
[0.301s] INFO:colcon.colcon_core.shell:Creating package script '/home/baba/Desktop/Dem_ros2/install/dem_cpp_topic/share/dem_cpp_topic/package.ps1'
[0.301s] INFO:colcon.colcon_core.shell:Creating package descriptor '/home/baba/Desktop/Dem_ros2/install/dem_cpp_topic/share/dem_cpp_topic/package.dsv'
[0.302s] INFO:colcon.colcon_core.shell:Creating package script '/home/baba/Desktop/Dem_ros2/install/dem_cpp_topic/share/dem_cpp_topic/package.sh'
[0.302s] INFO:colcon.colcon_core.shell:Creating package script '/home/baba/Desktop/Dem_ros2/install/dem_cpp_topic/share/dem_cpp_topic/package.bash'
[0.303s] INFO:colcon.colcon_core.shell:Creating package script '/home/baba/Desktop/Dem_ros2/install/dem_cpp_topic/share/dem_cpp_topic/package.zsh'
[0.303s] Level 1:colcon.colcon_core.environment:create_file_with_runtime_dependencies(/home/baba/Desktop/Dem_ros2/install/dem_cpp_topic/share/colcon-core/packages/dem_cpp_topic)
[0.304s] Level 1:colcon.colcon_core.environment:create_environment_scripts_only(dem_cpp_topic)
[0.304s] Level 1:colcon.colcon_core.environment:checking '/home/baba/Desktop/Dem_ros2/install/dem_cpp_topic' for CMake module files
[0.304s] Level 1:colcon.colcon_core.environment:checking '/home/baba/Desktop/Dem_ros2/install/dem_cpp_topic' for CMake config files
[0.304s] Level 1:colcon.colcon_core.shell:create_environment_hook('dem_cpp_topic', 'cmake_prefix_path')
[0.304s] INFO:colcon.colcon_core.shell:Creating environment hook '/home/baba/Desktop/Dem_ros2/install/dem_cpp_topic/share/dem_cpp_topic/hook/cmake_prefix_path.ps1'
[0.305s] INFO:colcon.colcon_core.shell:Creating environment descriptor '/home/baba/Desktop/Dem_ros2/install/dem_cpp_topic/share/dem_cpp_topic/hook/cmake_prefix_path.dsv'
[0.305s] INFO:colcon.colcon_core.shell:Creating environment hook '/home/baba/Desktop/Dem_ros2/install/dem_cpp_topic/share/dem_cpp_topic/hook/cmake_prefix_path.sh'
[0.306s] Level 1:colcon.colcon_core.environment:checking '/home/baba/Desktop/Dem_ros2/install/dem_cpp_topic/lib'
[0.306s] Level 1:colcon.colcon_core.environment:checking '/home/baba/Desktop/Dem_ros2/install/dem_cpp_topic/bin'
[0.306s] Level 1:colcon.colcon_core.environment:checking '/home/baba/Desktop/Dem_ros2/install/dem_cpp_topic/lib/pkgconfig/dem_cpp_topic.pc'
[0.306s] Level 1:colcon.colcon_core.environment:checking '/home/baba/Desktop/Dem_ros2/install/dem_cpp_topic/lib/python3.10/site-packages'
[0.306s] Level 1:colcon.colcon_core.environment:checking '/home/baba/Desktop/Dem_ros2/install/dem_cpp_topic/bin'
[0.306s] INFO:colcon.colcon_core.shell:Creating package script '/home/baba/Desktop/Dem_ros2/install/dem_cpp_topic/share/dem_cpp_topic/package.ps1'
[0.306s] INFO:colcon.colcon_core.shell:Creating package descriptor '/home/baba/Desktop/Dem_ros2/install/dem_cpp_topic/share/dem_cpp_topic/package.dsv'
[0.307s] INFO:colcon.colcon_core.shell:Creating package script '/home/baba/Desktop/Dem_ros2/install/dem_cpp_topic/share/dem_cpp_topic/package.sh'
[0.308s] INFO:colcon.colcon_core.shell:Creating package script '/home/baba/Desktop/Dem_ros2/install/dem_cpp_topic/share/dem_cpp_topic/package.bash'
[0.308s] INFO:colcon.colcon_core.shell:Creating package script '/home/baba/Desktop/Dem_ros2/install/dem_cpp_topic/share/dem_cpp_topic/package.zsh'
[0.308s] Level 1:colcon.colcon_core.environment:create_file_with_runtime_dependencies(/home/baba/Desktop/Dem_ros2/install/dem_cpp_topic/share/colcon-core/packages/dem_cpp_topic)
[0.310s] Level 1:colcon.colcon_core.environment:create_environment_scripts_only(dem_cpp_pkg)
[0.310s] Level 1:colcon.colcon_core.environment:checking '/home/baba/Desktop/Dem_ros2/install/dem_cpp_pkg' for CMake module files
[0.310s] DEBUG:colcon.colcon_core.event_handler.log_command:Invoked command in '/home/baba/Desktop/Dem_ros2/build/dem_cpp_pkg' returned '0': CMAKE_PREFIX_PATH=${CMAKE_PREFIX_PATH}:/opt/ros/humble /usr/bin/cmake --install /home/baba/Desktop/Dem_ros2/build/dem_cpp_pkg
[0.311s] Level 1:colcon.colcon_core.environment:checking '/home/baba/Desktop/Dem_ros2/install/dem_cpp_pkg' for CMake config files
[0.311s] Level 1:colcon.colcon_core.shell:create_environment_hook('dem_cpp_pkg', 'cmake_prefix_path')
[0.311s] INFO:colcon.colcon_core.shell:Creating environment hook '/home/baba/Desktop/Dem_ros2/install/dem_cpp_pkg/share/dem_cpp_pkg/hook/cmake_prefix_path.ps1'
[0.311s] INFO:colcon.colcon_core.shell:Creating environment descriptor '/home/baba/Desktop/Dem_ros2/install/dem_cpp_pkg/share/dem_cpp_pkg/hook/cmake_prefix_path.dsv'
[0.312s] INFO:colcon.colcon_core.shell:Creating environment hook '/home/baba/Desktop/Dem_ros2/install/dem_cpp_pkg/share/dem_cpp_pkg/hook/cmake_prefix_path.sh'
[0.312s] Level 1:colcon.colcon_core.environment:checking '/home/baba/Desktop/Dem_ros2/install/dem_cpp_pkg/lib'
[0.312s] Level 1:colcon.colcon_core.environment:checking '/home/baba/Desktop/Dem_ros2/install/dem_cpp_pkg/bin'
[0.312s] Level 1:colcon.colcon_core.environment:checking '/home/baba/Desktop/Dem_ros2/install/dem_cpp_pkg/lib/pkgconfig/dem_cpp_pkg.pc'
[0.313s] Level 1:colcon.colcon_core.environment:checking '/home/baba/Desktop/Dem_ros2/install/dem_cpp_pkg/lib/python3.10/site-packages'
[0.313s] Level 1:colcon.colcon_core.environment:checking '/home/baba/Desktop/Dem_ros2/install/dem_cpp_pkg/bin'
[0.313s] INFO:colcon.colcon_core.shell:Creating package script '/home/baba/Desktop/Dem_ros2/install/dem_cpp_pkg/share/dem_cpp_pkg/package.ps1'
[0.313s] INFO:colcon.colcon_core.shell:Creating package descriptor '/home/baba/Desktop/Dem_ros2/install/dem_cpp_pkg/share/dem_cpp_pkg/package.dsv'
[0.314s] INFO:colcon.colcon_core.shell:Creating package script '/home/baba/Desktop/Dem_ros2/install/dem_cpp_pkg/share/dem_cpp_pkg/package.sh'
[0.314s] INFO:colcon.colcon_core.shell:Creating package script '/home/baba/Desktop/Dem_ros2/install/dem_cpp_pkg/share/dem_cpp_pkg/package.bash'
[0.314s] INFO:colcon.colcon_core.shell:Creating package script '/home/baba/Desktop/Dem_ros2/install/dem_cpp_pkg/share/dem_cpp_pkg/package.zsh'
[0.315s] Level 1:colcon.colcon_core.environment:create_file_with_runtime_dependencies(/home/baba/Desktop/Dem_ros2/install/dem_cpp_pkg/share/colcon-core/packages/dem_cpp_pkg)
[0.315s] Level 1:colcon.colcon_core.environment:create_environment_scripts_only(dem_cpp_pkg)
[0.315s] Level 1:colcon.colcon_core.environment:checking '/home/baba/Desktop/Dem_ros2/install/dem_cpp_pkg' for CMake module files
[0.315s] Level 1:colcon.colcon_core.environment:checking '/home/baba/Desktop/Dem_ros2/install/dem_cpp_pkg' for CMake config files
[0.315s] Level 1:colcon.colcon_core.shell:create_environment_hook('dem_cpp_pkg', 'cmake_prefix_path')
[0.316s] INFO:colcon.colcon_core.shell:Creating environment hook '/home/baba/Desktop/Dem_ros2/install/dem_cpp_pkg/share/dem_cpp_pkg/hook/cmake_prefix_path.ps1'
[0.316s] INFO:colcon.colcon_core.shell:Creating environment descriptor '/home/baba/Desktop/Dem_ros2/install/dem_cpp_pkg/share/dem_cpp_pkg/hook/cmake_prefix_path.dsv'
[0.316s] INFO:colcon.colcon_core.shell:Creating environment hook '/home/baba/Desktop/Dem_ros2/install/dem_cpp_pkg/share/dem_cpp_pkg/hook/cmake_prefix_path.sh'
[0.317s] Level 1:colcon.colcon_core.environment:checking '/home/baba/Desktop/Dem_ros2/install/dem_cpp_pkg/lib'
[0.317s] Level 1:colcon.colcon_core.environment:checking '/home/baba/Desktop/Dem_ros2/install/dem_cpp_pkg/bin'
[0.317s] Level 1:colcon.colcon_core.environment:checking '/home/baba/Desktop/Dem_ros2/install/dem_cpp_pkg/lib/pkgconfig/dem_cpp_pkg.pc'
[0.317s] Level 1:colcon.colcon_core.environment:checking '/home/baba/Desktop/Dem_ros2/install/dem_cpp_pkg/lib/python3.10/site-packages'
[0.317s] Level 1:colcon.colcon_core.environment:checking '/home/baba/Desktop/Dem_ros2/install/dem_cpp_pkg/bin'
[0.317s] INFO:colcon.colcon_core.shell:Creating package script '/home/baba/Desktop/Dem_ros2/install/dem_cpp_pkg/share/dem_cpp_pkg/package.ps1'
[0.318s] INFO:colcon.colcon_core.shell:Creating package descriptor '/home/baba/Desktop/Dem_ros2/install/dem_cpp_pkg/share/dem_cpp_pkg/package.dsv'
[0.318s] INFO:colcon.colcon_core.shell:Creating package script '/home/baba/Desktop/Dem_ros2/install/dem_cpp_pkg/share/dem_cpp_pkg/package.sh'
[0.319s] INFO:colcon.colcon_core.shell:Creating package script '/home/baba/Desktop/Dem_ros2/install/dem_cpp_pkg/share/dem_cpp_pkg/package.bash'
[0.319s] INFO:colcon.colcon_core.shell:Creating package script '/home/baba/Desktop/Dem_ros2/install/dem_cpp_pkg/share/dem_cpp_pkg/package.zsh'
[0.319s] Level 1:colcon.colcon_core.environment:create_file_with_runtime_dependencies(/home/baba/Desktop/Dem_ros2/install/dem_cpp_pkg/share/colcon-core/packages/dem_cpp_pkg)
[0.438s] DEBUG:colcon.colcon_core.event_handler.log_command:Invoked command in '/home/baba/Desktop/Dem_ros2/build/status_interfaces' returned '0': CMAKE_PREFIX_PATH=${CMAKE_PREFIX_PATH}:/opt/ros/humble /usr/bin/cmake --build /home/baba/Desktop/Dem_ros2/build/status_interfaces -- -j16 -l16
[0.440s] DEBUG:colcon.colcon_core.event_handler.log_command:Invoking command in '/home/baba/Desktop/Dem_ros2/build/status_interfaces': CMAKE_PREFIX_PATH=${CMAKE_PREFIX_PATH}:/opt/ros/humble /usr/bin/cmake --install /home/baba/Desktop/Dem_ros2/build/status_interfaces
[0.475s] Level 1:colcon.colcon_core.environment:create_environment_scripts_only(status_interfaces)
[0.475s] Level 1:colcon.colcon_core.environment:checking '/home/baba/Desktop/Dem_ros2/install/status_interfaces' for CMake module files
[0.477s] Level 1:colcon.colcon_core.environment:checking '/home/baba/Desktop/Dem_ros2/install/status_interfaces' for CMake config files
[0.478s] Level 1:colcon.colcon_core.shell:create_environment_hook('status_interfaces', 'cmake_prefix_path')
[0.478s] INFO:colcon.colcon_core.shell:Creating environment hook '/home/baba/Desktop/Dem_ros2/install/status_interfaces/share/status_interfaces/hook/cmake_prefix_path.ps1'
[0.479s] DEBUG:colcon.colcon_core.event_handler.log_command:Invoked command in '/home/baba/Desktop/Dem_ros2/build/status_interfaces' returned '0': CMAKE_PREFIX_PATH=${CMAKE_PREFIX_PATH}:/opt/ros/humble /usr/bin/cmake --install /home/baba/Desktop/Dem_ros2/build/status_interfaces
[0.479s] INFO:colcon.colcon_core.shell:Creating environment descriptor '/home/baba/Desktop/Dem_ros2/install/status_interfaces/share/status_interfaces/hook/cmake_prefix_path.dsv'
[0.479s] INFO:colcon.colcon_core.shell:Creating environment hook '/home/baba/Desktop/Dem_ros2/install/status_interfaces/share/status_interfaces/hook/cmake_prefix_path.sh'
[0.480s] Level 1:colcon.colcon_core.environment:checking '/home/baba/Desktop/Dem_ros2/install/status_interfaces/lib'
[0.480s] Level 1:colcon.colcon_core.shell:create_environment_hook('status_interfaces', 'ld_library_path_lib')
[0.480s] INFO:colcon.colcon_core.shell:Creating environment hook '/home/baba/Desktop/Dem_ros2/install/status_interfaces/share/status_interfaces/hook/ld_library_path_lib.ps1'
[0.480s] INFO:colcon.colcon_core.shell:Creating environment descriptor '/home/baba/Desktop/Dem_ros2/install/status_interfaces/share/status_interfaces/hook/ld_library_path_lib.dsv'
[0.481s] INFO:colcon.colcon_core.shell:Creating environment hook '/home/baba/Desktop/Dem_ros2/install/status_interfaces/share/status_interfaces/hook/ld_library_path_lib.sh'
[0.481s] Level 1:colcon.colcon_core.environment:checking '/home/baba/Desktop/Dem_ros2/install/status_interfaces/bin'
[0.481s] Level 1:colcon.colcon_core.environment:checking '/home/baba/Desktop/Dem_ros2/install/status_interfaces/lib/pkgconfig/status_interfaces.pc'
[0.481s] Level 1:colcon.colcon_core.environment:checking '/home/baba/Desktop/Dem_ros2/install/status_interfaces/lib/python3.10/site-packages'
[0.482s] Level 1:colcon.colcon_core.environment:checking '/home/baba/Desktop/Dem_ros2/install/status_interfaces/bin'
[0.482s] INFO:colcon.colcon_core.shell:Creating package script '/home/baba/Desktop/Dem_ros2/install/status_interfaces/share/status_interfaces/package.ps1'
[0.482s] INFO:colcon.colcon_core.shell:Creating package descriptor '/home/baba/Desktop/Dem_ros2/install/status_interfaces/share/status_interfaces/package.dsv'
[0.483s] INFO:colcon.colcon_core.shell:Creating package script '/home/baba/Desktop/Dem_ros2/install/status_interfaces/share/status_interfaces/package.sh'
[0.483s] INFO:colcon.colcon_core.shell:Creating package script '/home/baba/Desktop/Dem_ros2/install/status_interfaces/share/status_interfaces/package.bash'
[0.483s] INFO:colcon.colcon_core.shell:Creating package script '/home/baba/Desktop/Dem_ros2/install/status_interfaces/share/status_interfaces/package.zsh'
[0.484s] Level 1:colcon.colcon_core.environment:create_file_with_runtime_dependencies(/home/baba/Desktop/Dem_ros2/install/status_interfaces/share/colcon-core/packages/status_interfaces)
[0.484s] Level 1:colcon.colcon_core.environment:create_environment_scripts_only(status_interfaces)
[0.484s] Level 1:colcon.colcon_core.environment:checking '/home/baba/Desktop/Dem_ros2/install/status_interfaces' for CMake module files
[0.485s] Level 1:colcon.colcon_core.environment:checking '/home/baba/Desktop/Dem_ros2/install/status_interfaces' for CMake config files
[0.485s] Level 1:colcon.colcon_core.shell:create_environment_hook('status_interfaces', 'cmake_prefix_path')
[0.485s] INFO:colcon.colcon_core.shell:Creating environment hook '/home/baba/Desktop/Dem_ros2/install/status_interfaces/share/status_interfaces/hook/cmake_prefix_path.ps1'
[0.485s] INFO:colcon.colcon_core.shell:Creating environment descriptor '/home/baba/Desktop/Dem_ros2/install/status_interfaces/share/status_interfaces/hook/cmake_prefix_path.dsv'
[0.486s] INFO:colcon.colcon_core.shell:Creating environment hook '/home/baba/Desktop/Dem_ros2/install/status_interfaces/share/status_interfaces/hook/cmake_prefix_path.sh'
[0.486s] Level 1:colcon.colcon_core.environment:checking '/home/baba/Desktop/Dem_ros2/install/status_interfaces/lib'
[0.486s] Level 1:colcon.colcon_core.shell:create_environment_hook('status_interfaces', 'ld_library_path_lib')
[0.486s] INFO:colcon.colcon_core.shell:Creating environment hook '/home/baba/Desktop/Dem_ros2/install/status_interfaces/share/status_interfaces/hook/ld_library_path_lib.ps1'
[0.487s] INFO:colcon.colcon_core.shell:Creating environment descriptor '/home/baba/Desktop/Dem_ros2/install/status_interfaces/share/status_interfaces/hook/ld_library_path_lib.dsv'
[0.487s] INFO:colcon.colcon_core.shell:Creating environment hook '/home/baba/Desktop/Dem_ros2/install/status_interfaces/share/status_interfaces/hook/ld_library_path_lib.sh'
[0.487s] Level 1:colcon.colcon_core.environment:checking '/home/baba/Desktop/Dem_ros2/install/status_interfaces/bin'
[0.487s] Level 1:colcon.colcon_core.environment:checking '/home/baba/Desktop/Dem_ros2/install/status_interfaces/lib/pkgconfig/status_interfaces.pc'
[0.487s] Level 1:colcon.colcon_core.environment:checking '/home/baba/Desktop/Dem_ros2/install/status_interfaces/lib/python3.10/site-packages'
[0.487s] Level 1:colcon.colcon_core.environment:checking '/home/baba/Desktop/Dem_ros2/install/status_interfaces/bin'
[0.488s] INFO:colcon.colcon_core.shell:Creating package script '/home/baba/Desktop/Dem_ros2/install/status_interfaces/share/status_interfaces/package.ps1'
[0.488s] INFO:colcon.colcon_core.shell:Creating package descriptor '/home/baba/Desktop/Dem_ros2/install/status_interfaces/share/status_interfaces/package.dsv'
[0.488s] INFO:colcon.colcon_core.shell:Creating package script '/home/baba/Desktop/Dem_ros2/install/status_interfaces/share/status_interfaces/package.sh'
[0.489s] INFO:colcon.colcon_core.shell:Creating package script '/home/baba/Desktop/Dem_ros2/install/status_interfaces/share/status_interfaces/package.bash'
[0.489s] INFO:colcon.colcon_core.shell:Creating package script '/home/baba/Desktop/Dem_ros2/install/status_interfaces/share/status_interfaces/package.zsh'
[0.489s] Level 1:colcon.colcon_core.environment:create_file_with_runtime_dependencies(/home/baba/Desktop/Dem_ros2/install/status_interfaces/share/colcon-core/packages/status_interfaces)
[0.490s] INFO:colcon.colcon_ros.task.ament_cmake.build:Building ROS package in '/home/baba/Desktop/Dem_ros2/src/status_display' with build type 'ament_cmake'
[0.490s] INFO:colcon.colcon_cmake.task.cmake.build:Building CMake package in '/home/baba/Desktop/Dem_ros2/src/status_display'
[0.490s] INFO:colcon.colcon_core.shell:Skip shell extension 'powershell' for command environment: Not usable outside of PowerShell
[0.490s] DEBUG:colcon.colcon_core.shell:Skip shell extension 'dsv' for command environment
[0.499s] DEBUG:colcon.colcon_core.event_handler.log_command:Invoking command in '/home/baba/Desktop/Dem_ros2/build/status_display': CMAKE_PREFIX_PATH=/home/baba/Desktop/Dem_ros2/install/status_interfaces:/home/baba/Desktop/Dem_ros2/install/status_display:/home/baba/Desktop/Dem_ros2/install/dem_cpp_topic:/home/baba/Desktop/Dem_ros2/install/dem_cpp_pkg:/opt/ros/humble /usr/bin/cmake --build /home/baba/Desktop/Dem_ros2/build/status_display -- -j16 -l16
[0.543s] DEBUG:colcon.colcon_core.event_handler.log_command:Invoked command in '/home/baba/Desktop/Dem_ros2/build/status_display' returned '0': CMAKE_PREFIX_PATH=/home/baba/Desktop/Dem_ros2/install/status_interfaces:/home/baba/Desktop/Dem_ros2/install/status_display:/home/baba/Desktop/Dem_ros2/install/dem_cpp_topic:/home/baba/Desktop/Dem_ros2/install/dem_cpp_pkg:/opt/ros/humble /usr/bin/cmake --build /home/baba/Desktop/Dem_ros2/build/status_display -- -j16 -l16
[0.543s] DEBUG:colcon.colcon_core.event_handler.log_command:Invoking command in '/home/baba/Desktop/Dem_ros2/build/status_display': CMAKE_PREFIX_PATH=/home/baba/Desktop/Dem_ros2/install/status_interfaces:/home/baba/Desktop/Dem_ros2/install/status_display:/home/baba/Desktop/Dem_ros2/install/dem_cpp_topic:/home/baba/Desktop/Dem_ros2/install/dem_cpp_pkg:/opt/ros/humble /usr/bin/cmake --install /home/baba/Desktop/Dem_ros2/build/status_display
[0.551s] Level 1:colcon.colcon_core.environment:create_environment_scripts_only(status_display)
[0.551s] Level 1:colcon.colcon_core.environment:checking '/home/baba/Desktop/Dem_ros2/install/status_display' for CMake module files
[0.553s] DEBUG:colcon.colcon_core.event_handler.log_command:Invoked command in '/home/baba/Desktop/Dem_ros2/build/status_display' returned '0': CMAKE_PREFIX_PATH=/home/baba/Desktop/Dem_ros2/install/status_interfaces:/home/baba/Desktop/Dem_ros2/install/status_display:/home/baba/Desktop/Dem_ros2/install/dem_cpp_topic:/home/baba/Desktop/Dem_ros2/install/dem_cpp_pkg:/opt/ros/humble /usr/bin/cmake --install /home/baba/Desktop/Dem_ros2/build/status_display
[0.553s] Level 1:colcon.colcon_core.environment:checking '/home/baba/Desktop/Dem_ros2/install/status_display' for CMake config files
[0.554s] Level 1:colcon.colcon_core.shell:create_environment_hook('status_display', 'cmake_prefix_path')
[0.554s] INFO:colcon.colcon_core.shell:Creating environment hook '/home/baba/Desktop/Dem_ros2/install/status_display/share/status_display/hook/cmake_prefix_path.ps1'
[0.555s] INFO:colcon.colcon_core.shell:Creating environment descriptor '/home/baba/Desktop/Dem_ros2/install/status_display/share/status_display/hook/cmake_prefix_path.dsv'
[0.555s] INFO:colcon.colcon_core.shell:Creating environment hook '/home/baba/Desktop/Dem_ros2/install/status_display/share/status_display/hook/cmake_prefix_path.sh'
[0.556s] Level 1:colcon.colcon_core.environment:checking '/home/baba/Desktop/Dem_ros2/install/status_display/lib'
[0.557s] Level 1:colcon.colcon_core.environment:checking '/home/baba/Desktop/Dem_ros2/install/status_display/bin'
[0.557s] Level 1:colcon.colcon_core.environment:checking '/home/baba/Desktop/Dem_ros2/install/status_display/lib/pkgconfig/status_display.pc'
[0.557s] Level 1:colcon.colcon_core.environment:checking '/home/baba/Desktop/Dem_ros2/install/status_display/lib/python3.10/site-packages'
[0.557s] Level 1:colcon.colcon_core.environment:checking '/home/baba/Desktop/Dem_ros2/install/status_display/bin'
[0.557s] INFO:colcon.colcon_core.shell:Creating package script '/home/baba/Desktop/Dem_ros2/install/status_display/share/status_display/package.ps1'
[0.558s] INFO:colcon.colcon_core.shell:Creating package descriptor '/home/baba/Desktop/Dem_ros2/install/status_display/share/status_display/package.dsv'
[0.558s] INFO:colcon.colcon_core.shell:Creating package script '/home/baba/Desktop/Dem_ros2/install/status_display/share/status_display/package.sh'
[0.559s] INFO:colcon.colcon_core.shell:Creating package script '/home/baba/Desktop/Dem_ros2/install/status_display/share/status_display/package.bash'
[0.559s] INFO:colcon.colcon_core.shell:Creating package script '/home/baba/Desktop/Dem_ros2/install/status_display/share/status_display/package.zsh'
[0.560s] Level 1:colcon.colcon_core.environment:create_file_with_runtime_dependencies(/home/baba/Desktop/Dem_ros2/install/status_display/share/colcon-core/packages/status_display)
[0.561s] Level 1:colcon.colcon_core.environment:create_environment_scripts_only(status_display)
[0.561s] Level 1:colcon.colcon_core.environment:checking '/home/baba/Desktop/Dem_ros2/install/status_display' for CMake module files
[0.562s] Level 1:colcon.colcon_core.environment:checking '/home/baba/Desktop/Dem_ros2/install/status_display' for CMake config files
[0.562s] Level 1:colcon.colcon_core.shell:create_environment_hook('status_display', 'cmake_prefix_path')
[0.562s] INFO:colcon.colcon_core.shell:Creating environment hook '/home/baba/Desktop/Dem_ros2/install/status_display/share/status_display/hook/cmake_prefix_path.ps1'
[0.563s] INFO:colcon.colcon_core.shell:Creating environment descriptor '/home/baba/Desktop/Dem_ros2/install/status_display/share/status_display/hook/cmake_prefix_path.dsv'
[0.564s] INFO:colcon.colcon_core.shell:Creating environment hook '/home/baba/Desktop/Dem_ros2/install/status_display/share/status_display/hook/cmake_prefix_path.sh'
[0.565s] Level 1:colcon.colcon_core.environment:checking '/home/baba/Desktop/Dem_ros2/install/status_display/lib'
[0.565s] Level 1:colcon.colcon_core.environment:checking '/home/baba/Desktop/Dem_ros2/install/status_display/bin'
[0.565s] Level 1:colcon.colcon_core.environment:checking '/home/baba/Desktop/Dem_ros2/install/status_display/lib/pkgconfig/status_display.pc'
[0.565s] Level 1:colcon.colcon_core.environment:checking '/home/baba/Desktop/Dem_ros2/install/status_display/lib/python3.10/site-packages'
[0.566s] Level 1:colcon.colcon_core.environment:checking '/home/baba/Desktop/Dem_ros2/install/status_display/bin'
[0.566s] INFO:colcon.colcon_core.shell:Creating package script '/home/baba/Desktop/Dem_ros2/install/status_display/share/status_display/package.ps1'
[0.567s] INFO:colcon.colcon_core.shell:Creating package descriptor '/home/baba/Desktop/Dem_ros2/install/status_display/share/status_display/package.dsv'
[0.567s] INFO:colcon.colcon_core.shell:Creating package script '/home/baba/Desktop/Dem_ros2/install/status_display/share/status_display/package.sh'
[0.568s] INFO:colcon.colcon_core.shell:Creating package script '/home/baba/Desktop/Dem_ros2/install/status_display/share/status_display/package.bash'
[0.569s] INFO:colcon.colcon_core.shell:Creating package script '/home/baba/Desktop/Dem_ros2/install/status_display/share/status_display/package.zsh'
[0.570s] Level 1:colcon.colcon_core.environment:create_file_with_runtime_dependencies(/home/baba/Desktop/Dem_ros2/install/status_display/share/colcon-core/packages/status_display)
[0.571s] DEBUG:colcon.colcon_parallel_executor.executor.parallel:closing loop
[0.571s] DEBUG:colcon.colcon_parallel_executor.executor.parallel:loop closed
[0.571s] DEBUG:colcon.colcon_parallel_executor.executor.parallel:run_until_complete finished with '0'
[0.571s] DEBUG:colcon.colcon_core.event_reactor:joining thread
[0.577s] INFO:colcon.colcon_core.plugin_system:Skipping extension 'colcon_notification.desktop_notification.terminal_notifier': Not used on non-Darwin systems
[0.577s] INFO:colcon.colcon_core.plugin_system:Skipping extension 'colcon_notification.desktop_notification.win32': Not used on non-Windows systems
[0.577s] INFO:colcon.colcon_notification.desktop_notification:Sending desktop notification using 'notify2'
[0.592s] DEBUG:colcon.colcon_core.event_reactor:joined thread
[0.592s] INFO:colcon.colcon_core.shell:Creating prefix script '/home/baba/Desktop/Dem_ros2/install/local_setup.ps1'
[0.593s] INFO:colcon.colcon_core.shell:Creating prefix util module '/home/baba/Desktop/Dem_ros2/install/_local_setup_util_ps1.py'
[0.594s] INFO:colcon.colcon_core.shell:Creating prefix chain script '/home/baba/Desktop/Dem_ros2/install/setup.ps1'
[0.595s] INFO:colcon.colcon_core.shell:Creating prefix script '/home/baba/Desktop/Dem_ros2/install/local_setup.sh'
[0.595s] INFO:colcon.colcon_core.shell:Creating prefix util module '/home/baba/Desktop/Dem_ros2/install/_local_setup_util_sh.py'
[0.596s] INFO:colcon.colcon_core.shell:Creating prefix chain script '/home/baba/Desktop/Dem_ros2/install/setup.sh'
[0.597s] INFO:colcon.colcon_core.shell:Creating prefix script '/home/baba/Desktop/Dem_ros2/install/local_setup.bash'
[0.597s] INFO:colcon.colcon_core.shell:Creating prefix chain script '/home/baba/Desktop/Dem_ros2/install/setup.bash'
[0.598s] INFO:colcon.colcon_core.shell:Creating prefix script '/home/baba/Desktop/Dem_ros2/install/local_setup.zsh'
[0.599s] INFO:colcon.colcon_core.shell:Creating prefix chain script '/home/baba/Desktop/Dem_ros2/install/setup.zsh'
